750
22
775
906
48
935
367
302
505
63
777
179
905
211
87
228
467
815
728
277
361
778
332
416
596
567
23
962
648
292
819
679
592
954
886
457
267
692
772
729
812
629
109
820
864
997
998
761
479
50
745
451
406
508
574
807
502
623
397
950
889
316
736
301
488
914
81
450
281
56
987
272
561
275
533
899
239
9
509
557
799
265
70
456
28
507
430
333
429
550
733
364
644
309
536
497
230
606
13
485
921
821
893
347
98
140
136
17
387
3
576
62
718
254
196
436
969
593
732
283
746
106
541
942
166
296
667
145
768
944
193
994
141
159
370
404
546
203
627
723
499
532
877
260
767
867
520
284
340
604
713
255
247
671
776
655
127
217
734
92
688
258
348
611
741
219
278
299
276
992
641
110
187
569
645
652
5
939
526
614
176
132
334
356
933
989
831
802
575
970
870
663
907
725
472
261
924
89
446
19
896
936
551
951
570
241
712
908
391
360
473
412
584
435
268
516
4
167
790
362
923
439
103
286
78
811
755
184
672
483
154
411
148
245
210
539
423
756
121
201
724
189
202
468
216
298
754
926
647
500
640
538
863
849
964
605
41
433
34
314
90
197
654
865
669
827
300
393
859
460
823
844
948
120
638
706
836
225
305
826
38
208
852
480
222
514
869
453
966
875
757
220
771
560
462
707
786
374
349
739
319
491
75
616
971
978
722
328
7
963
779
895
420
209
680
642
178
279
704
174
240
843
822
742
233
358
35
549
874
164
311
326
25
602
29
342
39
649
313
531
559
477
33
597
45
421
125
24
727
613
400
293
938
925
112
369
690
389
448
682
43
14
229
317
357
312
803
764
463
83
860
21
381
848
785
186
294
442
842
555
986
396
658
780
73
931
354
983
77
626
830
594
378
320
913
107
694
854
379
687
380
530
1
677
515
959
323
135
16
829
878
325
708
839
791
591
139
113
287
181
730
308
747
678
693
887
588
784
766
890
493
100
74
639
880
922
377
232
900
804
122
855
282
149
425
440
719
111
486
792
787
519
235
845
650
489
738
975
646
205
809
351
556
431
888
702
303
506
315
212
851
194
504
329
972
441
352
540
346
60
955
565
11
251
743
656
213
621
274
42
976
917
748
142
177
610
850
170
192
691
554
388 475
115 808
188 534
716 991
982 789
481 590
44 105
153 344
760 816
993 542
415 753
995 64
657 289
806 123
521 832
91 40
169 612
455 545
339 861
461 409
631 102
684 116
327 386
49 643
482 769
224 484
858 200
881 617
198 80
470 503
8 524
603 195
93 957
796 341
661 262
118 635
26 673
474 862
168 338
847 487
407 297
94 710
383 273
417 215
720 434
697 932
494 585
124 653
525 101
51 833
243 676
353 97
828 543
737 231
813 134
609 76
321 214
837 182
835 579
444 498
795 705
735 695
765 447
840 108
947 622
355 392
163 883
846 157
204 714
459 920
146 242
12 438
162 27
619 221
478 469
237 257
67 929
285 31
264 165
385 199
427 901
675 57
628 428
88 589
2 872
71 449
372 717
595 759
529 345
133 564
410 943
155 758
96 973
668 6
350 897
85 495
513 911
984 945
615 55
701 968
740 117
382 256
61 825
894 577
664 126
586 218
259 114
424 511
960 147
793 600
371 535
958 941
794 464
522 857
599 659
752 501
144 271
270 401
637 571
180 398
651 419
528 52
670 912
800 726
408 227
405 956
937 137
866 152
624 838
510 814
138 128
490 248
59 234
715 143
781 985
172 226
295 953
587 15
236 413
751 517
620 394
841 572
130 331
336 253
763 119
150 36
562 553
853 681
375 183
891 930
582 20
414 980
65 660
84 496
290 873
458 996
0 131
928 711
573 934
988 238
563 156
452 544
703 306
249 783
99 30
82 834
151 343
432 53
95 395
175 330
307 689
721 696
744 443
263 909
246 965
37 548
18 632
547 363
607 662
817 185
266 618
686 583
898 492
630 967
72 810
171 46
797 47
915 885
581 368
86 919
949 731
104 773
337 999
903 868
805 161
476 824
454 288
173 818
244 798
927 437
445 304
774 418
54 252
876 359
206 426
69 523
674 291
518 636
558 750
365 324
977 158
683 952
537 882
974 788
990 10
940 598
601 700
580 633
910 770
892 946
422 403
801 552
749 66
335 402
190 879
129 512
634 68
32 373
979 471
465 568
685 322
961 310
918 390
981 625
318 884
280 566
79 223
250 58
466 856
762 916
698 399
366 699
160 902
665 709
384 269
207 782
666 527
578 376
904 608
871 191