5 0 144 5 58 251
3 296 217 55
5 216 150 158 182 286
5 85 38 90 14 134
4 180 27 20 165
3 33 207 151
3 249 223 198
5 167 171 42 115 247
3 116 160 69
3 212 98 51
5 75 193 232 235 9
2 54 106
3 259 73 84
3 148 209 142
4 87 284 292 263
3 275 29 233
4 41 102 109 173
5 108 187 83 40 222
4 294 185 35 122
3 164 237 153
4 88 113 268 192
4 162 16 65 229
5 103 24 287 86 231
3 260 140 132
4 80 25 23 225
3 290 177 97
5 133 202 139 53 211
3 213 283 175
3 156 190 130
2 15 256
2 127 154
2 203 206
4 159 295 81 37
3 136 236 30
4 72 44 266 195
2 285 71
3 95 138 46
3 276 6 274
3 246 170 123
4 273 298 255 100
4 7 119 36 168
2 18 208
3 282 22 47
3 63 191 49
3 218 3 252
3 4 243 240
2 161 155
3 62 197 178
5 137 61 264 234 291
3 227 258 297
2 271 279
3 214 269 169
3 13 131 17
2 224 288
2 121 293
2 96 262
2 174 94
3 21 147 278
3 50 250 220
3 10 32 166
3 74 114 149
3 39 124 66
3 146 93 2
3 111 31 210
4 92 128 248 99
4 60 181 172 270
3 200 141 299
2 245 272
2 112 179
2 79 104
3 105 78 261
3 57 76 52
3 129 254 289
3 89 238 120
3 226 219 183
2 68 215
3 110 28 1
2 239 257
2 204 176
2 205 117
2 244 43
2 241 67
3 201 45 221
2 11 135
2 163 77
2 196 194
3 125 59 280
4 188 70 26 199
2 265 267
2 107 152
5 82 118 34 64 184
2 281 126
2 157 189
2 91 228
1 242
3 19 253 143
1 12
2 48 186
2 277 145
4 101 8 56 230