11 6277 1384 6208 7785 5452 7907 8567 9201 6354 1185 288
14 6689 610 8484 3866 3615 8273 8244 350 1011 9895 9683 4315 6032 417
11 4618 8458 3947 8348 3031 1876 9049 5272 9690 818 391
13 1776 5875 1518 1106 6344 8103 4368 4191 1172 6841 7776 5798 303
14 6002 61 4200 4782 9645 7715 8963 8881 1163 2752 1153 6010 9642 529
8 6263 6189 2573 6104 8202 5460 2253 445
13 5934 9216 7704 8040 4957 1476 7024 5270 2136 1129 8433 3749 356
13 3307 7640 6455 4673 802 2076 3597 6600 7089 8364 5749 1788 329
13 1560 4536 6924 4558 1686 9612 9358 6249 3558 9154 7951 3522 69
12 8477 8290 8254 4024 8018 2125 8927 7675 5797 1726 2490 45
8 9847 6361 1564 3885 2771 9287 8304 475
12 9313 8204 5948 4920 5584 5835 4009 5320 1385 9600 2816 243
12 6670 7156 8328 9657 9062 5768 3455 5414 7283 5659 9025 579
9 1135 1 2359 5705 7844 2617 1848 7289 543
13 5970 2507 6192 1667 3909 1317 7974 9518 4178 1621 5150 5474 245
14 4758 2714 7580 4880 5679 4734 859 7439 2533 4952 5935 302 2280 96
14 4058 4873 3092 6270 3261 9001 999 9966 9088 3488 2908 4883 8019 467
13 4078 1794 6200 1245 6719 8743 7094 5339 270 8685 9977 3480 499
12 7463 3540 9636 5054 2665 2557 1322 3662 8076 3804 1304 400
11 5769 1664 874 6425 1292 78 9312 4492 2080 8091 452
13 549 2828 7846 1684 7729 4457 5754 1829 4670 2905 1327 5854 250
12 4008 3410 4196 98 7643 5619 4055 534 7851 8269 5676 128
13 7929 3988 8104 5377 3082 8981 6443 6682 9798 4719 2746 7597 184
11 2247 3579 6563 1631 9908 914 1925 1085 2027 7157 650
13 5885 3697 8629 267 1166 2631 8381 8839 7481 5752 4040 3043 469
9 6663 157 1372 7086 9742 2374 6727 3560 4
13 8731 8509 3170 9640 9118 106 8775 6869 7639 7739 5147 3631 620
11 9563 7864 4202 6346 8598 8242 2030 8276 5138 7395 374
13 9679 6418 3758 9634 5238 1979 8533 2389 5722 7938 6465 7641 247
13 2735 3444 5213 6239 5352 9972 8288 7718 7590 7756 204 6177 85
13 9752 6139 4624 127 5076 1395 9086 3890 1594 7073 1093 2609 279
11 5341 5698 9064 2602 3079 2204 7997 2529 7888 5362 401
13 9619 8086 1218 9832 2095 8764 525 4182 9599 8275 790 3110 642
11 713 3249 720 5366 2612 1236 3234 8704 2750 2165 100
14 5300 1528 5727 9874 3054 286 8562 7781 3374 7291 1483 6878 58 154
12 2465 4059 3368 4786 3505 9534 7976 2363 6311 5825 3543 213
9 8670 7239 9624 2148 6079 9126 1661 690 123
12 5335 7088 8566 2031 2035 6678 1136 8349 1849 3349 5311 211
10 187 3655 1142 4541 538 5597 781 4108 73 130
11 8950 2690 1913 2128 3854 5274 3132 8913 8611 1923 641
12 4525 8787 6352 5169 2034 6522 3519 8561 7954 2606 70 459
13 672 7911 902 5957 9710 584 776 4082 9509 8570 7242 2509 506
10 3696 4403 8259 7817 4732 1765 3350 3702 4054 67
11 3149 8587 4511 5626 4123 1638 3613 7969 3440 6258 619
10 7013 5621 5221 4692 3628 5319 5177 6390 5435 72
8 541 1113 306 4971 3633 455 5547 200
13 5860 1852 2382 3366 2884 2607 2189 7721 6499 8572 6717 5731 577
11 8640 2603 5369 4587 509 2636 4419 6935 4783 9243 66
13 6466 4687 2198 9485 9458 7142 4845 8920 5916 1173 6148 437 376
10 8890 611 3829 5122 1824 1950 8880 7350 6461 208
11 5868 6502 2896 4477 215 2595 8528 3771 3274 1425 602
10 9799 6756 9135 2045 5329 9193 888 1990 4142 246
10 9504 2409 121 4518 7538 7518 2067 4324 4189 193
13 7561 1323 4867 7698 7633 1008 26 5696 411 8923 5661 8001 539
11 3817 9901 2518 5952 8904 2749 2371 5788 1881 6368 377
11 2519 9820 965 5228 7339 238 6400 3642 3125 5647 424
12 4150 4208 5996 5036 4498 4067 4974 1712 5461 6964 4446 421
13 3090 3276 47 1281 6062 5247 2994 2911 1732 8441 9507 9227 483
12 7657 1978 3424 2537 952 9826 967 4175 6371 3713 5599 405
11 6815 5710 9487 294 3592 6176 5542 2096 9909 5376 125
13 3167 2899 4246 1355 9228 5941 4660 8387 8061 8139 9451 7568 564
12 4855 6913 8440 8037 118 2400 2433 5873 6828 1663 5855 553
9 4090 6269 109 476 4747 747 54 3928 440
12 1005 5112 3875 1601 8116 8109 4993 3344 1242 9115 2210 530
10 9979 2538 5189 2997 1365 1772 8017 6586 1987 62
12 1097 7229 1260 2178 254 4701 9943 2334 3941 8305 3254 227
11 2384 7337 3843 3924 7192 2487 8663 7955 9876 170 430
9 2695 5480 7918 1025 8230 7930 1699 5179 139
11 6381 5393 9575 5622 3075 9428 8905 9308 8929 8625 99
10 7401 2642 6398 4559 7100 5333 143 1619 3863 38
13 5324 2774 5466 7386 30 8692 5984 1623 1821 6520 6606 616 515
15 6822 9581 2523 8464 6173 8500 2063 4881 6431 5898 5842 9501 1633 3679 300
7 29 2738 9927 8638 6667 7202 104
11 9707 5402 5540 8353 8097 3905 7720 6773 5399 6136 233
12 375 7186 1773 4016 2054 1337 9862 3504 9953 3792 6051 223
12 2061 315 5303 7532 7178 3399 7400 706 2098 7087 1191 427
7 4601 1784 5214 908 4796 492 253
11 3629 3160 6446 3981 9955 4025 3730 1156 7833 5398 545
12 8175 920 3148 3403 6648 5564 9302 5463 7980 5669 1878 308
10 1833 2079 326 595 4340 2269 1107 264 5745 277
5 3008 3208 4887 6610 15
12 7965 3311 6420 3038 2362 576 201 2158 9047 5348 4556 260
12 9283 6951 2852 3874 6396 7571 1616 2878 4728 8959 1562 373
13 1066 585 457 8796 7636 3930 5278 4382 2454 8676 4041 3128 357
11 6198 8548 4405 7387 3308 6436 4634 7625 5346 5895 172
11 113 8323 2216 115 1736 5384 8966 450 418 9146 385
12 3055 5218 5748 6261 4798 1709 134 7302 9726 265 2307 138
13 1757 7114 5541 7276 9896 2137 6823 5168 995 7044 6955 4203 342
11 7861 9733 4863 3818 4089 386 8221 7185 9178 2540 231
11 8310 3354 1460 9438 613 3412 1091 2865 8070 1718 612
11 55 4387 3717 5951 9607 8153 7032 5144 9058 7476 358
12 622 2426 1252 7479 7924 1383 1654 8677 6194 2843 587 425
8 423 8965 8151 9239 124 7348 820 18
11 4309 6115 3459 2041 1259 9919 4165 5707 6933 6731 25
11 7119 2957 6842 2776 7274 3595 1696 8558 4925 1009 618
8 6961 2536 9628 7096 6157 5071 9404 473
12 88 9888 4260 3565 6247 5630 2023 8778 2824 2342 6470 151
10 7109 9562 6301 3447 8565 8908 4180 2697 702 596
11 7040 5743 3680 8228 4211 5786 5456 8012 9703 1573 57
13 519 1024 933 6512 9158 8746 5640 6490 8405 5515 7228 707 186
9 8773 5732 4456 5512 3223 2704 4079 8278 237
8 7956 8967 9604 4341 9391 3835 1336 225
10 1105 9492 7697 8793 5625 7121 764 8451 8499 89
11 5717 5808 4137 2011 4550 1926 6543 6388 9217 9960 60
13 2720 3640 7867 4607 7562 9155 7454 3801 3206 6005 2326 7603 494
12 4494 7512 7870 2434 6178 1448 5401 4427 4545 8409 2610 453
11 8962 3245 318 313 2192 3293 1519 3158 9999 8596 309
12 3442 3910 8637 3789 9812 8935 8390 2367 446 8036 8712 354
12 8395 1489 9949 2753 9479 9571 9755 6626 9465 4509 3741 365
9 9140 1013 3108 3062 4714 3967 2528 8332 638
9 6541 4164 1233 9911 1740 8286 7450 7678 83
13 1040 19 3176 435 3290 890 7788 1763 1244 9007 9555 4049 387
12 9409 3104 1500 7663 81 3496 2340 6675 3244 5555 6559 367
13 4742 739 7379 2290 2164 6231 4715 8875 3301 6555 526 2130 502
12 2135 3651 5757 1647 546 5073 855 261 2853 6250 2172 63
11 5440 7927 1580 7256 7624 3010 2347 9145 5960 5896 415
12 5235 9090 1508 5690 2343 2923 1933 7168 750 2492 392 241
8 9003 9052 3833 767 6915 8807 6686 2
10 1724 4428 4065 163 4212 4237 1744 7696 5030 381
11 474 4635 4602 7425 2534 6733 7175 185 9883 3012 34
14 7499 3168 5954 6601 4497 7222 5041 8476 5893 3911 9296 2677 3887 557
11 3667 8073 7883 9248 6226 9437 3094 3644 5499 4013 339
11 2944 8835 4658 2160 1591 4265 9531 2028 1427 1374 239
11 5343 5746 4703 1676 5176 6774 7201 2579 2353 296 422
9 2571 6656 8158 8991 1509 281 1590 7581 3
12 8840 1630 6255 1902 9516 6146 1446 3048 2689 4181 7899 621
11 4098 2539 1949 2817 4871 5389 5035 1858 7054 8797 644
12 7475 1407 2455 6089 4244 490 9470 4438 5784 8507 5563 20
6 6031 7110 3277 9048 1293 626
8 4495 2166 9845 5091 7898 7358 6350 510
12 6900 9685 3512 3119 5914 4473 4097 132 6074 4968 3514 615
9 4071 9459 3099 5930 9417 5404 6994 590 429
10 2581 7382 7488 9480 7238 192 4504 2252 1809 362
12 8564 9012 5656 514 4235 9448 158 4005 8251 1642 8740 647
11 3869 5491 7102 6272 7305 4312 5840 7181 7051 7784 37
11 568 1609 3510 1352 7822 1389 3526 9854 593 7964 310
12 9976 3409 3191 120 7508 7402 42 548 1542 6867 2773 533
11 2869 4546 5017 9678 8494 235 8738 9932 8443 901 565
11 9325 1170 150 2323 4371 5767 8027 1577 49 2361 161
13 5222 7631 5158 6593 4965 9368 283 7800 5078 5776 4823 7219 627
11 219 8536 907 6905 434 8887 6310 2251 7813 3762 503
12 8708 6740 989 1886 9592 958 5412 2070 9336 1602 3588 263
12 8420 3333 697 9179 1325 4453 1982 1092 9931 3727 1966 574
13 1273 6329 9944 4930 969 4075 1566 4152 2987 6193 8384 5592 491
9 7468 977 3356 5098 2481 9648 4310 6073 305
11 6412 7638 657 2810 508 3235 4425 1268 269 5459 347
10 6321 2059 3210 333 1890 8495 1825 234 9374 527
13 2316 6164 4815 8530 6584 3127 7819 6224 8828 5588 8260 4695 144
11 1353 2626 2235 5088 9157 7978 2615 8411 9747 7001 334
11 768 9406 482 6357 9975 242 4945 4926 2223 3035 363
8 7227 7034 2437 9653 784 7027 3914 33
12 696 2436 5636 7323 2640 3750 1720 7725 8818 3422 7057 141
11 2008 9105 3124 8218 3323 5728 2258 8114 8891 1575 105
12 7435 7224 4869 9222 304 2943 3383 5468 8861 1579 7996 591
8 6252 9579 7221 6495 2936 2638 3000 17
12 8179 6404 5120 5642 2057 2144 6687 4751 4077 3687 9461 217
10 8758 640 2075 1787 3661 556 5884 4972 6348 412
12 3855 3546 8573 8831 369 3285 1786 9059 5354 8837 7374 345
8 2736 9639 1291 3577 4484 5121 1495 500
12 2883 2440 4205 1182 1541 3847 5068 8871 7390 6365 4865 645
9 6706 6044 8410 4318 1458 3070 2939 5531 600
9 719 559 4856 5778 1730 79 9198 9311 119
11 5086 3990 4836 7642 7680 6542 7753 8986 4861 8463 272
11 3578 8998 516 7560 6692 7854 5331 8964 4735 4951 637
13 7957 4214 3029 951 832 5844 6866 5157 6315 4333 7154 8232 325
9 1515 6752 4011 6769 3809 7487 9956 5760 426
11 1867 1227 895 3117 4019 9542 3917 2002 36 8934 162
10 4948 2641 3602 3439 2407 8532 1538 7304 978 12
10 7711 4064 3232 6056 6622 3076 6766 3283 8943 487
11 957 5818 3783 2613 1531 4073 195 9399 8972 1645 501
12 372 7248 4007 7629 8627 2364 4936 9794 3287 6895 2410 588
12 4066 6877 4050 5124 3155 5919 2499 9760 3864 5812 5296 43
12 7928 9556 6771 7135 9073 7987 3150 9055 262 4501 2488 258
11 117 7325 3098 3511 7815 3516 2524 4760 5652 5988 212
10 789 4107 3338 7805 8446 1953 6637 3977 7241 142
11 9514 1512 2118 7668 1459 5470 973 6084 1086 7257 183
13 2432 2278 9137 9830 4806 5770 1905 8002 6489 9184 2961 6840 456
11 567 3317 4245 9900 1679 5104 4817 9069 1636 4399 497
12 5693 608 2635 454 4944 1468 5171 3407 4275 4252 6458 461
12 2559 3005 1955 7922 7466 1934 1296 8215 8006 3184 2618 240
6 6403 2591 7842 6323 9811 111
13 3607 9670 493 1430 189 2086 2452 3660 2890 7593 5130 176 485
8 4143 5387 3022 6336 3970 4471 6154 341
12 1209 8559 2026 9769 4986 1820 6423 220 6487 1149 107 397
12 580 166 7312 2900 3657 5155 3237 1056 1083 2671 4296 298
8 3555 9385 330 6081 7949 5561 1159 9
10 7849 2928 8504 7271 6339 632 1526 1901 8666 624
12 9305 9920 7000 607 1985 7542 8074 8969 4678 3419 2620 14
10 8878 3609 6253 322 8347 4765 5236 4337 44 606
11 2912 7020 7683 3940 8051 9384 4650 165 9887 5077 380
10 3321 1487 8289 6604 3955 8084 9601 1680 6445 319
12 2020 2006 7666 6638 5062 6680 6187 2650 2871 7517 5055 511
11 3918 9316 6474 4326 8186 7820 2757 1659 9181 3369 59
8 7799 7575 9644 7408 1216 2491 5198 102
7 5161 2335 3539 936 2830 805 327
10 203 8110 8026 1130 2700 2493 1437 9875 1439 521
12 1543 4781 2681 9871 2966 3767 964 5618 8845 6355 4286 218
10 1879 4830 1762 2025 3186 2876 416 5490 8046 39
9 1315 2531 8447 1331 2565 274 6810 1000 10
12 9187 6168 1175 1746 8540 5258 1214 1080 3950 3734 3665 348
8 8189 8024 9469 2404 826 2887 4023 389
12 8520 2401 4372 3532 2229 9162 4100 1238 8802 5685 5434 71
10 5245 3430 4250 7730 8064 7708 2267 7313 7670 80
9 2015 5344 4378 2719 75 4095 6568 6434 284
9 9449 3434 6883 5233 160 299 4308 3172 271
7 2917 9463 9045 6615 6744 6517 0
8 1563 6999 9533 8199 8859 7017 8490 639
8 3647 4862 366 7855 6890 6992 2914 472
7 7948 3507 3927 8633 4298 7489 191
9 3549 4984 1090 6021 6927 8164 1339 6753 582
12 7455 7428 6012 7216 862 153 6124 6934 8180 3698 9834 569
12 6916 1228 2780 5913 6416 3509 3630 5961 3872 1288 9545 359
8 2176 8523 7723 6691 3020 9921 6060 625
13 9393 394 9306 6034 6716 2769 3256 4674 3109 2902 6099 7881 420
11 24 6884 9804 881 7275 2370 2155 7388 623 4901 22
13 2429 5034 7380 8973 9028 9240 8107 6230 7396 3626 3836 9123 447
11 5027 2856 982 3896 8366 6014 3956 1552 3571 3126 312
11 741 6199 2333 4398 1420 3551 3059 7589 7307 4540 449
11 4842 6780 2838 9297 9375 4114 361 207 9067 879 91
13 6831 3197 9503 7172 6647 2191 8169 471 1927 9759 8717 3656 93
10 5304 6159 4613 3258 736 4442 925 5918 2133 146
10 6695 9246 5511 8245 2175 2834 8946 6289 5275 32
8 7716 3906 4357 441 4448 5419 630 371
13 6649 6123 6360 2967 5838 9074 126 2785 1089 3745 2993 5173 599
10 583 209 8034 6359 6306 8971 7038 9423 5467 648
12 677 1406 6567 5674 244 1464 5002 5118 205 2249 9614 629
10 2920 3596 3594 1859 6391 3525 2257 4401 8480 512
12 6901 6607 5500 5135 9844 4898 7371 664 3576 8607 1055 651
10 700 6485 5983 3536 3684 9099 5894 5545 6152 175
8 3049 4223 3936 1277 3033 1479 5485 407
11 5902 3138 5779 4400 5373 8741 336 573 9711 4568 353
9 1973 40 836 1851 9040 1225 5926 8838 338
11 8102 8021 9951 2842 2308 3337 6846 9745 1898 4962 522
11 3693 1689 7255 2077 1016 7615 4631 3954 8522 2411 403
10 2356 8848 5627 9889 21 9331 7771 9076 7059 317
11 7028 1030 6313 7998 517 4468 954 182 7290 5046 478
11 3030 842 7236 6374 2804 1832 3296 1540 3322 4599 147
10 4346 864 6454 2906 2945 7385 3023 2894 8727 458
10 6228 3826 6413 3227 2139 4210 6351 4931 3984 335
12 1305 5990 8434 3537 5298 2796 9591 8777 8893 7702 535 507
11 3371 9602 4396 2304 9056 2563 6500 291 7836 2926 230
12 5971 9666 1873 5033 6488 3674 735 7029 6616 7218 438 505
10 6658 4629 9964 7926 3902 9034 2069 6770 9454 280
10 1735 4537 2717 4564 4523 9489 9231 4580 251 16
12 3253 6493 1276 7209 3247 5039 4578 2029 148 1452 2521 513
12 6783 8489 7677 5156 7043 5099 8166 4771 2202 229 9770 378
11 5018 3471 332 3215 777 4000 3711 7519 1262 8308 180
11 8029 8207 3102 7806 3161 5084 2701 4991 5044 8541 202
12 7070 6155 7602 4764 5526 6447 5000 8365 2372 1158 4383 197
6 5598 5307 5982 953 3899 206
9 3654 9527 1748 4614 4271 8100 9765 8120 224
12 2327 4482 1908 3305 3282 547 6666 8846 4416 1408 3838 56
13 5299 9402 2143 1685 1168 3211 1071 2494 4923 9365 1868 4091 462
9 4644 1846 6459 9708 1249 9606 2822 4177 551
11 4788 2975 2916 5374 6386 5850 1895 5912 2564 8898 396
12 6965 1251 2497 9033 6882 6779 2294 77 6701 6273 9499 558
10 2589 2742 1797 5550 9440 5741 1462 504 1350 179
12 6633 9813 2000 9948 1051 614 4963 4961 9294 4697 9259 94
6 8184 6544 9250 2628 966 465
8 273 5237 5593 1817 9716 2064 9668 352
11 734 3294 3915 1496 1391 4562 2038 2475 4474 7688 31
10 2418 1792 4290 8810 8392 5454 6096 4683 4160 301
9 563 7315 8416 9739 5736 9885 307 8910 159
7 7082 199 3701 384 7206 3246 443
12 817 5425 6498 177 6683 6617 9211 960 3886 2421 7011 278
12 4307 2748 5711 5724 1537 4251 7328 5010 8825 1751 7496 194
11 7064 1100 8079 7777 8857 171 7932 5493 5325 4812 90
10 7140 3554 9858 6211 6948 2820 4577 7869 4424 578
11 477 3779 3199 552 395 1974 7258 4488 9567 8948 164
10 8932 1121 7085 8014 9143 470 4239 2443 8942 555
10 1194 9524 9381 137 1814 7917 7244 7752 479 86
8 3239 7117 730 4027 7566 807 7182 486
8 2324 3384 9954 6505 1703 631 5232 285
13 7877 6245 5830 5045 8928 6861 6697 571 5800 8501 3533 9004 413
12 2986 7612 5699 7579 1943 6728 9597 3456 562 4859 7281 48
12 5192 1605 9382 2044 6696 8705 9877 9119 3427 68 5865 337
11 1588 9512 4366 6134 6808 3359 1894 7251 7008 635 550
12 5406 4299 1474 4584 8481 5610 9389 6988 1213 7112 4790 628
10 5381 8774 448 3165 6619 9269 451 3324 8124 35
12 6662 7471 2074 8860 3761 6171 3152 226 6419 5148 7303 51
12 5445 5615 8892 4297 7745 1117 8336 570 3302 7039 7166 364
9 4586 4352 8780 8126 9978 7828 6976 4640 236
3 3202 9251 6
10 3575 8285 46 2621 6891 7160 1426 9986 9387 41
12 1269 1734 7492 382 6630 4074 4459 3452 7105 9032 1935 122
12 84 8715 9586 8665 6114 2237 9021 7979 8829 1473 758 214
7 2422 5422 8827 8339 5226 6314 531
10 4679 5917 4441 1338 7672 3081 1333 7989 3492 52
6 9046 3989 2660 7368 9522 169
12 1332 6849 9543 6380 7370 1907 5117 3517 1928 9756 2463 604
10 5572 6856 2043 3948 5687 3153 5432 8467 2200 444
10 2941 1640 8546 2693 1435 9958 7 480 6702 112
11 9405 1177 3759 6331 8108 8569 4500 6792 5775 8098 488
12 4379 9473 3083 8938 7592 6926 6204 5286 3001 5048 2322 402
10 6529 6475 9242 7573 536 8165 5987 7600 3733 398
10 2915 4409 8995 9661 6847 5326 3703 6693 9354 646
9 311 2654 4086 1882 8885 5266 4354 7751 523
11 1651 1628 97 2330 2844 8442 4671 7878 6330 9916 633
10 9649 2425 379 4272 8048 8900 7170 7183 6595 53
7 658 8088 6775 6723 2929 7126 136
8 3580 4056 4686 5107 5310 9351 7433 5
10 8459 7662 5100 7726 5587 5633 6761 2145 7268 181
12 3281 442 3583 8058 8299 5980 5206 1404 8751 5623 7586 575
11 8728 135 2394 1203 3428 8270 6295 9339 4918 5047 349
8 961 1447 2782 4656 5903 6995 913 320
11 5858 5771 9130 178 544 8669 5349 5438 6291 9792 23
13 5716 1697 4003 7434 3524 3421 8220 5589 5492 8949 3464 6212 276
10 5487 4938 8695 7727 9541 1486 2968 7606 6872 404
6 1178 1977 8809 4941 1615 597
10 8574 6703 3624 6830 9431 6300 101 5596 9120 460
11 9985 9353 6989 6868 7189 4810 1347 9891 3273 7673 343
10 6767 2495 2741 4638 8974 8201 1760 5673 8152 74
8 9207 9495 3557 9109 1583 8563 3503 256
11 7399 4170 6000 4854 1947 7132 8013 4022 1691 6817 560
11 8292 9128 8309 4493 3694 1411 5950 1174 9323 1120 518
10 769 8739 601 7856 9667 4978 6227 5037 4129 82
10 7108 1643 7904 9688 5851 2795 5820 8195 7527 344
10 5881 1904 9655 9659 9697 5936 6889 4303 8606 64
11 699 3058 8761 3751 5364 9664 9253 8066 383 7906 419
11 4877 2512 7277 2388 1461 4316 7584 1360 140 2188 289
9 8698 3461 9795 7761 7288 4218 605 4215 174
12 4882 7637 3433 7882 9006 4950 1289 2666 4598 6302 2032 532
5 9121 1880 5575 9850 355
13 4894 8302 1804 8030 1197 6363 8729 3318 7084 7981 4841 406 561
10 8554 8937 7143 257 6086 6918 2815 9750 3478 634
10 6747 1223 5816 5260 1822 5257 4755 1611 1356 275
12 9291 3601 9419 3451 1179 6578 748 393 9013 900 295 643
12 7862 2825 871 7754 7734 1119 6623 5755 3248 9206 9878 598
11 6160 481 1239 8094 1283 1572 5832 9271 9568 1301 50
11 3564 7129 7737 6962 2218 4745 3884 3192 3819 5395 65
10 9550 7068 9221 5249 3004 8172 8714 7416 1366 156
10 7141 726 7446 1152 4916 4188 6318 6285 2593 110
10 4637 6669 3116 9232 4486 5506 9398 8997 4922 259
7 8227 8895 9967 7667 7261 6278 249
11 7210 3073 6503 1096 1624 2582 3889 5410 762 4996 566
8 3358 2373 5943 5149 9443 6534 6569 114
12 2949 1883 1655 5453 3895 484 2358 8461 6011 7509 1958 432
4 368 6527 8716 496
11 8675 8277 3502 3499 129 1026 8417 6417 7983 6721 346
11 4435 2791 6450 6274 2933 4122 7736 8053 9484 4811 360
9 2424 5562 3115 3484 6632 6781 4994 9467 268
10 7810 409 9177 6880 3832 1719 2545 1076 7053 266
11 1838 5347 3879 9741 3635 1164 2255 2888 2879 5714 314
10 8209 6029 3784 7659 6820 1375 7832 9922 2185 370
11 222 2297 6460 9029 3980 3485 4757 3388 4844 9970 540
12 1860 4935 6818 5815 4552 7755 8141 1713 7349 4305 6518 173
13 8342 6741 3921 6196 9075 9208 5314 3387 4116 1549 926 8612 414
11 4084 6886 9101 2851 8526 9893 7139 3189 3275 4269 537
11 1992 9166 839 5660 6179 592 2772 8744 3971 3781 210
11 8224 4029 388 5317 7610 5956 5111 7338 6477 4779 520
8 6745 5170 7516 7796 149 7767 4301 116
12 2313 1593 4255 782 9357 4773 731 1704 3922 9637 5944 463
9 6724 9452 8093 3345 6140 1622 5110 7632 11
7 1414 5060 5240 9751 2053 7809 468
10 554 3773 8419 9822 5301 3856 6229 6545 869 92
10 2942 9872 2527 793 9350 7706 6624 6037 3063 145
11 8406 3865 8682 5082 5462 103 9583 1400 7405 3347 572
11 3692 4959 6125 6589 4768 5524 3087 653 5312 3857 464
8 4475 1192 8345 3448 868 7826 5973 589
11 489 4706 248 2473 6103 5133 4626 528 9786 3523 287
11 8783 2649 9647 5105 8475 3330 5570 2182 899 1128 95
11 7429 8376 3991 8403 1891 5385 9616 2858 8907 7681 155
10 5649 9849 1073 6945 9245 7447 410 6782 9721 190
12 1888 2230 718 4639 1960 9643 2868 6768 4390 9764 5443 408
11 5424 7889 428 3949 5302 4982 1131 7559 6022 6665 466
11 1866 3196 4101 3465 3610 7944 7591 1478 3637 4766 439
10 4575 8772 6082 5072 7886 1157 7676 5536 3987 617
11 6424 7648 9681 1937 9324 2863 654 5726 7426 8333 321
11 9523 6068 5756 3194 9230 4460 3897 6055 858 6700 324
11 7287 3462 9833 9089 8307 940 3198 2953 9439 6991 436
10 4377 7398 2570 7746 5664 6539 1258 1708 831 252
8 8518 8425 1399 3959 603 4542 7744 87
11 2233 6004 3938 2033 3561 6105 2010 9257 3041 9971 188
10 9626 7546 9457 4236 4809 3844 2728 1507 971 228
7 3708 2909 3913 8280 4688 5607 221
11 7709 1524 935 7037 3278 6612 6588 3084 9771 5544 293
7 6377 7604 6690 1285 3252 4476 282
9 5991 984 9142 8478 9791 8423 1731 8654 76
10 3026 4415 9584 594 5363 5423 5224 7831 8519 232
12 7180 8198 1729 2291 524 495 9865 609 1938 4339 6441 331
12 7891 498 6705 9132 5909 2197 1358 1808 2764 729 7335 323
11 6558 5777 5799 5695 4491 8755 8863 4900 2625 4392 431
10 1421 152 9962 9998 4647 3820 8762 1658 4729 108
12 3025 8426 655 2261 4636 8815 2024 3943 6049 5264 4402 27
9 9084 4693 3263 2732 7145 9496 3413 9377 8
11 297 5006 4376 2984 959 5877 968 28 1801 667 433
11 7687 4154 4141 2406 586 1682 3431 8723 1380 9061 198
11 1637 8346 8653 8742 8491 6083 2873 4193 6725 3934 133
4 6039 1855 1035 216
12 8329 9191 8521 8173 542 8460 8931 5119 4726 4808 8622 167
11 9411 3396 665 7113 6106 4464 4513 5828 9674 8057 351
12 8020 290 3315 1004 4263 5175 1919 1126 390 131 8119 292
10 3103 9347 8902 5650 8851 3449 3920 2427 8824 13
12 6843 2293 8915 3493 2630 3689 9488 6233 1764 6631 7093 649
9 1959 5428 4433 3039 3545 1574 1662 7705 196
11 7152 2979 1417 2345 2396 1906 3769 7539 7814 2287 328
12 7188 9595 1994 7847 5910 1308 6509 5505 5095 5644 316 399
11 8213 3334 3319 1436 9379 1976 6145 5791 4886 5159 168
10 9320 2250 4503 6444 4517 7623 4908 948 7700 636
10 4583 2657 5267 255 581 5416 3670 5003 6019 340