14 2735 7293 1852 3017 2212 8478 9034 3634 5126 3486 9608 3797 7146 8131
30 6689 7318 5744 1218 7226 3433 9897 6333 2272 5001 9998 1624 5080 4560 149 1116 9093 7056 5392 4760 3683 9243 9427 5065 7611 7801 2073 4057 9831 7036
34 3090 7849 3029 284 5303 1693 6643 8652 2108 254 6416 4114 2281 9022 7842 2978 6290 7547 851 8927 2038 9755 3206 7593 7027 4670 7349 8790 3529 4931 587 1809 8001 1300
28 1209 6654 9306 5025 935 9527 6336 2527 5835 5099 463 5569 5201 6059 9103 2851 9509 4023 7780 2363 3884 123 1760 1619 9591 9296 3229 5296
17 6466 6189 3459 5214 9485 6498 1106 1324 6719 2640 2388 4857 2346 5889 2914 7001 4683
20 5018 9820 499 5250 5635 7259 9170 8513 9386 4991 5151 746 3978 9323 9887 1295 8607 6084 4790 4799
16 9313 1384 200 4686 5158 9100 1738 5603 6930 2842 7749 5670 592 8599 558 2620
32 2519 6529 8548 326 7323 7710 169 552 7041 444 3657 3421 2948 8312 4832 8749 8903 6137 7549 870 2517 8852 5078 139 1426 8411 7350 9307 1290 1865 8594 4716
19 549 3990 2495 5668 1465 986 595 7916 459 1415 9074 1679 5708 8550 7507 6522 5482 1042 6090
36 4525 7186 6786 1267 4020 4481 1886 4326 9075 8827 6248 2246 1071 4856 5908 5191 5522 6609 4526 5149 2232 2047 9279 468 4548 4367 2521 2259 140 1398 3781 3860 9577 9776 9215 3289
30 5934 3236 2642 5212 3740 7692 4344 969 6932 3811 5163 1282 4591 2631 3351 1266 3973 7333 160 3823 8388 4757 4922 3240 4252 9668 9371 9650 2487 224
10 4679 3119 7276 5713 7555 9639 9229 928 8064 7206
11 88 7716 4773 3506 8633 2266 2689 5812 9922 948 7833
11 7109 8254 992 9276 4636 2648 2082 6463 3028 5179 3588
11 2465 8227 1582 7981 810 1095 1419 2794 7042 1731 7979
27 4309 8029 3779 6475 7628 2105 8228 7643 1459 7691 4777 8911 6184 7944 6282 2485 2226 2860 798 9269 5575 8036 2888 8622 5978 9937 4120
27 5970 3409 206 839 1963 2409 942 9394 2556 1872 4824 255 9571 8153 9181 7932 9788 9173 8050 4943 9308 276 3519 6015 831 3929 3858
23 4839 6662 5710 1804 4202 8995 907 9964 6460 342 2835 9785 9987 4698 9337 1854 3959 7646 5645 7450 4390 9764 9374
19 5324 19 2143 5516 3566 3993 6132 8981 2702 2541 8235 2446 2336 5935 1153 5047 5499 1573 4592
26 719 5352 9684 97 9089 2104 8017 9490 7627 7552 733 731 195 7723 6339 3412 735 1373 63 4627 4229 5546 2830 5423 4823 437
29 606 2313 2838 3354 6567 6034 6270 6597 379 6808 6581 7510 7536 8318 2489 4708 1103 2331 2824 8626 1484 5974 8942 3787 8735 6096 5666 805 6870
35 423 5402 1635 3426 4657 4652 7912 6805 6832 6925 6751 7624 4248 5122 5958 153 3763 8049 3448 3074 6714 1270 7892 1877 54 8684 3899 3762 9936 662 1958 8541 2421 1418 1705
20 6031 7097 559 7344 6902 9729 4776 1960 8662 9593 3997 7351 2051 2256 8689 6347 1832 8340 2005 1022
19 187 9090 6756 4048 3750 9136 736 4442 9946 6667 4118 1058 7688 7405 1878 1663 9775 1347 8870
19 1066 3527 3291 3227 3625 2358 7529 2236 905 8561 5098 5429 7087 5119 6872 7257 1699 3043 8350
17 5335 1227 9595 2605 3191 4806 4544 7684 589 2069 5873 5828 9642 900 2310 9736 6494
10 8175 8189 7792 3866 306 4811 6533 6266 4140 9329
15 1560 3596 2511 7255 8192 3809 2721 2488 3158 9895 6294 5798 2880 7783 7700
24 4758 2297 6910 1638 527 9884 2580 3776 7974 2584 5258 5165 3730 8769 373 861 9051 781 2827 2816 4820 2819 8163 5760
32 3817 5971 9087 212 2570 9457 8353 1864 286 1532 6562 5155 3534 3963 3416 8361 2611 2494 8362 2757 547 4954 9904 3096 6954 9898 1617 3415 3745 9507 3298 6288
16 3580 1860 5540 3915 6173 3784 674 6672 9159 8988 8099 8963 6167 1302 2936 6686
14 6252 984 120 8486 9073 8373 9462 1743 2996 3483 3551 7121 3725 9360
17 1273 6404 4935 6125 1201 8795 2473 5553 4361 9885 4861 8384 8232 6229 6487 3589 8089
29 7499 1724 4437 9012 69 2967 7034 1281 5695 9458 4270 5514 2612 3075 7222 4988 5919 3187 5084 7559 4183 5781 7163 797 234 9555 8138 4273 1020
25 1867 7435 4200 8588 5719 3807 4854 826 8560 7274 1947 9800 2622 5709 2359 7280 620 3109 5175 9599 5949 9499 8859 8265 3076
33 7965 5027 8713 4673 3058 7685 5601 4880 9364 8018 2565 2397 4667 3592 5630 9950 1383 8616 5183 441 1611 2617 2895 1032 9285 6564 3242 6153 1379 2886 770 1213 8850
20 6822 9649 8902 6058 982 2482 6871 1152 5579 8800 6746 7680 1123 8307 5999 4893 5180 4420 1087 3032
15 2432 2589 6200 9702 7245 2802 9900 4838 9519 1594 8802 5937 8503 9025 2114
26 7070 6502 4112 498 8079 6601 8951 7448 2072 9228 5941 9474 4358 7497 576 3801 5997 6394 7242 2550 9567 3637 1120 1903 5125 3313
13 1178 1977 4256 1062 1779 7843 3751 6830 4971 4963 1730 1205 5573
14 3055 3358 1670 4632 8012 941 2188 7850 5322 1961 7123 9061 9637 6364
32 4742 8587 9768 128 8285 6903 4205 2979 2884 2415 6041 395 3474 1810 6165 1668 361 8304 1525 6134 706 5010 7878 2727 9454 3275 9168 9589 910 325 5253 7166
15 8890 8345 50 5966 8738 9665 6988 9663 6099 5515 5130 669 1226 8371 6111
26 6002 1883 7117 5920 4405 1215 9466 1523 8984 8214 9482 4559 4898 974 5166 1229 7050 9664 5867 8142 6209 2287 1127 5714 3857 1437
4 8773 7940 692 4471
21 8292 7108 6630 9624 8603 1428 5004 3447 946 3387 3081 2258 9488 8658 6448 5634 3945 2152 4751 9970 4750
13 672 2296 7677 6255 9251 6397 6432 7969 5286 1361 1694 2974 641
16 7475 9733 5060 2657 4826 7698 6825 7933 6962 1643 5610 1922 7031 8508 3903 557
19 8477 1113 5425 3193 1416 2309 5167 2364 3806 8469 6760 6640 522 7144 6621 3388 4844 144 6434
17 5235 8965 9392 5097 594 7295 9653 1280 9057 2307 3983 7617 8 3914 2243 1084 8723
7 6277 6912 5008 2989 4690 2151 6527
28 2720 7028 6547 611 5036 1181 9070 5847 2025 1104 9667 4440 3356 3300 9331 4322 2413 6227 5231 6100 8409 6256 3942 390 131 7038 2864 6170
7 9409 3333 1778 7483 7147 6384 9677
22 2920 7088 4467 412 7807 3072 9863 5032 2873 3545 8709 2102 9253 9437 5035 2450 1645 1898 4479 5939 6191 7223
29 4094 394 3849 8434 7312 9450 7922 4786 6062 5809 8239 6622 7130 1328 3437 1154 8354 1775 5989 3716 3385 5505 1467 9399 9749 4142 5494 7766 343
28 3629 3311 697 8915 1873 2799 7785 4605 2240 2192 4892 4263 2722 2478 1286 4333 4745 5518 3056 4095 8712 8834 5269 9332 5926 6300 5988 8877
15 677 6656 1421 6818 9819 2585 6893 3315 4244 3862 8871 8620 9006 2175 6517
17 3607 8458 7927 9297 782 7464 7291 7591 393 291 2443 4231 5896 9759 4474 8519 8923
18 1097 8024 7372 2537 9002 2751 8992 5498 2405 9715 5767 8944 4945 6623 411 432 4606 1378
19 5497 4536 328 7249 6634 354 6101 7216 189 5394 7809 1129 5148 7303 4305 7772 8091 8057 2273
10 9752 7864 5890 718 7934 9209 2385 8324 6946 5903
11 6670 1170 874 4920 3938 3420 8173 2368 3648 1376 5891
16 1757 7612 4635 9696 1500 8059 241 9737 8667 1568 5462 1591 7560 9780 6583 8726
29 5440 7687 5466 428 267 4139 7239 8244 8481 9939 72 9955 5852 8427 7107 8280 5002 3628 8392 6427 9760 204 4041 8279 8238 4203 7289 2441 8910
31 9514 8557 8786 8816 3842 4940 8037 9561 4355 2206 6596 5101 4921 37 9368 2632 8165 1265 5590 2733 4946 7095 7264 6990 6761 1969 2170 2029 2922 7133 4158
32 2571 5227 9495 8536 8772 4035 1487 3393 7812 649 3859 7754 9328 754 7220 83 4251 3262 5763 8844 3223 3943 312 664 4375 466 637 9069 1636 8934 994 7173
21 563 3338 2810 388 8721 7004 9541 5739 201 6077 904 7157 4640 5410 2723 4463 5413 1128 3611 7950 1633
30 6381 3575 965 419 1550 8796 1557 2033 2171 8038 1921 8590 1310 28 6224 687 2863 8417 5585 1404 8639 7469 2629 8216 5676 6051 757 479 5312 1948
24 9003 658 9267 3632 5156 3818 952 9028 7562 5323 8987 3547 4582 232 863 5292 4423 803 9697 6628 1025 8914 1366 1956
29 3549 8736 2975 168 98 8042 7209 8151 9833 8780 5907 4125 7791 4357 4009 1471 8136 5396 983 3888 1253 6214 1462 8905 2879 9120 5637 737 6260
9 4601 7711 2230 1200 4558 476 8397 7304 638
28 7657 4583 3601 655 2382 4372 8876 403 4300 7679 2977 3216 1277 9727 7292 6996 8986 2555 2493 3642 9841 747 8365 9465 7696 828 8641 7756
15 2015 2132 6927 5853 709 7729 8820 21 1061 9600 1148 4759 4399 1341 2664
7 8708 5218 873 6319 1322 2068 2528
29 9847 2233 2074 6856 8575 8609 5952 4328 1710 1417 7987 6921 7009 1435 1982 5877 5339 551 5945 192 4271 8765 1161 1490 2475 7409 1350 5293 5665
20 2883 1773 1524 4705 1835 871 7275 5910 7266 5692 5715 8627 1781 7853 1321 6668 6646 334 7771 1190
20 9913 5954 2060 4749 3775 5400 9652 1271 1692 6443 2 1980 7178 7132 5216 7538 4712 7250 4771 9515
20 5445 3546 6875 9815 7434 1845 8030 4384 8782 8058 1264 6571 9843 5878 1827 3178 1657 9791 5509 1545
17 9976 1323 5369 6128 1729 9419 6078 7595 1859 4528 446 7803 7184 3020 4911 4490 1006
24 4078 9347 3362 3292 4237 1999 1125 4512 6838 2447 9422 3171 5938 4783 9857 1916 9115 5918 4174 5142 3080 4364 8337 6721
33 8310 3049 3773 4807 6141 8112 2771 3290 4327 3867 4853 2248 9724 9268 1308 800 9080 6810 3650 5103 9932 2666 4534 6637 4707 7752 6368 3715 452 9024 7201 8308 1003
36 4008 7064 3424 8440 3585 9511 2937 9842 5170 178 7301 9912 7339 280 8148 1612 2713 5042 3593 171 3399 6033 676 4289 4166 5128 2389 2012 4972 165 8369 1894 4568 840 2410 247
30 6263 3257 9255 4285 9557 8530 5799 9273 5962 2292 1166 6883 9607 6682 9366 8129 2093 6707 8170 8839 5993 573 5822 1080 9660 9189 3046 5647 3620 4662
19 1305 8489 5517 1904 2916 5371 6980 8822 6720 8894 6701 3423 6007 1403 4785 535 3069 82 7441
19 6815 1414 8203 5757 7554 4602 922 4595 2954 7176 1831 6452 4533 9225 1753 963 2894 7910 5067
35 3307 7329 5771 2440 4137 3038 9710 8555 6956 2362 1412 1299 7894 7508 8562 9983 6800 936 1217 6612 4878 7063 8920 3484 5401 4373 6525 8907 4416 3492 8666 1312 906 1570 8414
21 303 3826 7779 9754 4985 7403 1806 9682 8558 9531 3706 2685 5843 6136 2704 1089 792 6482 758 336 4157
7 4071 7993 7804 6154 80 619 835
12 1335 8149 4352 8998 9992 7493 6515 4337 869 8717 7527 6221
32 2917 9406 5189 1223 5566 9634 2077 92 4555 2404 7456 4969 5684 2910 7727 2740 1772 9548 577 500 7855 3497 5607 727 8570 8389 4563 4886 3656 5449 4133 3883
30 8731 8484 8892 1240 3220 9202 1537 1942 3946 138 1787 9790 2837 9460 9442 1818 6325 6226 5327 5673 5787 5407 7300 7851 9014 3422 4728 5508 4803 2845
29 8878 8274 1 1079 4593 2355 7633 4491 2048 9038 4014 7091 8516 9498 6157 2844 2500 5786 6626 3504 3703 6693 9486 635 7776 6390 5150 3863 4909
32 1138 1438 3865 9045 6186 4297 5656 1294 5238 8851 8266 4086 9141 6375 4718 7298 2931 1463 9086 8491 6561 1432 7623 7518 8114 8825 5814 9977 2372 3335 2618 7252
15 9619 7198 2118 2216 2754 4070 7519 4837 8919 3766 3180 9494 8226 4042 9326
14 7013 1411 8863 1918 8704 4381 9099 7100 5195 1868 0 8552 3514 2818
17 5300 1637 5746 4761 3114 9171 5344 6491 5356 4206 8103 8743 7205 5804 8917 8284 7061
7 1315 8302 4910 9927 4476 2224 9906
19 9707 190 8447 4246 5602 7211 5628 3122 1660 6757 4213 3761 4550 1396 1979 4903 3568 5600 492
27 7429 1492 9274 8382 6069 506 1046 8595 4552 1309 1117 7080 2467 2596 7402 3404 8027 7753 8975 6792 9439 4108 4510 7725 5854 7335 6405
25 7861 1512 209 5621 7246 9068 7988 2122 8857 4073 279 2956 2299 6006 6869 4238 7767 4303 8893 4570 5599 3856 3664 8710 3528
12 4059 3147 8493 4866 275 4329 5883 2289 9918 811 3994 8957
17 5192 3197 3334 9735 7682 5279 883 8026 8788 5127 8636 6958 7590 6931 383 56 398
16 5299 6745 208 1745 9962 7805 3909 987 9000 6238 5141 7863 7307 6433 6113 4243
10 6783 3005 6053 3875 4003 4953 2930 3326 7693 2053
34 7463 3249 513 4875 9071 9199 5951 7837 7103 509 4224 1875 9722 3501 889 5274 9183 155 2672 1648 3237 9580 9005 743 8479 3954 7008 9690 8168 1732 7742 6400 170 8054
15 3167 6150 4630 9254 9464 5433 7282 7457 599 8339 2373 7796 9592 958 1000
18 769 9166 8426 4980 210 1910 8403 91 6784 7761 4871 4937 6548 3235 2043 2268 686 8330
7 3696 5815 7150 5994 6179 338 1555
24 9305 567 1030 7446 4520 5597 6079 591 8531 4389 5772 6781 6915 5726 236 5544 4363 3040 2870 6314 3218 8941 9131 6479
32 9563 4693 442 8554 5627 4659 292 5366 5100 7770 4159 6389 9333 1783 4075 2765 8294 6758 7550 3217 6778 2965 5609 8714 9271 289 4996 3522 2853 6943 6365 9430
26 2247 3640 4836 881 8542 8953 2234 4564 4840 6833 5529 6262 7046 1990 9828 4755 7396 1157 1829 5320 4551 3059 3652 1698 5147 4987
16 4377 5615 277 1518 4869 6729 7135 1422 5123 9192 7296 3339 1468 8593 6129 3491
15 6412 3148 2957 9926 9483 7854 3015 5489 2326 1972 2286 2280 1261 1082 8847
7 713 7287 9556 4207 9345 2660 3848
23 2135 1784 6164 1260 3615 415 2667 1521 5009 1016 5317 7635 6802 7106 346 8977 968 4864 8305 3324 7476 1118 6467
17 2949 7020 3947 951 3414 6216 6639 156 6659 5070 698 8031 4265 2062 8076 5975 5334
20 700 817 5295 5054 233 8108 7076 7848 7897 2097 2655 8201 5153 4530 1599 2312 7625 8898 8210 626
15 3442 1803 2209 7654 3454 2400 1946 1682 9489 5531 1149 8251 430 3535 8862
6 1543 7114 1869 1843 2982 7110
28 6831 7398 2147 3022 7663 380 175 3133 7515 7794 1748 3173 8431 3201 7340 9902 1926 2834 5470 4681 5199 2381 9257 9648 8082 2926 7011 3380
25 6901 9864 5756 1182 1081 3258 1930 7712 8063 9376 4232 8691 5785 6860 4936 8853 5754 8716 4180 349 7154 9782 246 3712 6603
23 6403 1949 3958 2126 353 2314 799 2468 3163 2144 7099 556 8335 8202 8971 5836 4240 1658 9123 424 8674 9396 4338
18 3156 666 7534 3845 9264 4043 8264 2269 8885 7338 2943 2865 8046 4054 3033 3928 4865 7795
18 2384 9231 9718 4964 9683 4827 5438 1851 3039 1957 1380 2339 6598 9808 9793 86 5652 2902
24 8518 8932 6304 211 5426 6178 1476 5305 2345 3323 7734 9400 5921 4461 7942 8215 2549 4808 4484 6335 3713 9309 2411 5244
25 5769 7140 7314 2167 6985 141 4415 8895 9358 9542 8415 9230 3018 8528 3822 8781 3355 9772 5096 6291 5319 3349 9336 2019 2509
7 9393 3540 368 5382 5979 1093 9638
30 1515 1024 7975 3717 2245 3047 6652 617 9242 7745 8245 2439 4942 7363 4915 6478 7012 2085 2785 1358 7181 6599 3626 3681 9521 6569 1966 4446 5280 2172
10 1992 7320 9559 5955 3026 3879 7203 8938 6544 3224
32 9325 2424 5510 4109 6409 2442 823 8116 6013 5116 8237 235 3574 2024 9643 4290 9929 3598 3361 9261 1656 3815 3273 9535 3151 8423 7269 3533 9004 2878 4145 8429
16 7928 9935 6206 975 5888 3936 3911 705 571 1225 7136 392 1207 8690 8884 8775
15 8670 6793 2109 3352 3195 5882 4581 9756 486 3957 8455 8078 3780 6465 9476
18 6807 789 9030 9951 4957 4007 5050 6133 2543 2547 7075 7992 5276 2219 5431 2300 685 5586
27 4435 4428 7638 135 950 2663 4913 2790 8533 3782 4453 6743 4625 5810 9092 8067 3013 9966 9404 1793 1021 6323 7057 2138 6702 316 2840
11 8640 7325 362 4814 4509 7052 8888 5563 9097 5629 9196
22 3869 9405 8979 4717 7149 1065 909 7750 1741 9933 5680 8828 2201 1712 7170 7705 3923 5439 5551 3791 2659 1212
36 3253 1372 6669 8146 1272 7994 7096 9263 9641 7564 6056 3007 3070 3295 7935 1029 9941 4992 3511 3391 8473 8623 7845 6992 1567 1076 4684 5823 410 5800 6086 937 5024 7649 1472 707
9 8329 8425 7768 9349 174 2583 7670 2876 7472
14 474 7575 3536 5110 6528 1858 5432 8467 2564 401 8249 4445 8797 4005
29 5868 699 608 2783 4028 8937 5837 1768 3624 7267 7630 2670 7914 1988 4619 8887 6938 3344 1895 9098 3153 4650 7268 341 7814 6310 1602 1652 465
24 1105 1111 2217 5169 524 3466 4651 9758 5023 3241 6047 6083 7875 5738 7443 2471 191 4983 7343 8282 5591 1147 6518 3737
22 5693 7230 1564 5347 6398 6809 2304 2652 3930 7234 2040 5105 8534 5694 4569 7820 1450 5778 2595 3912 9448 8047
21 84 3651 1142 4703 4629 39 8413 2065 8326 7125 2084 7192 609 1769 110 652 1893 1374 7374 4545 1562
21 9140 5359 720 5626 8187 8671 9858 8617 2525 5770 4293 4642 2901 5411 5005 3 1296 4567 7871 8553 4778
12 6706 739 3891 6327 8681 3054 3760 3503 9390 6212 9865 5745
14 7956 7180 7406 2973 8856 9116 2781 921 382 7924 8502 6591 229 4846
15 5717 9473 6296 6942 4411 2533 9398 2795 2148 9590 9931 307 3971 4962 2964
27 2695 5572 6360 4410 9064 529 7019 2045 3896 4249 2534 5172 3141 122 4060 4620 841 94 1388 6679 5707 1216 4998 7029 3819 5819 1367
26 768 2106 9944 7557 7152 853 7558 7762 7822 1069 4072 5133 5385 7189 1989 4212 7652 1822 7721 5412 8913 9883 7416 9765 6795 5504
27 4090 5491 9320 47 3319 6969 646 3530 5782 2037 6926 3121 3079 7288 3011 9605 7032 7925 1034 6516 2624 9178 9956 13 108 4556 7410
18 9084 5237 5089 533 3116 4990 993 6082 3465 5619 8446 3225 6687 4769 1456 9558 3302 3617
30 2356 1406 9965 3083 4250 6446 4318 5287 5045 7604 1220 6067 6674 6211 2945 953 5519 5259 2990 5956 6204 6469 6948 3136 3296 4465 5762 3304 257 2134
26 311 977 2673 9132 1455 7984 7415 4784 8097 2959 9479 742 8813 9674 53 3419 6506 6278 4812 2080 49 859 3702 1823 4091 7049
26 4379 5743 530 6711 6749 7579 8665 3524 5526 8407 3271 6064 4634 5389 9849 964 8360 5026 6600 6520 2604 1479 6717 6585 566 8113
34 7399 2436 8448 3616 2600 7438 9604 9731 2558 2156 7830 9361 1461 283 7062 2398 887 7371 7327 3331 5587 2801 6964 7313 5805 5834 7437 4633 2554 3641 3042 8123 1951 1247
30 7561 4706 9469 7867 4938 7847 3513 5087 230 7857 5256 9157 2513 304 518 6578 8048 1654 2911 3306 2334 4908 2628 602 3427 7039 7489 2839 2610 8740
30 568 6493 5049 4153 6000 6526 5241 4696 9812 2680 5959 1911 5473 8007 9706 8650 8960 8390 4789 470 1720 1035 1375 228 2120 3252 7568 6492 1837 2376
19 4494 3608 9072 4578 2433 2263 4262 6180 9124 7423 2807 1234 8461 3369 1927 5661 8424 9766 2848
29 8950 8323 3603 8419 4409 531 2852 5193 7037 3278 5083 5061 3231 4272 517 5257 8569 4191 4148 2349 9204 2968 3576 8152 3698 6445 6853 406 3688
28 6541 1689 3263 497 9497 3451 1968 1480 8645 4787 2906 7592 680 8344 7285 7543 972 7047 4438 1691 5961 3048 6934 3041 6401 2683 9198 5646
11 4948 2742 2717 2110 9303 7763 6953 3372 5139 3813 5478
7 8703 7948 712 6464 5363 8490 4622
27 375 8055 4848 3602 6771 6357 5375 2076 4497 3247 584 8598 3277 9894 3438 2403 4341 9356 2826 4462 5960 4753 333 3965 8865 6817 5370
20 6198 7891 9382 8093 8034 6584 8273 5838 1143 1236 7400 6500 6295 2282 5164 3100 2098 2697 8722 181
25 5860 9046 9666 9830 4782 9738 9375 2160 1583 4274 1700 5534 880 2504 7326 5582 7454 7966 738 1183 7388 2466 5696 8053 3861
22 9888 1194 1908 9871 330 3802 8378 8719 8753 5200 3820 4298 8092 2064 9007 1540 9387 783 480 3543 8582 8217
36 519 4475 6068 41 5816 5783 3366 2919 3345 9027 2035 8257 3085 4209 2808 2438 683 242 6604 2700 8669 8498 9318 9201 9056 5759 7470 3322 6195 8685 1801 2843 2677 8087 4723 3021
20 6663 7455 9691 7000 4656 6814 896 7811 2115 1504 2315 1590 9881 274 806 4464 9835 5793 359 8596
10 1135 3767 1816 9389 9197 6193 1285 1586 9211 5108
30 7913 3475 6402 7191 1169 4356 9963 1598 536 2804 2241 5041 7007 4487 689 4044 1317 4881 5140 2367 6309 4131 7225 4116 2746 7955 6065 6348 2609 4268
39 7957 726 6765 9613 1245 3124 1256 3165 9566 121 6379 5725 6839 5073 4062 6888 9783 6116 9239 1053 6174 4097 632 4425 787 124 2496 6037 3834 7839 6373 6867 667 2905 5536 5874 3987 4013 3569
31 3444 8783 8715 4349 3565 4291 5228 704 7134 74 7873 3211 9240 7865 4821 9810 4647 1964 7917 1606 331 9856 450 3019 7530 3014 8327 3128 7002 2223 9317
14 3654 5284 5502 2237 9501 2563 270 3348 5740 4978 3728 1849 3687 5821
28 2061 8158 9813 601 1430 2984 9440 147 3476 6806 7689 3556 4851 1834 8661 5000 3908 9826 8234 7421 9094 4284 7204 8441 4968 7985 1115 2983
31 4855 3918 2335 9890 6316 9179 5724 4477 40 8638 8159 6681 2561 7788 7651 2205 9416 3805 1933 9588 9502 5459 2671 1683 3126 6546 1454 1195 3110 795 464
12 6115 5991 8231 748 5773 7946 834 3627 8879 2499 9354 5723
6 8758 9636 6438 2059 6896 1880
19 273 6485 2523 7243 8868 2140 2900 1352 3205 8968 1085 2643 1288 4402 9552 9311 5720 1210 1646
18 7040 9402 4196 3411 483 378 3970 1862 6374 3974 833 7614 4317 4052 3012 5456 6685 7115
18 6916 3294 2915 5285 6474 2997 6009 3729 3926 4926 954 7597 8061 2961 790 8352 4311 4695
32 55 7889 3910 6029 8219 5234 9832 2434 5082 7315 3981 4884 4111 5094 5801 3428 6813 8016 8776 3523 78 6779 2195 944 1244 9210 8130 5446 7215 818 2821 7714
28 1776 2714 4815 5892 1797 6580 4664 2260 2477 7817 15 3722 4669 5981 4626 8810 1533 2149 5832 2125 5965 6653 2993 4501 1478 8120 3727 1558
9 1833 8586 9744 2470 127 4006 3297 3705 6152
20 5086 3245 4233 5507 9804 2741 8882 1686 7387 5310 3895 3584 6909 5901 8624 4523 6382 3283 6899 9520
19 541 5213 6951 9705 6392 6119 9678 7278 7746 4819 6610 3837 6770 6986 6311 7951 421 1060 5672
15 4637 1013 409 6645 1365 1250 3062 23 3071 8139 7228 8838 5857 231 7789
31 8962 5358 4164 1830 9524 3663 9923 9647 4699 5792 9478 5040 9574 6292 5704 8524 6940 7743 4165 3777 9029 5950 6812 3131 7681 2353 1935 4310 5977 3458 3125
20 5885 3579 4194 854 4615 9165 177 1937 4433 355 5092 6495 4430 3154 7939 9218 9958 8966 2071 2709
11 9679 2603 1489 2718 788 3383 7059 6080 5476 5855 2100
15 7929 1593 1970 2261 3370 6512 9186 1289 8144 8974 5248 6124 7702 3480 9227
20 3855 4387 5377 8791 1913 4123 4045 821 3798 8500 7422 4019 612 2882 7798 4890 7273 4974 2099 7713
28 3578 7113 4353 1820 3606 4055 7389 6240 7626 2903 5904 8567 7608 4473 5741 3595 8985 7160 5987 1099 3456 5121 4504 3287 5749 7311 980 8949
29 9449 2031 8955 2776 8597 64 1109 5899 8014 2121 5481 5992 8748 405 1882 7728 1945 2524 7018 6027 9059 9373 2301 7869 3350 9747 7977 6676 5471
19 24 5387 4624 9575 8768 633 1436 4858 2898 1292 3308 4654 6713 8571 1274 8222 1202 4900 5538
27 3371 2536 2198 6710 4029 5690 3117 6593 2760 4221 5909 694 5102 8565 1765 6935 2194 7158 3162 2725 1952 2211 6993 8744 4277 2200 8777
11 117 3276 5480 9921 9814 1552 5311 3520 9938 1813 9532
28 4618 7810 8774 7465 3921 1684 4024 7263 4756 4227 7197 1338 8444 6386 8814 9321 9221 1727 4067 6774 7016 9009 9957 4524 3902 1708 6651 1284
25 372 1609 3024 2904 9680 2686 7253 1613 3623 3829 2907 4470 6306 8141 9510 4950 4175 3407 6049 4239 5840 2594 1301 6 9573
25 4307 8711 867 7793 8293 6444 1681 809 6565 6431 1011 7615 9855 7852 9126 132 6592 6673 2637 2908 1938 6955 298 616 4955
32 7401 7156 6168 9631 1777 3789 7479 4331 3531 9248 6156 8644 6218 9908 575 8906 3508 7930 3599 7505 7378 2452 6796 2779 73 4162 8592 5588 8098 8178 1019 9716
33 6695 1838 5698 9874 1580 9190 475 6089 8695 6579 4623 9054 9659 5353 5364 3661 3939 7551 3700 9017 7294 6660 8729 8286 7485 1362 504 8943 6664 1242 971 3586 6997
17 9523 4781 9011 7444 1623 7545 5916 9149 1807 3927 5788 8724 6112 913 107 5265 4929
10 2869 7471 1002 3685 8551 1027 9525 3405 7881 6470
17 4150 7512 364 7153 5677 6315 4215 2459 2647 6302 9290 9656 7818 2032 5944 4047 142
31 1005 4260 457 3966 3701 1733 8806 1168 1458 2875 934 3570 8460 2715 1850 6042 2859 7521 7890 2868 6117 4600 4542 7517 4192 5342 4641 2516 4348 5697 8921
30 961 6135 245 435 5779 9610 9033 3102 3609 2164 7145 2645 458 8366 3139 7718 6733 2215 9583 717 3810 345 3464 1185 3002 5846 8648 6158 6994 3259
33 920 6329 8370 3200 596 9182 751 4541 1494 9505 1259 9844 8051 2229 5911 2762 3101 5419 9739 5427 5270 5789 1329 1798 404 6823 9162 899 4354 438 5790 3723 4103
3 1978 1192 7678
18 4894 8262 1697 9640 3680 2551 5622 1644 1595 1051 202 3597 6181 613 8954 6847 5761 7760
12 9550 3325 6971 5844 6426 387 3127 2034 3847 453 512 9868
26 222 2738 4084 6012 4658 5751 8094 8996 8815 714 1791 2129 3234 305 9119 7240 7775 3889 7022 4860 9746 927 6354 679 4779 3284
5 4058 2538 8784 2573 6644
28 9675 6849 1959 7787 5428 2613 2320 9952 4653 7271 8819 6406 728 1516 836 4004 420 414 5333 3769 8751 9794 6616 5460 6046 3134 295 4538
29 9799 8290 8346 2305 5511 2323 7901 2665 2386 1098 81 3496 9270 5134 8432 2295 2365 1083 62 1091 858 2369 5612 8999 2806 8083 263 3279 3618
8 1664 1651 5748 9947 6293 1817 1452 2658
31 297 4885 9806 2425 8766 5012 6048 7856 8737 9151 6907 6864 2383 561 9880 6829 3917 2197 5331 9415 503 7053 8124 3670 6624 7283 9850 8386 1677 4332 7953
22 583 1630 3461 8351 7874 8085 832 8191 4034 7445 7715 4031 5076 9980 310 7359 7995 9787 301 9891 5718 4292
27 8840 9996 3129 4482 9681 1239 3532 8585 6868 7610 2340 2793 8525 1171 4748 1241 6428 5928 5467 9875 1425 7603 6553 3838 7586 2772 7459
24 4143 5808 9401 9144 9353 6703 8546 3905 6775 3699 9378 6105 4597 3689 264 7954 3886 9154 562 8482 4649 6177 5398 1569
18 4346 6740 1221 2934 6523 3435 3759 4588 2186 8972 8900 2145 5839 8174 6358 5817 702 5020
32 2316 5727 6155 7602 7567 6340 9617 9381 3155 352 6103 2086 2042 2923 8299 3841 2526 9704 7072 8668 752 784 143 5924 1881 6074 7238 8861 1579 4160 8122 4124
30 2559 1605 6239 1986 8989 607 3215 8970 843 6865 5221 8764 3714 8576 8476 4459 2139 2995 5448 8052 44 5774 745 1028 2050 4735 3612 6650 526 2221
37 7952 9852 2782 7172 2651 9537 2745 9156 2220 1197 4802 5340 2861 7949 6171 3406 7708 5568 1965 2274 7247 9096 8322 5081 7336 3010 3814 4780 1133 3460 221 259 623 4901 1962 2322 7017
9 1888 3138 2780 1399 5813 2698 391 4156 7058
32 1040 7451 1121 2399 9625 2952 8642 300 3839 7907 8506 6120 6696 8492 8218 8705 4259 9688 1538 8778 1574 6351 344 1173 9468 2046 2427 3250 7751 7390 962 5859
18 7119 9246 730 6021 9492 1381 2088 8287 3934 6330 7317 2030 3175 7836 3836 3950 9829 8543
17 734 6884 5554 3816 3885 4245 1146 884 7 6586 1925 5178 2298 9878 5029 2090 5063
27 4214 6110 8574 1640 5240 4101 7386 4966 9195 9357 636 938 490 2694 9821 9233 6928 9899 496 3413 1795 7054 9786 1131 9909 4040 3097
26 3149 9920 4299 2338 2981 4532 1203 5559 7077 695 2159 732 9470 6846 8003 9001 2218 4565 9032 4486 7358 1788 1662 2593 2007 8022
33 8204 3951 9602 4863 3398 4639 1846 659 1364 2052 8741 6423 4805 2924 7781 8725 4033 4025 2646 6691 4234 3711 6230 323 3771 4841 9971 1136 2158 2238 2529 9990 1929
18 157 3758 248 4107 4493 6251 967 3790 6203 6769 4660 386 238 4316 9060 2283 1092 5886
13 6321 7194 7832 2003 2676 6945 33 3604 9622 4199 1751 5894 1410
18 5598 6658 493 1252 1529 9732 2567 4026 9414 1126 4427 8577 6107 7310 8613 8677 1204 8430
23 3988 864 3991 9289 2696 1746 6283 294 3731 1199 5373 4032 3256 6572 985 6371 9840 9350 3441 1336 4193 9827 2755
21 8406 2641 6208 2352 2178 7010 6237 4944 7221 163 5247 2938 947 7195 5733 6588 6075 3548 2812 9451 5230
21 9283 2942 6741 1527 5686 7193 4171 8523 374 3203 7048 1330 2054 7167 3992 9919 9185 8958 7345 2183 978
6 7862 8088 2767 579 750 5953
18 6961 5875 2626 9633 8991 895 1319 1706 8180 5750 3254 9217 2719 8100 9854 1400 998 8331
28 4842 8020 3490 2497 3542 100 9429 1263 5701 8990 949 8316 2874 8904 3077 894 7904 9079 1690 5271 2484 3998 2728 651 5207 9484 3111 722
23 3103 5948 7546 9104 1755 671 1349 9177 691 4989 4236 7967 3314 2909 9421 515 9767 5548 9594 6320 7970 785 2951
27 3457 7104 7648 1994 640 7492 3232 9836 7569 7931 3498 3505 8004 5537 9299 3282 185 1596 9725 7137 4573 2469 5229 2070 251 1701 8195
22 9216 7129 9316 8338 8133 9164 4065 2693 1592 776 8793 7003 8248 6050 5030 7233 2925 6918 7035 2998 5895 8154
28 622 902 6536 1685 9127 2394 9101 9222 6882 886 7726 8830 2850 8109 4912 4970 7583 5589 8875 226 3563 1549 7841 8230 2133 7524 2408 5848
6 5406 2079 2401 4011 1744 4321
20 3693 7319 7086 7690 753 7665 1443 9408 6476 9632 52 9441 9015 1037 3516 4380 4702 5811 8070 2203
20 445 8699 3381 7962 3707 8186 1187 1632 9122 4765 9491 8837 5643 764 4275 8939 4185 1055 1510 2210
12 2986 8459 3821 7572 35 3493 6618 1325 6850 6391 5039 8563
6 29 7116 9627 6718 7662 2591
17 3471 9985 7196 9763 4492 8066 5354 7606 8166 1043 6317 8013 3665 9703 7938 5408 976
22 8179 3104 7580 2856 1102 8176 4503 3904 5567 3621 7383 3955 6577 1298 7348 3226 5275 1481 1333 8137 2227 4725
18 3555 9463 9385 8653 1496 7732 8101 9232 4939 816 9734 3150 7352 5326 4845 6447 1174 3367
29 1866 3430 802 3594 5069 9981 7816 4834 6727 6094 1715 929 537 8325 2213 471 205 1036 7302 6759 3481 5657 3720 5845 729 5177 2623 3107 2463
13 580 8449 9286 8614 6305 4403 9062 8062 979 1561 5211 6617 1339
19 3281 9052 7248 2992 9314 8854 8742 1023 7139 703 4671 9391 3835 460 7175 5797 2492 3431 6350
29 6456 8021 6450 4228 761 1676 4163 7764 9513 7918 3137 4982 2311 3336 9431 678 4201 8399 7644 3189 5595 1739 2625 7079 762 4220 2253 2271 5841
7 2020 2512 8207 6742 7883 5091 9569
23 7640 2748 2681 3066 6764 2181 4643 9475 9035 4400 9019 5190 4187 6017 9905 6010 6539 7369 4079 8278 4451 5273 1359
19 2576 109 3989 5699 9657 8194 3940 1211 8075 8945 9859 4775 6898 4768 8755 600 451 8771 9693
18 2912 6199 5006 1233 1386 6076 1721 9623 2191 6363 3977 4997 3878 1953 4155 4370 9053 7773
17 1353 7553 1208 2264 6726 4188 8621 8060 7786 4674 4960 9959 2832 7828 2674 9049 7641
22 8184 313 1790 7659 8428 1603 3999 319 7566 6861 914 4608 1763 3996 2101 9529 9745 1824 7744 5884 371 4432
30 4788 945 6307 615 6842 1863 8445 5660 369 4113 8494 9324 8767 740 6816 9774 3161 1107 7105 2522 1506 7589 5806 8183 4077 8451 8454 8497 2055 8453
16 6228 2357 7631 3375 1627 3721 2578 4792 4278 7613 8572 756 6242 6258 2770 2163
20 4495 8739 2649 381 2927 3190 9564 9539 2866 1836 6568 3876 2294 966 9606 7639 7673 7968 1306 6127
15 1269 892 8803 849 657 115 7903 4301 8891 1542 5264 3500 1653 1547 1808
29 5424 4208 4867 8521 4973 8421 5409 4872 8505 9167 6684 4106 6974 5625 3660 8584 3662 2575 3582 3001 8206 1812 642 4737 1936 9811 7393 4374 8789
19 5341 6735 5090 3840 9065 3949 8272 2107 5564 5824 7866 6824 8745 484 7605 2354 2752 8969 6960
14 1735 4511 6202 4733 5539 9138 2288 101 5936 2940 4049 3984 2130 3204
23 957 3208 1177 846 9118 4021 6247 2291 8510 9379 1639 5268 6513 9978 8161 8006 2619 2302 885 7051 8948 2847 7601
17 4586 5487 6879 3635 3328 5355 4870 1243 8946 9338 9953 960 4324 5044 9013 8808 4540
19 3025 8435 9282 439 5620 9018 6537 1509 3770 4195 2290 3230 9750 5022 4726 9614 2113 8374 6439
6 5304 7704 8462 6473 4396 4887
28 7141 2026 5541 2896 9410 2857 8028 9160 4701 6891 5849 9506 8127 8496 2350 6937 9016 6878 4917 5397 8964 9676 5946 1473 4883 8654 9176 2897
23 3564 7210 5636 3739 7882 2706 5405 8659 8926 9420 865 1513 173 4925 8162 5418 5561 6217 5842 2182 7251 2691 4186
35 1528 4414 3188 7085 2577 5422 1355 1441 5457 4105 6297 1464 5442 8268 4916 4407 7101 9250 8471 2918 7185 1351 5930 6489 2987 5871 5051 7964 7888 7496 4383 2862 4392 9517 8171
30 6952 400 6420 8747 7840 1369 2602 6331 76 454 8343 4685 6790 4176 4513 2701 765 1616 6852 3034 182 5671 6524 3440 8311 7151 6573 8002 9334 5659
19 8342 6558 481 5957 7442 1222 8615 494 872 5197 1526 6700 9446 6461 3871 8880 8044 9915 8377
11 3030 5818 4154 511 2464 1232 8804 8303 5272 6889 3120
25 5161 3170 3068 989 7668 4450 425 1891 5062 282 7021 3674 3913 3266 1446 3832 2380 3312 1356 8683 9669 3378 1901 321 3571
12 5716 6123 7355 1539 2437 9862 1444 5220 1124 6395 7667 4325
13 5649 3468 105 6161 1393 3561 5527 6920 9994 2341 1819 7819 9824
32 3743 8104 3541 780 6575 1902 5043 8909 8687 7573 3765 6223 2370 9292 6970 1337 6542 6697 528 1941 4754 7377 9989 8221 2750 2165 5623 4697 1909 6458 2606 8260
19 3692 1973 4366 7414 2479 4279 293 7782 1666 1906 7426 8456 299 4859 6976 3898 1576 5776 7112
21 6039 4965 6605 3145 9848 917 9807 162 7526 2249 4466 7973 2318 2361 8501 1287 6981 3734 4951 6417 2225
27 2008 1874 2184 893 6437 3031 1876 9533 8199 4517 1853 347 4719 7199 7473 1675 7084 4178 2616 9568 6411 2730 68 9259 2858 7161 8069
7 5245 3202 7813 7719 4295 3064 8700
28 6424 4223 1995 5712 8682 6705 9576 3439 7971 6106 8540 126 1519 5577 3392 1618 6555 5633 3517 1974 9088 1056 630 6545 2747 8701 3671 4891
12 8559 9685 2455 4064 665 5917 66 1631 9889 3669 9377 2049
27 61 6747 7373 7686 8504 5088 8300 7697 7361 544 2557 5664 151 5154 3027 3844 8443 6632 5144 4436 7290 648 8275 6840 1001 1139 2813
6 8102 1090 482 290 3502 5982
26 7229 2928 3786 4225 8348 2654 2270 7629 1008 6140 3210 26 3130 2789 2712 7330 7945 5820 5129 5560 8015 7214 6322 1377 1923 901
30 1879 2293 9586 32 1884 4485 3482 1110 5915 8801 8843 320 7164 9091 3379 9244 4571 6219 4210 625 2002 5784 5454 79 1086 1141 12 796 3975 5865
26 8728 4959 8224 3445 6023 7535 9133 7532 397 2885 2841 3436 8807 1736 5157 6777 1696 1707 6072 4151 5346 8625 1641 3184 3591 3347
27 5381 2788 3403 4404 3270 7232 6244 2119 5995 2972 1096 6085 4378 9480 1371 213 6490 4122 548 6281 9522 2615 3265 327 6271 4813 9304
22 8578 2480 3754 8746 6905 215 6301 4515 9403 3389 9148 5414 2650 1703 7431 9417 4923 2010 8255 9067 8908 9770
12 268 9974 5983 9798 8132 5897 7831 6723 2929 2449 9129 9536
23 3008 2422 1186 5291 6967 4744 5021 7872 2137 2154 6785 1466 1314 1167 6880 4448 6095 3192 6766 9076 6914 1642 5501
12 7877 7846 3833 5593 5437 5301 7305 9300 3443 688 129 5071
30 7799 8629 4665 5777 3783 9130 6762 9272 1048 9837 3146 3450 8105 8291 4906 2768 2004 7168 3567 1420 3726 4999 8457 4434 51 7241 3274 58 6995 3478
14 8520 2791 825 172 5662 1331 4798 7066 1912 7122 644 5345 6499 8019
27 8271 2963 8198 8823 4376 5678 3194 3181 2966 1716 2630 3213 7462 8539 184 534 7179 7800 45 7354 9713 605 598 4927 4393 7138 1015
31 585 4546 8573 95 1792 6538 3778 5298 508 137 9784 4266 2501 6176 6504 4454 4360 1885 7449 1434 9616 7908 6014 1156 8145 7983 4676 2347 6782 2251 1038
21 7911 6851 5205 9252 3330 5019 9578 8676 2980 8600 2692 7540 60 3140 9781 6944 8321 5057 5931 5682 2627
25 741 5113 3092 956 830 5503 8188 8860 2395 8610 777 7920 5556 9917 8450 6629 6763 4682 5729 7418 5558 3756 7868 5468 923
17 6607 3067 5307 2787 6272 1511 3785 542 9438 1179 2057 5486 1424 1291 7990 1064 8897
17 6649 8792 2056 9135 7636 6744 2749 801 8041 5365 5461 1262 3792 6019 1758 1137 2530
24 6160 842 9845 6503 8236 6024 8412 5260 5700 9741 6253 3948 1073 2431 6543 1457 7895 1659 5555 755 3733 3633 3887 3386
14 4882 8209 5282 9654 2999 7162 6589 2406 1193 808 2621 1844 3749 3402
22 2941 5393 6003 1503 1175 5135 6346 9481 5160 5465 4924 6821 624 2546 8680 3828 9047 7844 532 8849 9467 2669
29 4687 6924 9543 6220 2041 4645 5913 4441 3305 4211 9882 9298 4394 4264 8383 4543 1709 5984 1814 8258 1485 261 5826 407 5736 5348 4741 3741 1343
34 2774 1530 3557 9712 8379 9948 7169 6163 4879 1391 2568 4677 1934 3610 5262 4688 9043 1501 9630 4388 8649 8250 2371 2028 5053 4146 4766 7989 5644 5162 7183 3644 2329 8874
15 4829 9579 134 9212 8841 8872 8197 8010 7815 8663 1495 9413 5753 9714 9146
24 113 6752 9078 1997 9512 6647 2343 3757 3710 4096 6488 8646 6820 5705 3198 7447 2820 3309 9587 5469 1825 1585 925 8433
30 8395 4537 150 9769 7380 225 1553 9928 6657 3499 130 8296 2933 9444 1761 4902 7397 1786 3684 4612 7480 3804 8537 1397 8707 6207 265 7758 1191 5606
25 9207 9128 3510 1628 8831 908 8160 65 1255 3645 1448 614 8115 7419 6709 2950 5 4110 3485 1172 525 4269 1354 3310 7731
20 3239 2123 1010 448 6356 5267 6313 7425 9388 7503 2867 6367 4899 8544 8470 8916 7531 7142 8402 5616
20 9411 8848 5562 2769 7502 399 1402 9205 9447 8347 875 6675 2872 1554 1442 3488 3718 7834 1931 9172
3 4644 3539 5653
26 2944 4661 9105 1491 7494 4862 3793 7769 3507 6462 2994 9867 9348 7982 7299 4621 6791 570 6328 848 603 3558 4419 8606 7976 5415
26 1794 166 502 3554 3583 102 6989 6716 9612 4584 7490 7650 3962 4076 8241 8045 2416 1440 3956 3577 6477 4242 4977 6073 6917 5571
28 6724 9452 8040 8637 7884 2207 7256 4958 7808 3901 193 6885 4594 384 4144 3299 220 1615 5947 5488 9008 2855 8468 3581 2022 6933 926 3559
22 9670 3176 8464 6615 3477 8785 3434 6197 10 2710 103 1342 6636 5550 7835 5325 2257 9339 1144 4010 9940 1009
15 8420 6877 1313 656 376 7411 643 2407 8760 3285 9143 6692 67 5969 1559
14 3321 9021 1548 4576 6022 5549 9719 3922 7717 5613 1014 7577 3408 5225
36 219 9544 2690 6352 8128 3057 7548 1453 4617 6098 5451 3673 5879 8918 912 5730 4457 6130 8997 243 5350 8358 5028 4422 3526 5056 7083 5927 2490 6731 7126 749 8106 6890 3562 5055
30 9901 2426 5887 2235 1667 7759 767 5764 2766 3509 8150 3174 3269 693 7620 654 5681 5524 6091 6233 4488 4022 1680 6250 70 6789 4729 5592 4553 7467
17 6044 2784 1955 4830 9751 5124 9346 17 6289 1678 5831 4598 5198 4197 2103 8008 6060
12 9121 5384 6532 5118 9455 1049 1249 4599 4580 6595 6919 8480
15 9581 271 8835 2112 7284 25 2481 2491 5596 1826 9771 443 8372 5631 4018
19 9020 5034 9869 7683 3051 6480 578 7078 8111 5492 6828 7978 6661 5435 3035 5973 5395 7537 5232
14 9291 8566 8157 4050 7277 6182 7364 5576 6081 2453 30 2958 1752 9287
8 2176 3774 5570 5669 8080 6911 7487 939
37 6767 1625 8410 1601 9872 8259 9742 8243 9288 4498 2921 4689 7806 2535 5872 4518 866 4168 5512 7461 4505 5594 3214 681 7024 1575 5095 2764 6057 2252 4896 5111 7996 5876 5399 8980 7906
25 8675 627 8328 3544 507 5830 553 2809 8182 4675 5210 1905 991 9293 4198 8172 8068 6187 1971 4577 5683 6941 2786 1514 8119
31 1993 8376 6410 7870 2825 9134 6422 5803 3675 396 4247 6677 6680 4330 9113 9547 8074 5747 4692 2222 3935 4102 340 5791 850 2196 5159 2267 7676 5547 8618
10 2278 2899 4421 6430 8035 2505 6737 7316 6190 3931
24 1563 6066 461 6566 8125 3691 1368 7755 6939 8334 581 5217 6827 3401 6144 3132 5912 5328 7774 8762 488 7356 5046 3880
33 9979 2006 5996 6338 9549 3537 2653 2753 6587 7014 4406 3846 538 2532 9302 1740 5655 3078 5506 6949 3920 8084 1661 4458 5048 5224 6895 5731 9942 6045 6750 3897 2540
9 8509 7357 2539 3614 2486 4339 3185 472 9721
31 1815 7082 4720 2639 4914 9546 2661 7118 244 2969 9496 4714 1531 4343 1871 670 1840 256 4000 2678 207 1094 8732 6108 322 8349 9993 9560 1892 4315 2773
20 6633 8073 1206 5679 1320 4947 1566 5168 1572 5330 2255 7124 1483 9443 3087 4172 8959 4267 9834 8507
8 2327 9459 6349 8611 7565 2457 9351 6613
14 610 1734 5829 8940 161 6698 9284 3694 8605 4700 3238 5011 431 690
20 2507 1251 565 9795 4587 6648 46 990 9822 9896 2417 4561 6038 6728 6436 5722 9384 6483 449 7015
17 4098 315 8309 5663 3036 5263 4607 8761 9655 9516 7453 9699 9266 879 7069 6087 7404
6 4066 7346 3986 1914 1395 1626
31 489 6457 6192 3105 3795 266 9949 4930 3952 7187 1198 2601 8416 1756 7879 3473 6312 8242 8532 1919 9365 2638 2579 8269 1258 3094 6035 7391 2814 6016 7733
8 5902 9137 7379 8973 3261 2095 6344 1855
9 7468 8394 7694 6355 3343 6093 7980 1722 2508
31 2429 5654 5120 6425 7382 9538 5766 7043 6359 1297 716 1348 9208 4628 7148 5278 278 7260 4710 6552 2582 2155 8931 8356 4691 955 2337 6210 9545 6011 2208
31 4984 6804 3512 9042 8529 7171 546 1943 8864 5329 4456 6642 5314 9110 5313 6556 4235 7675 96 9661 9040 4952 4129 5728 5115 4424 4418 794 1254 8211 8147
9 2828 8967 932 7202 1408 6334 5362 5758 1150
31 6418 3329 2881 2333 6026 9262 7777 4724 8869 5033 3157 6104 2614 6235 8545 4217 9428 999 7720 6773 7331 673 2849 8267 6606 9773 1577 5685 188 1718 8947
3 3667 2736 7376
21 4056 5332 2330 1470 7672 5072 814 2396 9762 3525 2127 6194 6768 6631 6534 7244 1950 5735 1939 4319 1304
19 9698 3196 3368 7737 6739 5187 5642 3169 4089 847 2796 2319 7972 1327 4296 759 7739 136 9796
7 6965 7347 6904 5862 1163 5513 3286
9 3410 4455 9487 9954 5463 6991 2502 6559 6342
16 6361 5990 8832 1326 3112 9761 6407 1246 7071 1764 6509 2193 8156 8333 9711 5173
10 2418 7671 351 4516 8196 763 5542 2096 2276 9472
21 6269 8978 318 4704 6280 5374 8809 9687 819 793 4730 5851 6145 6906 4030 4614 3260 1713 1238 1088 5543
24 6694 2711 3073 2036 8155 8298 2173 9817 1431 5976 6146 9967 3000 6429 5233 2739 8845 3890 8452 5434 7481 4918 2815 3631
17 5222 5856 5017 6984 9180 5866 7068 1004 2846 5219 7542 7587 3449 5104 77 6234 8824
18 2531 5112 3317 6922 5351 146 8118 2044 560 5861 118 1589 2393 959 8253 8332 7111 2117
32 5881 9851 7637 5711 1474 4371 3622 4828 5608 4426 7488 7237 8169 357 1767 3979 8779 125 4036 4631 2081 9312 1007 5775 1848 8866 6614 2836 8770 4350 4531 4241
17 3708 7926 5532 4092 3796 2506 5490 2204 7328 1360 4732 416 5932 1158 1507 7600 7182
12 4873 6004 7236 9925 9708 855 198 8126 8381 9601 6514 7375
28 1228 3396 57 2250 6638 6399 3099 8956 5933 7898 7370 8693 6231 3613 4218 1486 4740 1976 4572 7838 8805 4928 9961 7044 3679 8499 296 6185
29 2166 4833 3050 1460 5495 2831 2187 4888 8164 485 4800 8798 586 4204 4443 366 5986 6264 6372 5980 9372 2131 5251 16 6246 8404 8612 5390 5003
29 9187 9191 4507 7337 3082 6213 9234 8263 3843 4117 1429 2179 3854 3967 3772 1981 5640 4809 877 5421 3353 5687 9245 995 3179 9206 5368 6665 2597
10 8564 3160 9109 6261 4017 8220 6243 1067 6441 2544
17 554 1984 4794 7102 1634 4764 9972 4119 8485 1896 9701 9823 862 9968 3341 8364 7093
16 6900 3384 6245 3906 422 159 2377 7466 6279 7407 8928 9694 7231 5171 4135 7909
31 1332 6159 933 3453 1762 7642 8694 4638 3851 9611 897 2402 5864 9709 4746 3455 1224 5349 2590 4500 6055 9343 8818 6468 4797 148 9461 3172 9753 9281 1134
7 7227 3246 4994 9301 5294 3417 3825
28 6780 5721 3199 2000 4986 772 514 5702 4347 2011 6345 4566 2498 5031 7757 3982 1719 6560 9295 574 6175 7261 5277 2976 4795 3063 9999 7460
17 3655 1363 6550 9341 9645 2128 8288 5302 9644 7368 3893 4312 3873 2190 7797 3244 7581
27 9626 4648 4080 5477 5650 85 9570 3746 377 6582 1541 7384 8933 5052 7582 1493 7155 9456 631 5266 2392 9145 8090 5202 7899 1293 9792
10 8698 9503 3108 4613 8071 5138 5545 590 8375 2586
10 5343 7224 1655 4141 7092 8306 6521 5077 1805 6419
30 8086 5500 3830 9562 2731 6196 708 3418 7513 2174 9226 5372 3799 2607 6619 5768 6451 7599 1622 4831 7408 5321 2344 495 9986 5850 7281 6715 1230 3264
27 2324 4255 4666 2180 6380 1985 3429 408 6378 5583 1045 2189 8475 1119 7258 2890 3337 6690 1070 1726 7722 5688 8363 2321 653 3812 3969
27 3697 8277 4502 5182 9743 5453 9158 2675 3228 8229 5014 2374 9023 1283 8881 4335 3004 5648 4609 7200 6725 5037 6396 6273 6032 1887 7539
19 6913 9412 7666 1508 8110 1565 1725 711 7516 7045 5386 7262 1394 8692 4460 3980 214 5484 1140
22 3168 2520 1054 4088 5107 3636 4063 5914 4074 774 9193 8336 7272 2063 3023 2083 4181 3113 6978 845 7533 7825
24 6843 661 7574 4016 9620 5674 3098 106 3086 628 6732 9597 1782 9802 4261 4554 3518 4216 7824 6507 5942 20 8185 3346
6 7188 6377 5475 2317 7439 9803
23 6794 1588 9628 417 7174 6222 5452 9238 1012 724 8140 6036 2308 262 418 9726 3941 7395 9203 7219 2185 9960 8319
8 4877 7428 1276 119 856 9037 4027 6285
13 6139 7585 7876 3666 9477 660 4709 9044 389 5825 9277 9860 2724
20 1407 3976 5535 2518 6454 7208 348 5557 3469 9322 4340 434 6366 5552 8314 6225 4678 7514 5703 8000
29 477 1674 6836 3605 2635 8368 645 4099 2275 715 7498 5176 4747 7998 6505 9534 154 8107 2454 888 8315 5068 1044 2946 9294 302 9184 8463 9916
30 696 3572 7430 6563 6886 2817 6484 4449 9789 4085 890 3925 3293 8289 7886 5420 3142 2027 6388 2202 8734 1673 8526 5618 4308 9876 5443 7943 59 8301
30 8213 1100 9805 5732 1647 3732 7477 629 7081 9553 2548 6866 3115 8212 4368 9142 7790 2242 3186 5863 9423 1385 3301 7997 5239 6959 5474 1614 1052 2169
26 8787 4170 2566 9757 7190 8367 4713 2075 516 281 1861 350 4323 6863 3359 771 973 4082 3864 7089 3084 7509 5493 7784 7235 8535
16 7709 4575 6265 1723 6966 1346 9809 9975 6268 3432 8511 7006 3894 11 543 2430
17 5858 332 164 5584 7342 7778 5632 7381 3550 8400 5249 1714 1597 9163 1382 2325 6753
16 3647 6274 7921 4849 1704 2091 1390 9063 8515 7826 197 8925 9432 176 6241 9673
27 1447 6455 3462 6413 152 572 2732 7941 252 7474 3874 6699 1907 6982 1275 4549 6459 9748 8317 6999 4961 2342 3630 4817 4189 807 7937
33 8630 4184 199 4115 4585 1587 7730 930 4130 4398 4397 5074 1389 9077 4219 5929 8961 3182 9911 2279 7385 6755 5416 2953 868 3658 8276 6594 7297 5361 9635 455 6063