2 8890 5067
3 8773 3827 4778
3 7013 7015 2337
2 2384 2951
2 8670 9803
9 4679 8571 1356 4189 8100 5046 9354 632 3781
4 719 5969 4177 3517
4 6252 6583 2463 9350
2 1135 5886
7 1178 2486 4275 3902 1923 8463 2909
17 7109 8546 6548 2504 561 134 4517 7288 4900 5518 3071 8704 3525 6151 8090 3543 5173
5 563 1140 3903 8870 4399
3 3654 4736 1064
11 6031 908 8793 3508 7930 6531 8762 488 8304 1092 3850
2 7468 1114
4 3696 1956 5147 1374
2 7227 6018
2 2418 9359
5 3578 943 2411 5988 6494
2 9121 7482
10 2015 8111 7519 4199 8724 9787 3848 5144 82 224
2 6321 8330
20 9550 4450 8895 2959 594 9754 6564 4142 1708 4551 3059 7593 5130 611 4490 7953 6487 1677 3713 8674
17 6403 2981 408 9231 1416 2309 4341 3282 7841 8230 3911 5918 165 4311 805 1718 4841
2 7716 9520
2 2176 4325
20 8758 7196 6762 4705 2362 5909 6855 3659 1925 5820 5129 5683 6999 4961 6434 9747 7977 5415 8744 3934
2 8227 1190
7 7913 4317 8809 5198 763 170 7980
24 9913 1421 6173 7263 9948 4819 1325 40 3992 9919 3234 5550 959 7923 2475 5493 9404 3143 9615 4918 2815 8572 706 746
2 3647 9530
2 3321 4483
18 1105 4629 8038 9741 5559 2501 4950 1533 7292 3822 6768 4548 9699 602 8888 5563 8156 7204
19 8878 211 5426 9516 4584 7926 5532 4092 3796 600 1763 1933 8619 3837 1479 5661 8424 7307 9931
3 311 7362 5471
3 6039 6960 6080
3 4829 6090 3791
2 7948 218
13 9449 4065 1433 7194 7672 5625 3660 1821 2269 3887 2410 5244 2090
2 5991 5578
15 5649 5914 613 693 2406 3001 8206 571 7828 148 451 5817 8333 1139 3204
2 2736 7376
2 7325 766
13 8184 7383 7153 6174 8356 5098 7395 9058 6933 1938 9827 5312 5175
4 8578 3088 1087 6518
3 3202 4390 7460
22 7862 9636 3036 1553 5994 3099 3210 5247 1842 4144 3299 220 1615 5401 4427 8949 3041 6193 6087 4799 3035 1038
3 8965 4868 7264
2 9459 3288
2 3358 7522
3 1563 8402 4700
4 3708 9914 1426 2853
32 549 8179 7188 6189 1024 8370 5017 4088 2333 3493 5678 6380 6716 1725 5064 5140 3592 6948 3136 1277 4621 9531 4513 8354 8441 1249 2035 5274 1927 6717 9567 3626
35 1776 4586 190 9473 4437 2422 8328 4624 4720 9105 2999 292 7386 4107 8028 9160 4701 7276 3351 8129 2093 6707 2340 2817 6637 2792 5634 1080 9660 6349 7214 2847 1701 6853 8012
2 8967 9910
32 2735 1335 4842 9207 5402 2233 8848 1142 4228 7787 3462 6216 2178 5830 8761 847 7503 7187 684 1525 6769 5492 5772 6781 45 7885 8753 9120 9794 2677 1705 2658
2 1192 1545
3 9927 5891 8308
2 5480 7458
2 7575 2265
23 4948 6208 5593 2343 4072 5133 1980 1008 3874 8974 6142 7788 7651 1083 1754 7989 528 3076 7154 1375 566 9312 5370
3 4644 7760 1559
5 6912 174 3324 8718 124
3 2573 6521 1950
2 5983 3638
24 768 7329 661 8573 8915 5711 5815 4119 8413 5557 5658 9361 1461 7727 2003 2676 6945 9245 440 7242 685 9668 8770 9938
2 3608 9693
2 2718 89
2 6377 6143
6 2297 2099 995 5953 9690 4203
2 7804 1546
12 666 1695 2678 184 3956 9756 6217 926 7568 9387 7524 231
26 3580 3692 8213 8932 5743 8426 9744 6293 9100 2240 4433 938 7697 1591 8077 3465 3187 446 2353 1935 4310 336 845 7533 3440 60
2 3147 9360
5 306 3028 1093 9568 2563
1 4887
1 2591
28 7957 4788 3918 7129 2748 5710 9385 1908 417 8298 5382 7334 249 9872 518 6678 1322 2029 2427 3419 4131 7225 4116 1990 8249 5003 3836 7700
4 8711 5979 8278 2408
2 8088 1015
35 3090 8640 4742 6002 24 394 9166 4583 4537 6168 9627 6420 4003 7434 4024 7682 7636 1859 9177 8988 2037 2565 3470 1235 1283 9653 2619 7139 1606 3273 9434 1118 5895 1658 3110
1 5982
1 7110
3 476 6441 3478
29 1560 5222 6740 3779 9830 5507 7172 1835 871 3542 4397 1297 1846 1281 7368 6974 9624 8010 7815 8663 3485 2946 1044 2080 4904 5248 1905 2185 406
5 1803 5975 8319 2897 9476
17 7108 7113 4853 6056 1047 4212 4712 9843 4565 6578 6935 9257 8411 7559 5637 5616 9749
2 2660 5821
3 1399 7600 7133
33 1209 7928 5440 9901 8024 9851 9274 3510 6475 2440 9464 1587 1386 1272 6331 6882 674 1048 3666 2417 4561 6038 6728 9363 4252 8340 7947 7669 8282 9294 302 8622 3289
2 3539 9569
30 9313 8962 4066 7028 6110 8447 5920 3022 4297 2518 9286 85 9381 6274 8820 7796 4409 2011 5385 1519 3730 564 495 3548 2098 2697 5294 3971 4178 5512
2 5091 8722
1 1880
2 4027 7813
3 1817 6644 2746
1 4796
2 8071 8433
34 5934 4618 5086 3103 7877 6843 817 6752 8978 4630 3605 8835 8079 415 952 7746 105 2173 592 5350 8161 8006 9047 7291 7591 393 3662 2786 1514 6246 6492 1837 5571 8594
2 1778 7621
5 9954 4052 9465 4506 1408
2 4011 8000
2 364 3861
1 1855
30 3055 5161 7810 7320 2106 3334 8868 4938 9042 4326 5045 5465 7267 7630 2596 7189 6131 7583 7624 7201 6696 7089 3084 7358 5355 764 3637 7160 4741 6288
5 1874 9740 9642 4987 9887
16 6745 6647 8244 8481 5610 1747 9533 8199 7745 5707 1216 2298 9650 5760 6250 7115
2 9483 240
3 5332 2177 6152
27 4058 8564 1860 8715 9974 150 4482 4493 8421 8245 2330 1203 3211 6014 4187 96 3186 426 4322 6432 4218 8625 1641 3184 5788 4671 4846
3 8306 6665 5108
11 499 5919 9509 4774 3703 3322 3571 7054 8497 2055 9203
3 4411 3705 6994
2 6544 6285
2 6879 835
14 1973 384 262 8829 8201 2579 2342 3630 2830 5078 1575 2880 3825 4013
21 1040 6662 2123 5954 4830 7438 8263 9645 7924 1873 7627 816 6820 5705 3337 323 2131 4599 7235 4192 1226
2 873 3207
34 7929 222 9888 7709 3640 1625 2401 7446 3191 8856 6903 4403 1745 9858 7103 5700 387 536 546 2906 7592 2498 5031 5561 7071 9126 5346 631 2251 5889 9067 3644 3033 4783
26 1269 5721 933 7000 1460 3775 990 9284 9742 8072 716 544 680 8344 7798 8181 2334 4357 5805 2890 1624 7859 6936 8726 9829 6467
3 7355 7655 9525
2 368 4949
2 2212 8994
2 9925 1022
28 4435 1815 6139 4781 2006 2143 3396 7557 6984 4615 1676 4802 7912 6157 2844 2048 5589 6687 2229 1616 2925 8341 4996 3094 3456 1456 7371 1247
2 3936 2669
1 5903
2 2053 4023
2 3381 1998
2 8192 3870
29 9563 7318 9920 1177 977 3615 9492 4862 8529 3258 8952 350 8014 6283 8416 278 7260 2052 6249 9534 1484 5549 1878 1663 5647 6500 5596 5926 4145
3 7347 923 7641
3 7346 8047 7391
3 4467 5985 5334
2 7444 4604
10 1208 9049 8913 6158 8908 562 4568 2238 3931 2862
13 3291 8599 798 1744 5928 5467 7540 160 8336 6569 7964 5125 8377
2 9252 3367
18 9864 39 1942 374 2315 1590 8027 2645 9547 6446 6891 3890 2491 5893 8959 6300 8332 7
1 9287
4 7779 641 722 4277
1 8563
29 8292 3281 7640 1414 8792 6245 5158 6133 2543 2969 8259 1934 4628 2765 4358 7497 1058 2753 2872 2692 294 2517 460 3151 762 4220 7676 392 1207
5 3760 5813 4054 5960 5758
3 3362 8422 3889
28 1273 1888 4601 769 3564 9698 9402 7471 5654 493 8040 267 5662 7816 967 3232 5344 6363 11 8471 9788 673 2849 5002 8929 7146 1378 3950
30 4078 6160 9733 7993 315 2711 3068 9030 2031 3116 2209 3594 4773 3570 1746 5428 7642 8116 6137 9863 6315 2404 7767 5739 6005 9398 2310 1258 4488 4156
31 6381 4059 5300 6794 6877 9267 8410 7934 2464 507 9833 2760 8316 3121 3079 1982 670 7782 1666 1906 7426 6314 4261 5127 3641 6010 4451 6448 108 8939 8171
1 1159
2 9251 2709
30 4758 29 5885 6656 1406 8323 5890 2690 9685 5282 7638 6021 6034 4064 3169 799 4114 4498 2945 3714 8576 8476 9664 9076 4757 8276 712 4931 6019 3643
1 7206
3 5441 8345 391
4 8303 2007 3185 144
26 5245 8073 1186 6523 9705 5267 3439 4930 8229 5014 2374 4636 4810 8954 2202 8197 1753 1291 7216 9955 6895 1987 7744 7261 6721 790
1 1339
29 1194 5377 849 6261 1474 4398 5374 5298 2373 6059 9157 2513 3946 8473 6184 6759 8907 2478 3091 5924 1881 6074 9591 5989 3716 9215 1001 1825 6919
4 3614 5742 8606 5524
28 474 1528 6269 1637 699 9246 7428 4848 6265 9735 7692 1565 1459 8595 5630 1073 2431 3389 8031 8299 2795 1659 420 3125 1699 1327 3153 6073
2 9349 1284
1 6527
30 8950 7849 3236 6658 6747 4635 825 7870 5875 656 5433 9065 66 3669 3752 865 1513 8153 3339 9966 3516 9006 651 4367 9339 1383 9898 2609 7606 5449
1 6517
1 4471
3 4717 5573 8235
2 6190 3559
28 7657 4090 5406 9820 3579 1090 8548 4661 6125 9804 559 767 524 9229 928 9110 1786 815 6557 6778 9908 2454 5462 2822 4242 7968 9977 8618
30 6541 4536 5727 8020 6155 8784 5626 1792 8989 4481 6538 6484 8493 9132 8650 9221 836 3438 2398 7790 3256 919 242 860 1385 5536 5874 7485 669 8196
34 1867 3988 2912 6418 6485 8736 4414 6924 9691 2957 3603 1326 8796 5779 3170 9179 388 698 3292 7145 6389 6124 8172 6459 5085 1964 7917 7251 143 2961 3048 1579 2145 8677
4 9377 4476 2253 5592
2 1376 9601
1 3560
30 8102 8557 8209 5744 1251 7117 2118 3739 6480 578 7648 5701 7498 7562 7081 595 3178 4881 4004 903 1574 8383 2336 8714 2902 4691 7032 5202 7899 3656
26 2944 3430 326 3199 3220 1365 8768 5169 2128 5210 9333 9987 7062 7006 6528 7871 5353 2582 879 6614 2133 5936 7758 1191 1120 6185
2 7464 6834
25 3693 3311 513 4196 318 1977 5112 9681 7643 3117 1352 5221 9659 1424 510 2611 8297 7771 1007 9439 6991 301 4479 1633 4474
9 1381 389 1085 4473 176 6241 2409 1150 9472
18 4352 5679 8819 5375 4121 3776 1388 2561 7157 4640 5410 2723 4463 6770 8837 6242 8311 5855
31 5018 7429 7499 606 3743 7064 5387 8104 4112 6255 1260 7174 7494 1422 5503 5632 7381 4654 7842 5072 3387 3081 6431 1011 312 664 5749 831 3687 3492 4374
14 1002 3751 4898 974 5166 1229 7050 5842 5138 3505 2070 8019 5456 3871
1 1000
1 492
37 6822 423 4008 6916 8675 6767 5227 1013 1635 3176 2566 8588 7226 9341 9576 3802 7209 6615 1537 1947 9800 2159 7510 7817 5019 7886 1780 167 9040 8891 9467 8626 6388 3914 5987 2175 9876
1 5071
1 2758
24 1992 8518 9707 3527 9128 9495 5393 3947 8348 7534 4415 2663 5134 9118 6447 4675 3085 1789 6520 6606 9773 1751 7182 1552
30 5717 1724 6404 4428 4546 1852 6756 6327 164 8085 1913 5241 3609 2702 9038 2156 2851 5950 2255 7124 4453 6371 9994 7095 9148 5414 8948 4614 526 8036
31 7119 1512 8449 9412 9595 3017 3050 2497 9738 7792 4035 92 6425 3636 348 9836 8800 8097 9444 9101 6790 3142 2027 6256 6049 4239 5840 6792 6212 9865 2814
1 2887
24 3371 7229 3005 400 442 5732 5054 992 1175 3345 2525 6989 2191 6581 6176 8632 6397 4015 8623 1576 2457 9351 6191 1343
1 4941
31 4309 9325 7965 2432 5902 1447 6884 6669 4807 856 5892 761 2731 7342 9981 3663 6134 6808 3163 8026 8574 3432 5164 8065 5785 1788 4272 6335 5599 4281 4622
30 7952 7711 4260 2928 3354 498 5156 5511 4007 2732 3783 7315 9964 3453 9508 5838 4840 1316 3955 7753 1836 6568 3876 2873 4251 9661 9608 2550 8195 383
1 5226
1 7581
30 4214 7455 3596 1630 9137 5698 8902 4207 1102 9199 3532 5539 6359 8843 320 581 4221 2294 9218 2433 1882 4298 8092 2763 8964 2594 1301 7496 4383 5973
29 6466 9409 6961 6633 3990 1100 8832 565 6220 6356 9353 9135 6247 6460 3915 2192 8917 8284 8335 4651 4925 3297 8893 4570 3000 7069 1829 5977 5439
28 7561 2589 8699 8979 3461 8462 8207 6634 4940 1324 1508 3685 6932 3811 7208 9026 1320 6129 5997 4745 2749 4425 787 6294 1312 9555 5682 5362
1 2528
8 4520 6600 9663 7023 9484 2926 7011 1300
1 7433
9 4070 9750 912 6631 1764 1174 8943 6559 729
8 8968 4465 7742 5937 4332 7834 3080 8712
1 6686
29 5868 6456 5881 7435 2942 8435 7768 6536 4657 6000 4291 7479 6272 8585 9639 9322 8749 1217 6612 7101 894 558 2858 1894 5644 4210 8123 3140 6917
3 5371 5281 1652
32 2247 9979 6361 1227 658 3138 5189 3188 3991 8766 3375 2000 9743 9564 2653 7150 6319 694 5102 8565 4373 8125 9961 1806 8734 3978 9323 9875 4530 2376 4319 480
2 7284 7432
29 5693 8086 1438 4706 3029 9845 5120 9345 9182 4396 7448 3122 3829 3429 6737 6313 3476 8958 9447 8347 4889 6866 7658 8202 8971 7184 3020 1722 6221
5 2288 9451 7733 8154 8925
5 1067 8397 7304 4817 5037
13 4048 4523 6382 1775 4809 9271 427 7053 8124 3670 455 6795 3812
6 1319 3272 1586 5850 9990 7789
3 7613 807 7937
8 9763 7835 6725 8279 1645 2287 3063 840
24 3030 5615 6558 1697 9109 8173 7732 7282 9817 1431 8312 3031 5373 4032 3962 9428 850 4030 8061 6032 8080 5361 6976 3762
34 187 3156 9003 7141 9305 8698 7020 7224 7248 7085 9078 2754 4990 7874 120 7558 5959 4213 6727 624 2546 5416 7932 3198 9193 3823 2968 3243 3486 5787 944 3702 4303 3749
35 5970 672 8175 5445 4143 6529 8484 4511 6455 8786 9485 6503 9289 6062 6962 7971 6452 4533 151 8532 6682 9366 1432 3519 4175 9953 1636 7374 4402 8234 3113 6624 8337 1306 5149
5 9044 8982 2698 8221 6761
1 8824
5 2346 3111 737 4908 1507
30 2695 1066 8587 8158 8892 6409 9575 3433 7882 3759 1700 1791 2790 8760 1720 3300 8281 6306 8141 727 8389 9063 4556 8508 983 9878 3929 8861 4695 1288
34 3629 6815 9581 1332 7156 6199 2791 6304 1995 6003 1628 8940 6251 5260 4798 1568 1428 907 6619 736 4442 5073 3098 6617 1183 4215 4122 8561 5653 8611 8905 2597 8980 2210
1 978
29 6670 2986 8310 3333 7287 5358 5487 3067 9255 1955 6567 9751 1346 4744 5021 3454 9240 686 6868 9021 1548 1360 4732 4982 9336 7831 6477 5790 5877
33 5324 2135 1833 3025 9046 7230 3329 1674 2520 4080 2132 3966 4595 2954 6197 10 2710 4135 9867 954 121 9791 6506 3613 9413 9861 2628 3010 6368 2625 9736 4962 7175
1 7632
33 6412 7799 1883 7612 8739 1524 9633 3066 7668 6526 4034 1523 3952 409 397 2933 1071 5552 4299 3980 8360 3356 1035 4638 2647 6302 4577 9059 9438 9782 9309 5776 4891
23 622 3655 8566 6804 5887 1252 5025 4854 5724 7477 4944 9949 5941 9474 4351 152 2990 2308 605 9253 2629 770 1009
28 7070 84 445 2507 3294 3575 9544 2642 3512 1111 2997 494 3949 8272 5123 7876 6386 8288 5168 9880 4438 7892 1877 7056 5392 4760 5376 3737
1 6753
2 5562 2620
10 1146 1706 3996 855 4808 5339 4005 2134 8865 4922
28 1757 3855 3457 9799 3257 6004 9806 4225 951 1755 8795 5541 9159 377 3986 1914 7009 4989 3700 538 3227 5151 2855 5190 7385 1074 3620 8147
2 4646 1452
29 9084 3168 8630 3758 8274 8448 1777 6886 1181 9070 5888 2857 708 3782 353 456 2552 6077 5326 5898 9760 6108 322 8349 9211 2540 1898 9088 2276
2 3193 4417
1 2939
31 2061 8395 3239 6780 1323 7104 3773 4349 4794 8346 7277 8937 3721 9062 1152 1051 6680 8661 5000 6301 9331 5482 5365 5461 6860 4726 2940 4049 8122 2138 5672
32 568 9020 477 7553 9087 3976 9559 1904 7337 7211 128 5584 5783 7034 9561 6066 461 3135 6297 7754 6089 8307 1253 6214 1462 7052 8503 9025 3347 7350 6339 1958
5 5553 9999 6365 438 8636
25 1978 3245 8055 7677 4194 435 9586 6402 7191 379 1660 808 4012 7520 3805 2155 8931 7059 7992 1549 185 7667 5508 1202 7601
2 7684 5254
9 872 3246 9184 2683 5095 5179 6505 7472 6934
27 3442 580 3540 9503 6450 7372 4973 9613 9273 1276 1453 2612 3075 8334 3536 5687 1538 8778 6267 6773 1782 9266 593 2564 4079 3679 3922
1 4469
9 4006 1713 4952 1043 9960 5157 2492 2148 8957
31 2519 6689 3555 920 2020 9090 7319 2782 1986 9654 2140 9537 5366 2556 1997 819 5394 1042 2991 4237 9295 9957 7200 548 8526 1238 3229 7356 5873 7348 1662
10 1023 9372 2088 2394 7566 9793 6022 702 7586 9765
28 6663 1305 3869 6424 1384 2436 4959 3368 601 511 6023 2171 4249 2923 5804 4852 7330 9028 4262 6180 9124 7423 2807 6323 7057 8078 3455 3741
32 303 7040 4346 6783 677 8029 5572 7546 9640 2338 3502 2473 115 1521 6178 3746 1292 9270 2796 6772 3237 6775 5786 3497 1440 4972 932 4118 6099 1287 5811 464
28 6913 4648 6951 2783 6340 8187 830 9512 4366 5998 1193 8617 6009 7940 1945 1119 5103 4631 1389 6303 4380 2218 834 246 8365 6955 4133 9915
26 2465 1097 2571 5381 8787 9347 4084 2112 9180 4602 3875 772 2121 5481 7680 7560 257 7280 2485 2750 9528 5084 432 7241 8947 1293
5 9186 3252 1642 5894 1573
2 1529 4321
34 6724 4056 8783 4693 1593 5517 6192 6493 2973 6711 7430 9712 6058 6618 9392 8909 576 2722 5558 3895 2034 2364 1056 1858 5506 390 8423 7269 3533 9004 3863 7183 5784 3886
3 3341 7713 913
8 4528 4181 3523 7427 8879 6470 9391 3857
1 1555
1 8596
27 375 8420 3410 3276 2079 7585 8254 4202 5777 330 4709 6850 5211 7645 6451 7599 1622 2894 4603 6443 1793 1021 7718 4672 8666 5819 4662
3 7909 251 3069
29 9847 9283 6694 9405 6849 5500 8224 1655 3403 6076 1721 8273 7729 8326 7125 2084 8662 8687 6043 8839 914 1704 2091 1390 6384 421 5978 5390 7950
34 4379 9411 4882 1407 7180 8425 3160 892 2963 1030 5540 5516 2442 2982 633 2539 4245 4939 2534 4550 1396 1979 8107 5851 1554 1274 6525 1354 3310 3412 3284 7577 9922 131
29 6198 5716 9187 8458 1689 209 2896 2470 6985 102 6818 3906 2314 2977 3731 2740 1029 9941 4762 1296 3852 9431 7688 6482 8522 8900 9970 3562 5407
10 23 8139 1572 4269 6827 2170 5162 8008 8414 2307
2 8253 1562
1 9824
30 4494 9670 3249 5213 6123 5990 328 6741 2198 533 4686 2825 9557 6279 1561 6106 8540 936 243 3503 3526 6995 4612 8757 4751 1726 7722 4563 4886 7112
8 7122 5141 7863 1095 2595 6676 7042 9776
30 8731 273 157 2920 5304 2531 3651 2523 3557 7152 9158 5193 7778 4470 6161 9298 547 543 4076 6235 5570 8845 6760 7390 5044 7039 6626 4069 5665 5538
2 1844 5646
3 1626 5272 270
28 6901 3149 610 8489 1651 1363 5699 4404 2916 3921 3054 5124 137 9826 1476 6146 3061 6320 7970 5216 2739 5531 1149 3965 4554 5652 8120 587
30 1138 6706 7861 2278 696 9452 2335 1010 8536 6563 313 1294 3062 6597 4824 8064 2769 3305 7021 9958 361 7295 8165 2811 7290 648 5949 7978 9024 9198
11 1246 9732 450 3019 3681 755 9220 2993 3458 6419 325
30 9619 519 585 5424 2313 3546 7889 2838 9306 4255 3717 5955 9657 3194 3181 7162 3315 4244 3434 8492 2793 8525 7856 4419 9986 7268 7024 9146 5474 2544
30 4071 1664 2774 19 5491 4223 5466 5089 4507 7097 3215 9190 4957 9524 4441 5279 8857 4073 279 3447 946 814 5412 362 2488 3158 9895 424 2389 9711
23 8204 7198 6239 3833 5917 3778 643 4123 7866 6824 8745 5320 9739 6075 8885 7338 3844 5745 7625 8053 4193 3043 4120
5 9346 1427 7476 1868 888
31 3607 2356 1735 5971 2738 7512 3572 277 2649 1 1685 640 9731 1729 969 6925 2882 5619 9130 9708 1096 5618 6516 2685 7836 6616 5460 5714 1540 1602 2038
7 2866 486 3957 5203 2608 4901 1962
9 4588 1442 7258 9580 5431 2300 6650 573 3218
22 8520 9463 6875 3129 839 7662 5437 8500 369 8237 7466 1736 5384 1094 7904 9384 8142 5828 7343 8327 9206 2165
1 7025
7 2412 9048 6514 1961 1966 4446 3858
37 3167 2008 55 4984 4885 6457 2915 206 482 4826 1201 7686 3866 8747 8951 9364 5962 1831 9054 5564 2248 7351 2875 5372 9946 7550 4000 8478 9034 6611 3797 9967 4541 9129 8083 5629 5275
9 9249 229 1225 667 2905 4697 7731 7487 9956
11 8719 4361 9885 7708 7832 259 3927 579 2816 794 4393
1 9868
30 8477 6695 6263 6649 2296 3197 2512 3024 9282 9890 5712 4405 9068 7811 5452 9238 5074 5622 3847 7999 3689 264 784 441 5024 1517 6481 828 4929 7281
1 773
2 2751 1018
1 8730
9 4838 1670 9540 418 8275 1086 868 2493 3350
1 4557
1 8727
1 820
7 9019 9519 8251 2258 9488 7393 7375
1 180
12 233 9489 8394 7694 7644 810 3254 948 9099 7100 3820 181
34 1515 372 741 219 7140 1605 2641 1734 3601 2455 7666 1518 4658 8995 4639 531 8058 2105 2547 9644 3323 7734 2237 5463 5053 6894 8608 7826 3787 8735 5215 3014 4292 5434
30 734 1879 3826 3384 8629 4910 212 6645 3468 5409 6907 8018 8615 4344 8851 9440 1487 7706 9017 5035 5529 7721 3769 8751 191 4983 7359 1377 8923 3631
1 7678
12 3729 7483 8755 5595 5010 7878 4236 3417 4606 994 7649 9243
6 6515 4337 869 7017 5020 4803
6 4301 9600 2747 5825 2691 321
33 4150 1353 2949 5858 2230 3317 8198 989 7690 2577 645 6966 9761 3993 1872 5008 3221 5116 7626 4234 6543 1117 6791 4956 9541 1107 2806 6993 5588 8098 3819 5224 6828
1 2430
29 1005 489 3697 4387 6851 481 3426 3114 3325 2551 7344 2122 6681 4406 6116 173 7743 4165 8523 7331 5114 1743 5736 9648 8082 7784 5174 3032 5399
11 7453 8975 3206 8454 4976 1473 1437 792 7969 8371 7855
14 1206 8815 7898 2125 5597 471 4647 2481 3265 9454 1953 2347 6170 452
27 9675 2941 4877 8586 6786 1970 9702 1910 9202 3477 8785 7769 3507 5864 4096 223 8935 9762 2226 2876 999 9154 4823 1350 1526 6700 263
33 2917 3471 1794 1170 8262 2357 271 3092 1223 5816 6413 3554 422 5853 1667 6013 2216 6103 2270 7014 3959 8904 6509 9844 4238 198 8126 7038 2953 4510 2617 1813 4432
28 6228 5769 6900 9935 5359 5295 8991 7579 8412 4872 9822 4068 6462 8218 8108 5611 80 288 5609 6396 8658 630 6545 9178 3792 3884 4683 2363
4 6591 3312 1088 8543
22 7379 1949 3565 3867 5910 3102 6346 3392 9375 9407 9900 1656 4188 5181 5505 6889 1594 7673 73 2908 9172 8738
10 7075 3926 4926 5731 1731 7590 2002 4324 1823 6675
1 5968
28 2883 297 9626 6654 864 2074 5829 3632 1215 4099 5495 7316 8505 9810 3625 5986 6264 6006 3344 4263 205 324 9755 1847 7751 6354 4320 3286
3 3225 6499 8490
1 7061
4 4138 4811 1304 616
10 3230 3809 54 2194 7996 5876 9123 3064 9499 4185
1 9723
1 4793
5 7809 2593 4127 9993 2130
31 3549 9393 9976 8509 1609 2788 874 47 6360 2967 3680 4205 1245 8609 2809 8182 5730 7532 3359 7521 6938 6869 7121 1285 1691 9552 3835 2114 4286 2764 8044
2 7147 437
26 8290 2147 9104 1503 3740 6399 3839 2652 4503 4472 7770 3754 5117 9821 6880 8469 7623 8215 5048 2689 8364 3277 8238 5545 1157 1510
24 6607 6735 9011 7102 6729 6244 8667 2323 5907 255 3635 5379 2311 1457 6561 207 1893 4735 9443 4731 4540 3224 1359 3380
31 268 1492 2426 1588 720 7867 7380 5352 6078 7595 4141 1787 7794 4768 3428 7883 8177 6540 9933 2139 8140 5671 4600 4542 8685 1801 2725 1952 5836 998 7611
5 8788 5296 6 1020 1230
27 7891 7373 4233 6454 5650 6512 6601 7513 8860 1768 6064 7529 9911 9403 7960 5176 7378 2328 6278 4812 4095 4364 1153 5047 2329 9281 4951
5 8605 0 9461 4923 5077
17 2717 8373 9436 1236 5099 7137 4573 2469 5229 3595 2188 8934 3633 2289 6136 2704 8898
1 7773
8 310 9258 2326 2301 3172 796 3975 4268
6 6463 2502 7943 4354 4308 1244
22 7088 2026 9556 8440 5347 4575 8128 3732 9138 3694 3767 5763 6847 9594 5336 1643 7408 3864 5348 2196 8862 3586
27 3253 1866 8149 9406 3104 4815 5748 9869 6474 4913 8780 2393 2898 7679 1411 6801 5475 7511 1623 6311 7951 3522 9792 653 7215 818 4305
2 2445 8825
33 4839 6277 1543 9514 9291 7864 9852 4455 608 6765 780 1233 7994 8110 8791 127 9458 4285 6094 6904 5862 7635 1368 2500 8513 153 1542 4747 49 859 6065 9831 3688
34 7956 7475 4098 5218 9052 9768 6068 4200 1267 448 3830 146 9819 2250 2033 7068 7176 8741 275 9379 7265 8294 6229 356 603 3558 1144 1379 2886 8216 5676 3665 8818 7335
34 4525 8708 4637 2559 2327 4873 4208 1984 7357 6164 1869 1240 4673 4376 1580 9297 4645 5913 7631 7275 412 2246 6830 4971 4963 1730 1205 4436 3868 6914 6291 5485 7783 20
7 4329 9840 9909 3422 7615 2224 757
33 7399 8559 113 7114 627 3849 5369 5554 4502 168 5285 7884 7535 2706 6657 3785 3547 1875 7192 5502 7195 5807 4340 9518 8633 1698 8267 8589 4759 4273 750 5884 3569
27 3008 1773 7116 8277 3910 1640 1843 98 3414 6222 2693 1393 9607 6231 4777 6391 1446 3832 3684 4572 8999 7181 8409 5364 707 2494 8501
7 1922 4022 9764 7723 6840 5775 6350
1 3491
6 6238 4580 5812 7079 2922 2983
6 6610 3388 5470 690 9811 3612
1 5059
3 7990 8119 7105
34 9752 6807 5598 3667 7687 2536 3951 5510 457 2881 6186 6927 3816 6805 5952 2059 4559 129 8228 2808 2438 6588 7096 6683 2466 5696 7705 3771 304 9891 5718 3223 1137 5269
10 1785 1131 1129 8084 1661 4284 5688 8363 8222 5459
34 8329 8728 3049 7398 7704 7082 2293 1121 4863 8554 3537 2852 6580 1686 7387 9143 5664 9225 5080 4335 3004 5257 4991 6145 3683 1128 5432 1638 3040 8211 4197 2103 1865 8226
30 957 2324 2538 9191 6410 9487 497 4953 5214 9947 97 8998 1464 7637 1098 2978 3977 4997 1342 4626 1919 6355 2127 6194 8781 2998 3134 5331 9906 8499
25 8342 9649 2742 4154 5771 1430 2984 7411 454 4074 774 744 5670 6802 1541 7720 1936 269 5345 9468 4680 5753 7044 9770 8046
1 1344
3 3709 6348 9069
5 3086 2812 8070 3611 4158
36 9216 4855 7463 554 6502 5808 739 8376 3891 3989 9874 2904 1221 1797 3583 7041 5088 2831 934 161 2527 2057 5094 5801 5747 9056 2687 3039 6187 5946 5912 5328 9301 2516 2865 7833
29 6965 726 5049 502 5006 6550 4666 2119 6357 9975 6584 8504 74 6104 8665 3661 3939 7551 6156 7786 8460 588 4678 5773 4231 6958 4994 6060 5575
4 7972 7844 532 2152
6 5444 5883 1680 2820 9290 5798
7 2541 9921 3733 7518 3431 3132 4865
17 4836 9897 9737 4924 2126 2557 9780 7094 5793 7945 3018 8528 1262 7218 5669 6322 4716
2 1143 2448
33 700 2576 5341 1228 3208 8774 9965 248 439 95 9680 5663 8188 5576 141 5764 582 3699 5105 21 4569 9582 5319 8286 1694 8162 7450 2836 5446 9673 7820 3984 557
4 4420 8430 2839 9536
4 8553 3298 962 3238
9 1061 5325 2257 8269 598 1909 6766 2049 7283
34 3307 8703 4495 6044 2603 5237 6952 3865 4421 6942 935 7193 3482 3524 3970 6336 9896 9085 90 9798 8450 4097 8844 1448 614 7396 3504 171 3464 2096 748 9396 2100 6227
29 713 2869 4475 9996 8203 2657 8157 9815 950 984 3530 6910 8918 6856 6920 8099 5556 714 1243 8946 1915 1187 6330 7954 5051 7123 9061 226 4392
3 5513 644 1653
28 5343 7210 1530 1959 8464 607 5674 3165 1046 7659 7077 5219 3765 3235 8314 6225 4915 5118 9455 1049 4968 3954 5542 4766 2450 1599 635 8850
4 9418 1478 4339 3259
7 6744 3161 6207 7719 8265 4779 3097
24 9985 854 35 7665 1443 9156 285 5603 1702 776 1468 5171 7003 8248 5778 4294 2354 2752 9599 5896 8607 6084 5293 5848
33 6831 4894 7911 7186 8459 6200 2382 7628 6182 5453 3940 5135 5070 8160 4278 7474 254 6622 7130 1237 1740 9324 1486 8723 4412 8468 5544 4363 2243 5697 2169 44 3664
2 5478 3755
34 9140 5235 2429 7293 1784 1372 8021 9666 2495 284 4029 3818 9429 7492 6698 7135 6416 5356 1639 5268 4043 2680 6679 6211 8305 1156 4928 2936 5148 2157 9714 1185 3413 7437
28 9679 117 9523 3444 2828 6135 7846 4164 332 210 2937 8882 81 7037 9441 4209 8906 8721 4936 6154 5789 5961 26 6817 7310 3928 590 4243
4 1027 6911 1213 7814
22 789 7314 6430 3475 9543 7043 7663 4884 1016 5317 1289 7354 6709 2487 7854 3015 4752 3248 5935 3711 6063 2252
1 4818
1 9515
35 2316 2720 8406 541 583 1838 5027 2714 5746 6053 6473 8823 4115 6652 9457 8353 1222 2966 425 1891 5062 434 116 2144 7099 9883 8387 9726 3941 5429 9145 6693 1195 3860 5404
3 3824 2615 3120
31 5192 961 5299 61 567 3148 5034 2975 1564 5621 1634 7239 3905 6566 4582 4477 5083 6423 8293 7016 7997 6947 5509 4998 7051 7918 4641 5230 5499 3279 8582
6 5780 4492 5159 1976 204 7509
26 8189 902 7927 5425 69 5602 6825 2368 1804 1211 8094 8901 4857 2931 1682 8048 1654 3023 1808 6230 5623 3012 8467 9849 8654 6390
4 7506 4191 9097 7756
18 9579 584 8598 8291 5097 6883 1772 6325 6226 3407 1333 7382 5011 1173 535 6964 1495 6524
17 6150 5307 881 7988 8239 8830 9232 2197 4100 3330 5450 4500 7228 8838 3427 9013 900
33 8840 2166 5856 2511 730 9631 3566 8682 5690 6159 4497 9570 1282 9604 8220 6243 9539 3145 5284 3242 1618 6555 5633 9373 1076 5489 18 973 1091 4348 3945 9005 4795
30 4687 3409 2899 4170 4184 6202 199 1550 2686 657 7762 506 1415 189 6495 4430 3154 556 4974 163 6972 9212 2707 1849 4230 7906 2819 8001 5398 6273
35 1315 88 5860 4307 8271 8302 945 3424 6206 1218 2537 9071 2654 2075 2291 9687 4496 6692 67 851 8927 7675 9480 5755 7402 2701 9854 333 6621 2097 195 5454 79 3349 5423
30 7401 5335 3817 1993 4377 1113 7451 965 428 2167 8035 3205 3624 3173 7296 897 7086 7785 1436 8004 8017 4800 9389 6988 2499 8451 4769 9507 2964 3619