29 6428 6130 7901 1247 5345 4046 9752 7870 9183 1253 4864 9545 9466 7321 7130 5373 3073 7803 9998 772 9226 160 2529 8836 1834 9698 2041 4586 9837
30 9475 2446 6613 2297 8134 8049 8910 343 174 2983 8483 7743 4941 1747 8826 1308 6743 418 222 6110 2941 8403 1945 7263 898 8955 1428 9383 9544 2678
32 45 8033 2603 4804 7511 5528 6756 2085 1994 8737 3558 6559 3176 4243 4565 3368 7948 5775 4492 2070 7133 2639 4778 3793 284 1669 894 4271 7214 5374 8307 9604
26 1566 8299 4166 7894 3702 3118 184 6854 409 7784 9482 5137 2859 5909 920 7750 8847 9706 7398 4675 8252 8542 1543 4895 9645 5987
32 156 5455 6956 1035 6888 2971 3954 1260 1913 5522 1160 8518 5343 1360 3146 8801 394 5122 3692 3129 1611 7732 9005 5745 7657 1506 6541 6887 547 2516 6524 8805
28 6975 3209 7015 6258 2048 3275 1865 74 9220 1207 6033 8347 5611 7623 210 2757 9469 2488 1252 4225 6243 4484 6981 856 7746 7156 5543 8887
31 6198 6885 1466 6668 5334 2512 4824 5436 1198 9107 720 1020 1104 1023 8722 1936 5732 5409 9659 4847 1286 3445 2628 3523 712 3838 5946 8695 2088 1027 9768
29 8450 4107 8205 928 1964 3036 4278 7944 4672 5769 1849 7672 2705 2092 3034 2949 9209 3884 9749 5288 9493 4810 783 1716 1266 2848 4353 5851 1363
30 2717 3902 5967 4808 1862 4050 768 703 8488 2142 3340 4497 3982 6368 8185 1553 1667 2741 5790 4522 4645 1941 4618 7821 7451 8302 9353 5526 4866 7688
31 7849 5524 548 7458 4455 9980 62 5188 7227 6535 3487 2028 3035 2044 8371 9024 2060 9292 4470 6739 6505 8692 4491 5607 699 374 1378 1798 1464 8589 447
30 4467 7426 5535 3119 5069 8003 7985 2768 6262 7412 9310 2601 4095 9500 300 3246 9010 9091 9830 9776 4475 9532 6458 5141 5180 3727 882 5970 5877 7215
31 8103 5260 4581 5984 8464 8765 163 956 8793 576 5793 5279 7958 8352 643 5356 3047 2485 7823 8271 8800 7685 4626 9610 7461 9022 4061 6867 5471 7934 496
25 6430 4661 4501 4259 9930 9790 9229 6361 1326 1749 6954 1972 9367 3096 5505 8757 7428 761 9926 6679 2953 8343 8061 8743 6806
29 1134 6227 6214 5156 9416 5797 4486 499 8441 3508 5292 2877 6114 7919 1598 9999 1702 9846 6349 8806 6840 5140 2072 7713 1119 9778 8024 6240 411
28 5254 1599 3361 61 4560 4677 7605 6615 3785 3364 353 8734 5913 5808 4213 6323 2200 100 8869 5807 4283 8690 8058 5633 6755 1106 9882 9346
30 2995 4114 8961 8565 9130 9751 8439 5229 1131 9315 2853 2961 4158 7522 2178 6025 7612 7099 6539 2653 7563 9944 7669 6592 661 8522 6637 2380 503 582
27 5832 8607 3534 9219 6995 1639 7866 8377 5425 4833 1168 5289 1962 4617 2300 9011 414 2026 4837 2641 8474 4270 892 4291 9916 3580 537
32 7678 3827 3878 8851 5377 3331 2775 1009 4134 5570 3989 9917 872 5018 6581 9464 4813 2032 2326 52 5340 2131 8098 1463 4744 1827 5380 8520 717 4384 6371 6055
30 6261 601 8472 288 2141 7723 4302 760 8517 1679 6989 9908 4869 7312 157 4277 3067 9427 9405 3222 9429 4233 8357 1782 3947 6040 3988 5650 5859 8816
29 2234 8698 2442 144 2756 1448 4304 630 4950 5312 1971 4533 115 2657 3477 1457 9297 440 9867 763 2081 7862 6489 1686 6222 8376 4643 946 2480
29 701 9213 9131 7351 7579 7603 1133 7988 7927 8904 7336 359 2416 5848 1721 1409 938 6306 5003 5043 6314 1159 5449 6917 2991 7970 3451 788 2217
28 2139 5383 3833 2777 4607 6348 9825 4487 9491 619 5222 4544 9072 6010 4160 1662 7779 8029 4860 9783 8086 4029 6858 5812 6153 2357 3633 9941
26 9151 929 8027 6150 8693 4323 3420 1759 6584 833 7939 2397 7589 3609 9122 4780 6827 495 3564 7145 2162 2778 2264 9710 9071 2296
32 2870 2648 3693 9787 5751 7742 158 1093 2918 93 6978 5935 9634 3494 6449 3121 2811 9800 9390 1122 9103 3615 463 2831 7954 9193 2360 2976 617 9866 2134 4964
31 4182 1038 6200 7979 6117 5181 2218 5368 6409 5278 4652 4774 933 2066 8015 3175 7238 8168 7437 3125 2362 4554 8361 9399 752 7517 806 4699 3381 9607 9770
29 820 8440 5908 4279 432 571 7974 7878 1657 465 8628 6191 2389 4343 1530 5646 618 2447 7040 2598 1273 9639 8382 6899 7094 4532 3522 9918 5517
27 4611 1143 7402 3679 4386 4983 236 7054 4017 3254 8602 6862 8611 9158 4943 6321 1391 5651 5458 4932 9205 735 4664 7738 2273 2968 4014
30 5266 7418 4662 4751 7982 7442 304 9494 3203 2846 2260 2780 7118 6591 6462 9810 8310 2319 9896 9269 1200 8411 1974 3112 1981 7166 9927 8585 2016 9577
30 835 3562 4066 8678 4937 3367 4104 8494 2674 1477 5238 6318 5291 865 5782 153 9598 4843 1789 9162 5853 8340 8881 520 5232 3547 9828 5698 341 3517
29 6507 4980 4060 2855 1983 4529 7667 2096 3882 8238 7950 8813 6206 8446 2342 8860 5484 303 8171 3945 6549 3966 8456 5719 2667 9679 4380 7424 2406
28 3060 7708 26 7699 4834 9302 4350 3192 8783 6329 6185 7863 5661 6386 1829 1706 8497 3193 2227 9758 3428 2605 1018 7734 4367 6360 9505 9643
28 5482 1030 1956 7060 9754 5714 3335 2194 2832 6037 3055 1128 9824 838 3495 1613 9647 3822 1296 433 3626 2437 1374 1281 6308 2616 6235 75
27 3155 6980 8850 659 9974 6292 704 4015 2433 8476 532 2948 4215 8814 6873 8597 4737 9587 7314 454 6107 9472 7998 6943 4762 5361 5738
26 8044 3025 1807 7449 5151 5058 2774 194 6412 7352 7554 259 1905 7681 9674 5186 6839 4142 6825 7498 7342 1762 2544 870 277 8694
27 9053 7179 3630 3417 1969 5167 6369 7046 5781 2651 5694 5108 8135 8996 4321 1741 8331 6987 4558 3977 7972 634 1975 9080 8070 9724 63
30 3353 9960 8128 5865 5310 6313 6966 2346 7393 2542 9254 3277 798 9769 8148 2193 8200 1156 2684 4359 1757 9333 2824 2063 4688 8244 7435 6332 4419 6627
31 3216 9740 3579 8841 5333 8766 8006 3430 5523 4201 1630 4658 9414 8761 3102 3013 7476 4357 829 7627 7085 1208 7224 3374 1108 7923 5729 6094 2620 655 6164
25 8078 8835 417 7744 6912 6634 800 1007 7473 1460 2923 2004 1458 9666 131 650 8300 6333 7193 3739 4155 4297 3607 3349 8932
29 3873 7539 9441 2858 5612 4227 5744 2337 3156 3908 5951 9993 3134 7549 6772 7556 4129 6940 2229 8459 3965 4968 6501 2285 4631 2567 2487 8583 7917
28 9670 7760 3551 6623 5128 7232 8526 365 7316 5821 6385 6705 6999 116 6951 4748 5104 6653 5688 307 5047 6880 9176 4907 8100 6881 4254 2149
30 7674 5673 7494 7694 5387 9612 1239 1677 8239 4692 5748 9436 8013 7195 741 9739 3377 669 2226 324 3539 5697 7444 2438 3699 5521 7192 4590 6650 6787
28 1813 8590 6168 9627 81 2644 484 8528 6697 3273 3975 331 1103 9931 7126 2889 8519 4143 2259 9199 6070 7659 7583 2311 9586 4502 6647 3748
27 9601 4671 2554 8503 6275 3851 8564 888 9854 2286 4153 1214 2606 1467 6228 4819 7829 7495 2543 5544 1658 632 6717 2834 145 6142 9154
27 207 5583 6032 684 784 7028 2797 6328 2919 9760 2255 1044 673 2010 3287 9419 7064 1940 658 2240 4651 4979 1812 5215 8986 5551 6301
27 7782 6982 1196 479 1422 4573 2018 3281 2525 1792 21 7935 5497 9411 7088 9283 2798 7570 1480 8822 129 7665 732 2721 9542 2925 8351
28 2758 5130 8870 1614 9263 4788 5506 8005 8477 7472 7108 8665 6298 7882 815 6802 6387 8608 3217 7057 2575 2284 5017 8306 2709 2008 7654 697
30 3187 2198 8166 1148 8282 5258 8966 132 1904 4385 9178 4040 9704 2019 1914 6611 3650 7932 6938 9693 3933 8163 1183 9181 9524 7791 4619 4940 1791 3143
27 8980 4260 8386 191 3698 9076 8549 8381 2748 9186 3532 8573 2935 9228 9694 2982 8529 3184 8367 3337 5626 1107 3224 1254 5559 1697 7063
29 4891 8724 2090 2365 7384 4219 5460 6464 5925 8649 3675 9921 7068 4906 858 7739 4902 6384 7881 3371 1164 6126 3133 7440 44 7810 3345 4256 8114
28 1826 90 8740 3618 9385 3150 1293 851 1306 2071 168 84 5411 6337 3461 7385 5248 2886 8056 3178 7274 3712 3752 8736 6041 2467 5007 3952
29 3636 9340 553 8431 7650 4309 9753 5406 2788 3398 3548 9311 4045 1636 2187 5037 8333 3885 4187 3466 6004 4073 9259 2566 3713 9962 4346 7837 8096
29 8786 3179 4660 5553 9129 678 1373 1804 420 4363 8260 642 6719 3132 5767 6968 6403 5495 1084 7 9379 876 8088 9025 6532 3207 9580 8470 6014
28 5876 9351 5645 552 7253 9621 5783 5435 4315 9798 3774 1647 1742 1097 729 4276 6698 3891 7333 1649 6095 2471 1481 8940 8845 1010 1522 5823
29 3766 3181 128 9559 837 5883 6427 9172 8398 6344 7727 8907 6018 4161 8560 3657 8975 1645 424 3666 8397 4920 5814 9004 6086 2537 6823 2829 98
30 5014 4805 6778 2965 791 9546 209 9084 5277 9973 7767 5083 9250 9185 7953 3672 1047 7273 842 2460 3792 5004 2363 8706 754 5813 2959 4556 8479 6491
30 3709 4433 9492 3350 5896 3443 3079 3520 8274 7664 8147 2325 3635 805 6741 3920 7124 3869 6124 599 5087 945 6903 1633 485 2478 2828 451 869 3708
29 3448 3860 7787 3560 1178 7957 9242 8679 3803 7105 4489 7122 2913 228 2576 5716 4421 6726 5174 4404 7083 6558 7786 3053 9450 4407 9347 6947 6537
26 2922 9764 1712 69 9382 4393 8201 2334 266 7815 6976 5080 7663 914 3662 887 5980 9644 2816 7034 7339 7520 79 9452 9015 8618
27 2038 8394 7183 422 9719 6519 150 8687 8877 3553 3314 6192 5265 7725 6786 7630 1632 8420 2164 8380 4075 8045 3459 4973 7246 7926 7471
27 8346 4392 271 8872 7980 675 8463 1603 6084 8391 3407 5352 4425 9008 4351 8610 6977 7425 3394 4203 3691 3994 5158 7730 9423 836 2155
30 1959 8085 8568 6151 3278 6283 5542 9504 9762 204 7955 8668 7039 9855 9655 7792 2204 7053 7737 8626 1075 3189 1617 5992 8852 3559 8043 6673 5365 5320
31 2584 7320 811 8400 1560 5868 792 7441 1836 2318 8150 8131 8214 1069 237 6044 5114 9400 9140 7143 2592 1379 8930 2196 4427 3688 2990 3406 3289 1323 6279
30 1711 1125 9913 6493 6351 1795 8992 1238 3604 3037 7745 8325 4223 529 2743 4551 2372 2979 335 9709 7762 9125 3358 8739 9886 1404 8416 6776 4791 977
28 7277 6791 5846 4458 3582 5308 9678 2840 6393 8641 7671 7847 2052 4892 2977 522 5827 7248 6678 5676 7736 6281 6335 8515 4412 5375 1503 8009
26 526 6578 8356 2293 3380 5052 2021 4640 51 4178 1585 6809 8883 361 4800 6288 5708 6285 6071 7567 6659 6688 6327 7731 1533 7134
29 9106 8184 726 8969 5247 6748 294 1055 185 1299 3770 8211 2909 4383 1490 2500 2970 7795 5239 1216 549 7819 3572 1277 1287 624 8092 2804 5193
31 5959 1187 275 4543 8586 6030 6278 7286 9803 7369 5887 2415 4684 7531 334 5024 4294 539 4855 6841 7834 2453 6247 668 9859 5981 8672 5398 9573 9330 7936
26 6812 474 6610 3333 6284 2873 7891 36 8627 3388 4782 4456 1176 3502 7035 7013 7221 1502 6691 3809 8676 9691 6478 730 6513 8964
31 5371 9194 7574 5197 8833 5313 2138 2782 243 6740 3608 9952 8536 6024 8436 2348 4477 2821 3571 7975 7956 3093 1072 897 9301 6838 509 31 6397 8298 202
29 1579 9038 6857 16 2212 6985 4298 9350 5301 400 8089 5442 3705 4918 751 3400 3960 5498 6232 5923 7814 6116 6909 2427 1682 9563 6028 7371 4605
28 2921 9925 3505 563 7084 5658 9258 466 9533 1725 8206 1309 2897 567 4603 475 9050 6180 588 524 4663 9245 2729 2812 9788 7938 8360 4977
28 389 2996 9037 5237 5483 8820 8072 5706 4597 6419 670 6860 4293 9300 7290 5191 5982 8401 6494 5246 3916 2455 8635 25 3930 852 7772 6625
27 577 3482 5740 5115 9397 9963 7359 7931 6711 4564 2685 5367 4925 3108 4434 716 4868 8198 8856 6831 5437 8084 4571 7741 3474 5915 1778
28 3922 7229 6720 5898 2037 5860 4858 2331 5090 4997 6357 2120 1303 8142 6450 6432 3319 1624 3077 2932 757 5792 6911 1951 192 1369 3106 7187
30 2822 9321 7205 1040 3149 3396 1907 35 8442 7356 974 7536 7525 3834 1056 1135 2015 3639 8158 285 8107 9401 4982 5576 1966 9572 7542 8959 4354 3808
28 9392 3145 8504 6640 5116 7147 4567 3348 8581 6160 7942 1825 907 6721 5152 48 5662 4482 244 3900 1987 8342 6548 8556 8810 2737 7174 9354
31 5634 4349 3656 5632 2253 3716 2058 1151 1012 6277 1683 5036 1206 8605 8020 844 713 8051 56 7813 483 9396 4211 1859 607 37 8554 196 4224 7965 9914
28 6570 9594 286 328 3501 1926 3391 6027 5170 739 6268 8889 4136 55 5839 1830 4839 8498 2663 7168 8729 5025 349 3998 581 8225 845 124
27 2182 4170 7638 170 1421 5945 8293 9665 674 3167 5314 8815 5200 2817 6624 1571 3805 7023 4405 4253 2377 6751 218 5569 4058 9410 7911
25 4974 7216 6231 3524 4391 1095 6703 6971 1519 1096 7009 3094 5072 8031 9169 4305 5335 8664 5452 9637 4360 7411 6495 5513 1993
30 8598 9832 7256 23 7871 8733 8445 3267 2608 3821 6708 2097 9862 4547 8038 5727 4373 2292 2321 5778 4725 6034 728 9013 6702 5996 2248 7478 3008 6173
31 8858 688 5889 4769 9984 5713 4627 7201 9675 8993 3212 3362 9529 2857 5162 9672 4368 367 3574 325 4016 6896 6605 3864 6926 6602 1181 8792 6269 6732 9741
29 9435 1573 6879 1822 9139 6322 2298 5784 8645 4370 2931 7824 7443 3622 4098 3753 3641 5810 1265 1850 9319 2934 6355 4468 3219 6932 2807 8819 9212
32 1408 5837 9868 4068 2769 2013 970 4116 8292 8042 2055 6651 5766 4919 2761 3941 8942 9264 297 507 7350 3690 4330 8064 2159 9306 8160 4681 7119 2514 5002 1990
26 4764 188 1976 1059 1217 1300 6817 1609 8689 199 8821 133 7557 2185 7673 6050 7964 6346 3413 1501 2553 3351 77 4841 6542 2288
27 8172 7642 3258 3781 1465 8500 6446 8076 1028 2552 4064 8335 7989 2944 7586 4112 1225 3088 6199 6937 6194 3613 8393 6577 9991 8774 711
28 4935 7918 8566 8261 2633 3411 6221 5457 437 4334 6574 8437 600 8601 3897 4149 7365 8082 4894 2023 2347 2199 8985 4008 5344 4793 1484 4747
28 9191 2823 2795 4481 3126 3050 4933 2391 4083 4736 8215 5124 3284 2682 4128 4815 1403 9465 6127 1356 7391 8427 4326 4337 172 9152 3529 3634
25 7883 8983 7529 5112 8471 2439 3556 9808 1680 5584 2610 7247 8255 2837 5531 3325 9144 1335 9062 1628 1869 8779 7106 1875 2994
29 9371 7487 4238 8130 2352 6816 1222 1932 9781 4641 620 8859 5852 6143 1504 611 2224 1351 2173 6527 9294 4206 4537 6661 1470 7152 390 7839 5561
27 3387 2086 5756 6959 7230 9273 4009 5210 4730 9571 5223 425 1883 1215 6646 4723 6438 7591 1190 5754 9840 7490 7074 5527 4947 8374 7899
30 1577 6001 7042 9804 5117 2519 3917 2242 1167 3678 718 4515 3464 6418 8223 9794 6617 3824 7003 1582 1561 9682 4485 3163 9924 9285 65 2099 8683 694
27 4119 5388 9460 8717 8584 1854 1174 5757 8588 8318 7282 4835 2463 4288 9609 6223 6962 8563 4159 9357 8508 8632 121 796 7764 9782 2497
28 4071 2713 2954 4311 7482 7637 6128 8000 7401 9842 1589 2017 6996 6904 2387 3895 5252 6083 9985 4285 1979 963 1878 5864 3355 5257 6843 960
29 1179 2098 7175 3937 3903 9836 4156 1740 3541 3427 2707 1074 1158 2355 4546 6836 6837 830 5236 6957 562 1699 1331 10 9170 7223 6404 6217 1298
28 3883 773 4507 9785 6718 7203 2771 87 6015 2011 6378 7884 1968 1451 8732 9630 3253 7684 9521 1755 1153 823 2046 9143 5918 9829 4635 5255
27 9189 280 7439 8875 6815 7327 9133 1895 9317 3863 6814 9081 8915 4414 4838 5287 3728 5977 8524 8173 2987 4366 616 491 1184 2956 3595
31 660 1539 1805 5129 1608 3536 221 690 2158 6553 7651 1688 7334 4147 1091 4776 1819 7081 6526 976 1844 7497 2190 2374 8818 7457 1958 5032 1295 5717 6121
33 187 3660 5552 9887 7448 5997 7543 8250 899 4621 2541 468 8988 7776 5803 6941 4420 4167 4955 3552 801 2997 4972 5858 9331 8388 2302 2328 1800 4026 3101 8180 592
32 2734 6096 8561 3856 2482 9956 421 9489 4673 4642 943 7462 8760 1292 2900 6137 9207 3525 6078 8321 8495 9911 3282 4007 8209 6420 6241 2115 3940 2716 6149 1651
27 5835 8372 4057 487 9190 1236 5010 1121 6666 4990 778 4599 3382 4637 4676 5040 5098 8304 5431 7504 7137 2669 5120 4584 5285 4897 8799
25 2417 8468 5903 6655 3844 1462 9467 7240 5822 8466 3286 1524 9233 3723 8534 3046 1806 176 1324 9318 8811 7521 3758 2213 7534
30 4115 4447 7475 2003 2815 3266 9537 541 2161 597 4062 9689 4002 3923 5230 96 2692 302 1955 6043 155 2317 6694 186 5515 8018 4954 3468 3080 2254
29 586 5030 7704 9747 7335 8324 4716 4553 308 1730 9153 991 4988 5428 1929 1963 1114 9066 5419 370 7710 9341 9603 7486 4961 5466 1615 950 9404
28 8995 9692 9336 7191 2841 1042 9745 4117 1555 1694 5309 1405 3981 1146 9359 388 904 5131 4399 5362 5788 5872 5571 2559 2170 8891 3901 3071
28 9861 436 3575 8625 1197 4718 6731 5587 9059 4031 5350 644 855 8279 623 9276 9717 3007 776 6514 6805 5932 3996 2927 47 4548 3957 1185
29 7324 5041 5564 1410 7986 220 9599 1420 3912 734 360 822 8448 8938 2893 8990 6953 4836 2420 97 4154 8287 6799 1685 8533 8077 7029 5050 4625
30 78 1846 3972 3987 9175 3992 4694 3486 8460 3215 5603 686 4430 213 984 7836 5755 241 4451 7959 7571 7017 9036 3135 651 5711 7951 9094 2879 4331
29 6190 5608 5134 8613 4628 606 2687 5168 5293 5142 2030 7771 9309 8842 4312 86 5539 5884 7079 3255 2676 1019 5589 5560 9576 7107 5774 7978 1793
29 3491 7382 8654 7394 9735 375 2569 745 5512 2303 4929 3743 5488 5306 2171 4317 4027 1013 444 4604 748 4563 3823 5381 3800 5231 1891 3829 6202
29 6440 2223 7794 4944 4717 1390 7158 5916 8646 565 7243 1867 7785 5874 3700 5577 2697 4706 9195 7945 3990 9945 4039 517 6358 9987 3062 5681 2338
28 2368 9446 1437 6635 4151 7625 5610 513 2409 4630 2955 3379 9089 8507 6601 7310 6146 5154 7578 8496 6662 1372 7128 4450 3993 1801 8216 7947
27 4189 6796 2205 6983 3009 53 7513 5739 2538 1899 3839 6684 2617 8475 274 9560 6724 7225 1733 401 5221 809 9759 1943 8574 3188 1199
28 7937 2698 5966 3324 2239 5867 3587 6163 7670 4443 8824 8775 6716 3684 2108 4244 2690 9901 3749 1455 9879 5234 7052 1279 12 8744 6179 6091
28 8709 9826 4318 1558 8108 3783 2136 3780 7078 5070 521 3131 7150 6414 4146 2419 2899 6054 5602 2861 6196 3676 1005 1237 6377 8771 2267 9932
31 6603 7030 7496 5895 3845 6868 4221 9182 22 9289 3648 3228 4290 4667 8639 8864 9552 2527 6851 8336 5060 6270 364 1274 4403 8902 9633 5593 9463 2781 5486
29 5046 2864 1407 7575 8697 6125 3272 9324 3069 2629 3058 4212 7846 1314 4598 3896 2714 834 9597 5267 6067 9468 195 9667 2094 3148 6722 1653 900
29 9014 8152 915 1275 2145 6123 2295 7464 7840 3234 1431 7000 6849 7157 6006 7075 9852 7129 6695 19 1332 8430 6723 3257 1546 859 480 9358 2623
26 1048 6543 7380 3373 3680 4076 4358 8541 1039 1419 9964 1280 7702 6380 9387 2910 2112 6383 9132 8951 4267 7618 641 5667 6974 8670
30 152 9031 1768 1442 2036 3722 8756 3854 6919 358 7875 38 7432 1261 8675 8908 379 8319 912 9511 9614 1432 8359 9608 4790 9766 1705 953 3159 1627
29 3016 2563 5503 7421 2755 9708 5683 7347 2289 2689 6233 1526 8967 403 7242 8871 1736 1654 3737 9171 1513 5753 5019 6631 2422 9535 5621 283 1289
28 4052 2202 6595 4896 6000 1794 1342 1707 3185 431 4726 9970 1002 7072 5820 9712 5758 8764 2425 812 9611 9026 6066 4505 3909 8731 7470 5240
31 7576 7337 8971 6928 2640 3442 2339 7719 3619 5439 9339 472 5311 4028 5198 1892 6100 6226 4033 5493 5212 7963 5421 9206 6455 50 2383 8567 5950 2850 1508
31 8725 6257 8927 7244 2395 6746 5863 435 4004 925 4822 2656 225 6345 5202 1496 6376 299 538 3244 4853 9142 9541 9972 7354 6833 5491 6883 9403 2582 2107
29 5604 2351 5721 40 8699 6444 9027 1750 8478 7680 7291 4728 9821 781 863 9595 4623 5567 4085 8537 3761 5321 2356 4012 9074 2203 2067 3403 7887
28 8424 724 9538 656 2876 9967 1283 883 7660 2176 6138 8755 3360 3893 9996 6629 1511 803 8429 8703 1775 3307 3578 4721 516 4552 2075 5392
29 9141 804 281 2252 2752 5 8375 3528 4589 3865 5035 5501 5000 683 2759 7859 2287 7912 9426 2988 6469 4668 9114 1232 372 3493 6573 2814 6246
33 7653 1130 5771 5914 3682 779 1985 2167 8746 9395 1064 1676 1724 8899 8248 8886 4851 6448 3616 775 9077 5385 3776 246 8656 7420 9313 4121 948 2938 9613 578 9163
27 570 9850 6482 1745 1515 9147 4514 8328 5302 1620 8603 2891 9750 9287 9796 1456 7438 536 8947 935 5250 2336 6431 5805 4561 2985 4690
28 681 4801 8543 7929 4006 1380 1282 3858 6470 550 7415 3315 6213 1847 4779 7033 2206 8837 4202 272 1534 8079 2597 2065 7705 3668 3826 6088
33 5057 3076 68 5669 8083 8751 7607 6359 7392 9949 6847 6069 7906 1172 3488 4601 5994 8550 6350 4740 2113 8868 3052 727 4849 6848 8433 4320 7991 7089 3366 764 9802
28 3516 626 7611 9933 7867 4636 930 5157 8322 9203 8358 3825 1436 3730 9334 998 3961 8867 5614 3408 9083 2073 6477 5225 5294 4695 9188 2494
28 3153 1925 8227 1772 879 5671 8577 4575 7097 5366 4460 2153 1126 5093 6439 6111 1537 9487 3714 5866 242 1311 3510 2731 5787 9444 7399 6413
31 9058 1817 4989 2418 7516 9120 6421 1689 4809 9848 7835 6609 4591 7429 4074 895 5095 8707 2333 646 9316 4770 1234 1381 8853 2751 3015 2105 8640 6587 7272
29 3590 352 7031 3519 3518 5360 6859 7278 4003 9548 9839 8558 6174 922 4761 2283 5642 8414 7879 508 3475 5961 7902 5445 5402 7930 8928 6898 4901
30 9168 2156 3765 3383 1100 2747 6016 5682 5580 9437 2937 9919 67 9458 3983 4230 494 8425 7208 8161 797 1989 18 3842 1765 2501 1550 6955 5836 4659
27 5500 8432 4802 1124 4018 740 9406 2064 9870 5749 4047 9218 7300 7962 6175 3599 9471 9509 5616 725 351 3841 7477 3734 3664 9968 9827
26 6197 5241 5794 2614 2746 7361 3040 6473 1980 8213 2370 1650 2413 8621 7888 8900 7041 2361 3497 1687 2545 6534 439 5948 6639 5453
30 7148 3104 1365 1818 3762 9625 9909 6686 2247 3654 871 8917 7811 7237 4578 9673 6768 744 5636 5338 9938 8521 1447 88 2533 6013 3311 467 2786 9958
28 9488 8447 5938 8745 8237 4252 2673 8673 926 7374 6856 6145 5579 3806 3786 9617 2727 1450 4023 6949 7971 3862 8308 4531 6533 9164 7805 2611
26 5777 6785 5815 3620 7992 8421 1243 107 2207 3545 4374 8691 8007 1353 2315 5081 5357 148 579 9305 1318 8112 6415 3226 3038 4678
30 4753 9498 3027 7969 6563 4739 8176 8111 4273 3802 2802 7706 6434 428 5075 7587 4727 8196 6958 9566 5165 3200 2117 7754 1209 3710 4827 7474 2007 1766
26 3592 6557 1339 2169 1758 949 8958 4145 4396 5304 5405 7340 3065 3889 7757 4051 8041 4372 5641 8570 8280 3469 7666 5386 5849 7533
28 4904 9136 7331 5910 8663 8791 1149 1839 5012 7484 1799 7459 8066 1171 5648 3293 6417 4086 8825 707 3726 3577 3438 2626 8516 9687 8387 3504
29 5465 7186 3899 2469 1737 4408 8569 6274 5434 5384 4504 2188 3241 3393 7491 4109 5590 180 6900 5494 2210 4613 4741 2844 7856 1255 6842 4111 4188
29 3425 4922 8073 968 4697 7406 5759 6186 1248 5322 9090 3817 954 337 3137 8614 5640 5078 6023 9638 9680 2282 6251 8559 1385 7729 3202 7270 3048
28 3123 6347 6935 3268 8277 908 216 9622 2680 135 9526 3721 9389 1726 214 7514 6965 3162 4786 7646 315 2856 7601 9900 6311 5712 5930 1177
30 1574 1691 2836 9884 2401 3300 5772 4264 392 4844 7076 2262 3543 2973 3801 8362 3886 6302 6343 631 3296 6109 8326 6289 9065 7164 575 9388 6133 9478
28 7138 6891 9288 5475 9732 9817 4175 8957 8264 4885 3637 2763 2986 8939 5600 5962 264 1050 6045 4806 2880 6342 1061 344 8981 5926 5178 9700
27 3875 2607 4766 6416 9095 2912 6658 9380 4831 4292 4882 9651 7288 4633 7018 6565 6621 4648 9779 2898 4216 723 9905 5582 497 1327 5644
29 42 1271 9075 9286 3347 7087 7110 7592 6515 7614 9812 5550 1698 9448 5842 9483 6353 8116 1684 8208 2222 8014 2392 5342 8708 6972 6762 8619 5674
31 327 3075 256 6363 4476 8046 456 2499 7629 4679 2062 9057 3849 877 1452 7199 1382 6714 5001 755 7447 5444 7797 7269 6733 6771 8510 3450 6818 2902 6865
31 7995 4701 450 5461 2051 3292 1076 1542 6902 200 8040 5906 2116 8435 5761 1856 5443 4656 4557 840 2271 4991 3365 4709 3591 5765 2896 8803 3979 7537 233
29 6423 625 5149 2557 7724 3164 795 5125 1802 9308 8944 2547 4914 2878 9845 1413 8999 583 5123 8817 3509 4462 8716 5101 4646 1361 3816 6189 9192
29 6392 9443 8523 1014 653 5051 3847 9407 2450 7163 2175 1290 1889 8144 8482 5426 5378 1918 4310 1523 847 5094 4234 8485 9342 7604 7553 6498 6730
32 719 2672 1191 8170 3385 817 1562 3881 6105 679 5084 3784 2078 1557 4873 5890 6486 9217 2077 4240 4752 6863 3012 5902 543 8647 8203 7807 9244 3279 8715 2894
31 175 7639 1556 9699 2430 7249 3667 6752 3341 6097 3797 8832 2076 1701 5048 3514 8283 5541 9070 7832 5103 7825 5762 8010 5286 3157 8830 3985 1313 4097 7577
28 493 94 534 5136 7636 4976 2677 7117 3018 5133 8258 560 7056 1744 9935 9312 2364 5389 1803 7211 8738 8323 1790 8782 1288 371 3444 4087
32 6229 3235 1842 8052 7109 4655 73 7299 3243 2179 7038 7812 3330 384 5290 1483 2056 6502 4845 2043 9596 8119 7479 4731 1528 1529 7480 6022 7617 2189 3530 2659
28 138 3503 8919 7323 238 4828 2435 7693 313 9857 4410 2903 5786 3978 5741 8396 2402 742 1343 7311 4210 2694 197 7508 9765 9731 2901 2084
29 6781 8502 3128 1700 5574 7668 590 4454 4521 4542 6893 8931 3435 1352 8787 3677 3814 1346 2128 6528 3140 2621 1646 4319 8777 5685 6633 2215 9343
27 602 1425 8492 276 1175 3122 5022 1302 8262 878 5701 3124 7509 2981 9214 3085 1710 9239 8705 3843 765 1912 4038 5536 8272 6960 2783
30 5798 4236 6461 3312 1152 1923 8410 380 902 6256 8222 3879 125 3063 3344 5643 5056 4191 7628 591 8048 8071 8157 464 2862 3274 2441 8132 212 9895
29 3183 8644 1424 4214 4123 7176 5351 2762 5176 4527 6225 6773 9833 9844 1094 2278 6518 6712 3031 9237 5283 8101 4176 6103 7644 6059 556 6810 1637
29 9543 2335 8120 1325 4248 9831 1340 9327 1872 648 7766 5854 2165 8348 369 4750 1906 5773 7127 2490 3964 7302 4729 9903 4959 251 4580 2059 3570
29 5262 8026 1675 5005 6304 2637 8249 1897 2061 8655 8878 2276 8345 782 9763 8578 9040 5816 1884 944 5933 8344 7501 6209 3369 253 7817 3472 9799
26 7662 6425 3471 2195 8615 4307 6747 8638 5059 868 1163 8426 3220 7171 6170 8702 8113 864 3924 4342 5624 7683 486 8596 2594 6017
32 3440 4830 528 2715 3950 6073 1681 8634 4472 927 5146 1671 6263 4440 7596 4825 4218 6156 2125 5880 1973 3056 875 7507 3115 7895 4150 399 9947 4890 3540 9204
32 6669 9166 1205 9079 2906 215 7488 7872 4465 3304 7062 3402 545 3356 4090 2114 8422 3370 3567 2231 2792 3880 9337 6870 5363 267 7619 3946 3796 4592 8945 7886
29 7245 7606 1704 3201 5456 5307 7239 1368 4193 1692 6171 584 9303 5427 3446 3401 5737 3971 3594 5605 9105 1703 5190 4222 8637 8658 5789 7996 4361
32 2265 6683 5965 1505 5416 8711 9235 6212 3777 7024 2799 4281 7830 109 3568 2939 2237 6594 3204 4865 9922 657 8785 9210 9335 3729 8002 990 5780 2969 3555 7527
28 3815 2874 9459 9772 4530 6522 1777 5235 8309 4665 997 2495 7712 4829 6365 5924 8226 4035 2344 4441 6373 7113 5085 7505 5261 4274 4881 85
30 4466 4632 8624 4152 6794 33 2738 4938 3683 1011 7802 7560 3812 1401 7102 9047 8758 1336 9016 8704 5656 8428 5300 4993 7551 6745 8164 4683 9555 6216
23 9988 5595 3005 3696 1588 9989 6979 9531 4032 2124 7001 8338 1488 2975 7783 3597 6467 1900 9582 9476 7319 4235 5921
29 9413 5147 5492 4327 9702 979 6551 6286 7111 5900 5530 7267 3795 5840 3054 1439 7546 8461 8921 3245 2172 269 4848 4783 1957 7280 5256 9841 6172
29 8220 7855 4122 3260 7020 82 167 6395 4190 1132 6715 1228 3846 2833 1418 1137 6075 1376 2118 2473 4899 6165 6391 3022 1583 5275 6184 6564 419
29 2600 4494 8977 1809 1631 8798 5303 2322 9314 8122 1754 4376 6908 9902 1535 9507 2407 5617 4861 7098 7226 3230 4426 3706 2393 2749 4461 4708 9307
27 7633 6897 7329 1499 873 4887 3033 7675 7390 3742 6552 2121 9501 7258 7012 8688 381 8491 9473 5469 8275 9602 4105 2571 3024 4923 6835
27 3117 482 5973 4909 5585 4817 6990 2679 290 9375 8047 1618 6993 1853 4424 635 7999 7433 7241 7446 5143 7301 814 2505 4197 4268 7555
26 4768 1831 5653 9797 4415 2394 6866 356 373 5647 1389 9278 382 5652 8028 7103 6087 5271 7913 3521 3084 3614 3906 4674 265 2367
31 9180 2146 6154 810 429 3907 5654 6267 3429 5502 2654 5904 1329 2539 7620 7363 4072 5394 1 7848 1823 2515 162 9146 4409 826 6761 7858 1655 9847 5269
29 1572 9589 8017 3659 7116 5478 5218 3984 5568 5192 2647 1371 2014 9959 7044 112 6850 5415 2272 5164 1384 4024 3154 6324 6704 1486 4516 5227 6479
29 395 7984 6890 9811 8063 6005 6485 9121 8022 3711 4900 5429 3506 2184 6082 8925 2671 7200 386 4572 7826 7535 9373 8449 2434 9713 240 9018 3876
29 8946 7297 8952 4217 6237 706 6411 6652 7202 1089 8369 3631 9906 3771 3061 9421 2256 8972 5331 1591 165 3617 2764 8622 6260 7770 1967 5736 511
31 1386 3496 554 5113 1835 4144 408 3949 9078 7405 5700 5856 3484 9677 6367 430 2730 2006 6930 6334 2929 6555 3658 6774 5408 2104 5725 9320 7843 1559 7559
29 2150 9822 1204 5952 6093 2140 1210 8726 4969 8642 4888 6918 8769 924 1294 8630 9344 5594 17 4439 1026 3561 1328 8174 7518 2385 769 8290 2719
29 3190 9890 6671 8710 1051 338 4053 4093 1004 5911 8912 3791 258 5063 3759 3894 6453 6396 4070 3252 1478 9108 857 3239 4840 2268 1928 4418 4171
32 3831 2163 687 5127 4966 7845 1276 8913 8620 9725 685 7455 9690 9815 5998 5974 6026 917 6991 5806 7410 2602 853 7904 8065 7101 1347 3938 6654 8228 5779 8696
29 9111 3832 6062 1113 7026 952 2166 7952 6710 3170 5401 2009 7209 9412 8106 3136 6253 604 8599 1231 6394 1902 296 1112 2618 8682 1150 5204 6575
28 4172 5703 9635 3867 5968 8575 6566 3001 7960 2281 9883 2590 4344 3926 8137 6483 2581 7206 1224 500 8 1065 8136 8451 5629 1629 6157 7368
27 4078 3169 5511 8273 9721 3741 2536 3195 3320 1166 3454 1489 6129 3152 9564 5242 8866 8379 8767 7547 1922 9631 6569 262 8776 3868 7756
31 8141 9742 4338 2599 4126 4082 2301 1322 5496 9889 4921 3434 8337 2235 559 4934 5205 7510 1729 2180 7092 5319 9198 6317 2214 2819 9023 8011 7123 7315 2436
31 1788 7235 6992 6475 961 1080 2144 1760 4313 6309 6547 8974 3144 2522 301 7949 6272 5220 3437 14 3068 5463 9656 3689 7445 1527 8535 4820 7631 4965 6511
27 4616 3911 108 8885 9268 2279 385 8506 1120 2509 2040 6456 6612 2546 1713 2309 1366 3549 5891 6645 9377 6499 1305 6901 8317 362 6614
29 4077 2496 2813 8118 4 7769 1138 6295 9231 9093 1349 6927 916 5135 7172 3409 3820 8643 774 6934 7293 8202 1874 8146 453 8484 1916 2530 2388
28 1999 1752 9584 3919 6102 919 8417 4550 9457 5045 3280 4168 8892 4985 7043 1392 5731 2945 1213 1101 8030 9652 5728 4196 7677 368 6264 4789
29 1717 3288 8934 4535 4249 7728 7375 7915 9660 2595 203 7355 4179 9279 2800 9707 254 3799 7585 5986 8312 469 9569 1454 7050 9293 2670 8631 6051
26 8267 3701 5171 2137 8368 6244 1354 5028 5175 54 4952 4132 9261 557 6540 1173 4043 2022 2458 4859 1841 2885 6052 1270 2493 7260
31 2209 5325 1896 6699 6620 5829 3049 1898 5105 4289 9260 5064 5791 9216 909 1885 5299 9893 613 1338 3248 2696 959 4620 8838 6769 3943 4811 2895 7718 8385
33 6042 4469 6597 4765 4091 2042 3707 4192 6826 5296 4785 5597 4401 7377 8659 4092 3317 8124 802 3927 226 5841 7573 9807 3787 9744 9950 2638 6408 1939 9398 3719 4594
27 3511 846 3316 273 2201 4183 9272 1821 2280 5983 39 2720 6780 2882 4328 2047 9480 3000 8069 8719 821 2197 5391 3197 9767 5481 4978
31 9049 3240 8406 2649 3476 9384 2555 7381 5670 6744 4247 9376 7036 7466 9187 6182 1170 278 5026 1073 7093 6193 5722 8075 808 4020 7968 6821 561 1315 973
31 4398 4397 6265 9522 7151 8884 1203 8897 1098 257 3431 140 8686 6406 4417 5947 4335 9734 8034 1656 4826 9897 6984 890 7905 7220 9020 2523 9786 1690 2518
28 7609 4794 702 2135 8651 5433 141 5403 8499 5327 2548 4402 5330 66 4378 7622 595 3569 6019 1843 4324 1857 5677 8994 8660 4237 8412 9982
29 1764 9417 7358 9224 3139 1787 4069 1735 8728 7305 3515 9249 2354 2666 4883 2708 6466 9928 2192 3999 7530 1110 1877 1947 5937 9113 4257 2456 7492
31 9888 9814 5049 8592 2472 3671 4903 8831 3830 9619 2843 1218 1000 5169 8604 4382 6544 99 7515 6204 9624 6964 6064 6608 29 312 9557 8117 7726 8151 5273
27 1109 9791 6250 2323 738 9864 6538 4457 7419 2924 1003 345 664 1416 2245 7231 3433 9028 2461 6801 6239 5665 4877 8987 9904 4956 8909
27 3423 596 736 7707 6869 9540 3997 8911 3158 7876 9654 9372 198 8489 958 4232 6009 6443 1748 3935 4772 9789 5686 1449 9064 5021 8629
28 666 551 7922 2479 7177 1612 6341 996 4025 9499 3078 6590 8721 3449 8341 8295 7218 248 7095 1090 3206 506 5873 442 843 9615 6830 7460
27 6933 3581 5939 2916 9899 6822 4722 8001 7045 1082 3546 9728 9628 3629 4226 9570 3890 2700 2665 1696 1982 5155 4733 8219 5678 5953 3006
32 6950 1824 2785 1139 1863 4195 1430 6622 9456 4724 4055 2083 2735 6672 223 2686 7077 4365 1840 1495 478 3973 7716 7686 137 9063 1017 5615 2942 5960 7422 3531
27 7427 8383 6819 1250 610 9477 177 1304 7610 6586 6948 6291 533 492 6079 2299 6120 6788 6529 4102 293 7019 4798 2448 3138 1350 8314
27 934 8364 9257 1140 676 504 164 4341 9442 1423 6252 2998 568 982 2312 2806 5468 3915 6700 7827 9364 8192 4905 6783 3074 825 5690
29 1753 1893 502 2570 8530 2992 9223 8263 3887 6472 715 3392 9497 8538 9455 6706 1536 3231 6939 5920 2277 7454 9503 6076 8241 2703 5216 6480 647
30 1641 3628 4568 9304 6556 8281 3151 3182 6562 2960 4204 3191 1988 7404 9 9177 8373 8773 4654 8199 3967 3969 5145 3627 7602 7616 6667 3931 9109 9784
29 691 2091 457 3044 6410 3757 2359 9238 2794 4889 9562 5963 6763 7005 9256 9252 1927 4059 8023 9530 1510 136 366 9623 2732 566 3120 4585 7502
26 8551 5336 854 7976 9096 2057 3326 9267 8794 6460 2314 6508 5006 733 1117 2133 8674 2787 5172 4912 1479 1626 1937 1079 7608 9527
30 1434 9581 8090 3247 9743 1520 4186 7180 7065 7338 2039 7135 5509 6224 2080 8094 57 8982 354 8827 3600 1077 6370 2905 8032 2718 3041 5317 4707 1648
29 3256 3632 5555 8890 462 4587 7016 8285 9648 9338 8123 4140 9332 1244 8384 2845 1887 2181 7635 6682 3017 767 1202 8243 6832 9912 4998 966 7021
26 9328 7397 3694 1429 1441 3019 1440 7869 6824 4130 5770 3685 8140 8355 9323 398 3621 104 988 3165 1443 4287 3959 501 4775 2681
27 8097 1942 2890 3099 7790 941 2238 4348 1370 5407 6531 1622 6582 3095 1029 5956 2432 8804 6020 154 5715 8188 978 4682 2143 2585 1868
29 2711 1468 4503 350 3295 7519 8266 3090 7880 3500 5490 7284 8976 9365 1507 4340 6104 8480 7027 6571 2958 5328 7389 7512 9221 2095 749 4352 7568
26 4759 416 5516 1855 2221 1917 4880 9885 5397 9012 2148 8278 3003 9453 8759 2445 2702 9711 1814 2619 5039 1580 7386 2881 9697 7641
30 4065 1512 4390 8513 9052 4910 7679 2129 1127 6675 2373 76 9490 580 5752 7558 8960 6628 2029 4670 7599 118 2503 7977 4850 5936 9723 4345 1235 4576
31 3249 2765 910 1036 780 1715 7022 4231 8718 4444 1307 525 5420 3174 6728 8334 3028 6072 7564 955 5554 7283 3789 346 8531 5575 8749 9045 4512 9431 470
27 5354 1348 227 9352 7295 6876 147 117 7317 9425 1118 9173 6510 2724 8329 7196 4555 7292 5733 3751 4308 6316 3352 6506 9003 1345 4871
28 5233 314 3640 9128 2767 4355 6167 3299 6300 4647 9247 3686 8901 9196 2290 7808 5655 6035 6468 6855 8905 8576 787 9517 6068 7852 4767 4347
31 3039 5062 2583 4088 6889 3764 589 964 7748 2624 1269 4857 9502 5259 6749 7844 9430 7758 6807 8269 967 4928 6118 770 4265 8555 5549 396 7997 6061 519
30 8595 9447 1066 9806 1123 6255 3091 5424 5376 5861 5687 9976 7082 1034 6665 5346 2658 9046 6476 1201 9137 6259 3002 3995 5337 6920 3779 2291 6969 6804
27 9858 5195 4957 1554 5020 7185 9898 9990 230 4431 2946 9280 2082 1517 6106 1195 1931 9641 672 6372 317 4336 5764 2275 951 1946 9418
29 7584 2517 7395 7689 6925 2914 7721 6676 6738 4446 1226 9780 7838 4081 6670 4113 2740 2327 4609 347 3874 2875 1811 6366 6929 1022 8353 5991 6090
27 3384 7793 6864 8950 9515 605 2429 2232 4758 789 6210 1880 249 6338 8276 3376 2246 7366 1569 3270 1129 6053 4459 1316 3652 2810 722
29 7643 8183 1531 4650 5244 785 3731 5228 8741 9006 5023 5096 9222 3199 866 4148 4125 3359 2521 9518 3738 6834 6158 9813 2498 8880 2123 7294 3386
27 1785 9157 8399 667 6177 3186 7598 4205 6872 8153 5249 2465 6484 2151 4538 8133 7285 1043 5623 1362 7204 880 737 860 1727 6038 2980
29 9738 1769 1568 7569 1756 4629 1165 9394 793 1242 2725 2826 5219 831 9290 6530 1161 1732 9875 4464 6081 3087 4624 2340 8527 8068 9438 2936 7690
28 102 8121 8415 2526 5705 489 8790 5177 8389 5183 3835 4657 9116 1544 3828 9716 2466 7733 1578 4686 6923 7169 1031 818 638 2345 6320 2565
30 1415 3051 7698 8204 5144 2154 4394 3745 1810 5355 9067 4101 9007 1144 4986 5972 1783 1272 6512 3419 4842 260 6031 9649 5358 3483 6907 7804 3956 6135
28 9282 8730 8177 1192 2963 5940 7773 1547 9892 530 4588 2835 8191 2033 918 9547 7212 7994 608 5563 6122 708 7252 149 652 6798 5418 5723
29 8407 476 5031 4710 4001 7061 3439 3100 3086 83 4689 189 1552 9424 1876 5447 7353 2307 9701 4711 4041 3023 6 9253 1474 2572 2119 4963 2504
29 1377 446 9019 1024 5251 5499 5353 3934 987 3813 3298 5395 1952 6433 981 2695 1910 9432 9834 5735 7465 7360 5538 8247 1263 937 8443 4712 3227
28 6845 2550 9756 4917 9816 1257 3703 8609 6205 9044 6606 7753 6693 2316 1761 2615 6220 999 6649 3089 1334 5089 8772 7524 4138 7090 6029 4037
29 3877 2793 5545 3953 8162 515 8865 4356 3715 4483 5119 8253 4316 5894 3010 32 6048 4693 4541 4595 4513 7170 5995 11 7523 7100 637 2809 1864
28 1808 6770 8080 6474 7367 2236 7349 190 2947 8067 2643 4379 387 5450 8796 4207 6905 4056 438 8452 6290 1718 2211 427 3308 8187 4685 7907
31 8849 5326 9695 3643 896 1267 4639 2770 2744 8876 4559 7091 7387 5106 6352 231 5540 6924 2087 3142 8662 1984 7254 3526 9496 9508 9082 1509 8918 1268 5211
26 7822 5245 1670 5349 3291 2701 5619 1194 4388 3262 7213 799 6375 318 3928 9929 7550 8301 3593 1086 5660 6169 3168 7801 6663 2451
24 7080 9718 6046 8438 3177 6280 4566 4079 59 8413 4930 1879 1453 1977 2660 6307 9102 3070 2978 4746 6921 3653 2431 7364
30 4523 3265 523 7014 2244 8053 2126 5525 8532 9853 9126 2867 1908 5281 6429 5379 2225 8221 263 6946 6195 3732 8021 2579 3447 4369 9134 4600 1607 1397
25 3171 8481 8829 3744 2024 2710 2313 7993 8493 1852 3194 6585 7682 6398 95 8370 4704 4653 7506 4013 9819 6713 6660 2444 3021
30 2378 159 7173 460 5520 3318 3297 6312 9733 7816 9871 239 3807 2704 3888 5622 5958 5393 8671 3976 2750 4528 3725 5243 9620 2269 3057 1638 8268 5208
27 9561 9820 7120 4926 443 3537 8093 9485 6436 4110 5055 4945 5282 6063 3944 5214 9513 5272 992 9519 9486 6141 4615 5586 8270 1399 4821
28 3233 3665 4996 8327 6677 8681 7526 7768 8349 6567 5547 6648 5441 1661 2220 1054 3535 8684 6140 201 3294 5785 441 4416 6503 7789 4832 1596
27 2635 8544 6152 4099 7890 8714 1674 3513 6793 1310 4262 4519 92 1249 4139 5487 4534 1246 9512 2035 3861 8770 8979 4913 5591 9995 1911
28 3968 9104 2 9073 2049 4495 5742 8458 2558 5413 9127 5818 2852 1188 7431 4756 4610 7210 1471 2871 5264 5088 2454 9865 6008 2400 8539 7820
27 8039 7115 1037 2506 3283 7259 8968 689 6795 3110 2808 5828 7809 7058 5565 4496 8313 535 9000 5743 6254 8742 9878 426 3962 6737 9556
27 1587 405 1021 9042 60 7715 3114 8920 2477 4638 2100 2412 6882 1621 3853 1673 9653 5799 6132 9715 5305 6248 7281 3601 2789 6680 5065
28 3452 2005 1417 7416 2801 320 5875 5159 7450 8284 1085 1406 3747 2034 8843 481 7357 2827 6913 4242 5709 2294 1815 2093 574 5489 4771 7264
31 295 5467 6294 7219 2350 5182 7149 9585 1258 8036 5074 2068 4720 6085 2984 5067 1221 5187 884 8973 1394 1157 7266 7452 8179 9069 3859 3760 6496 2561 7207
28 993 4796 7011 9669 3610 173 4745 8004 5297 9664 3819 339 3026 2324 1383 2174 268 7325 7548 5663 2089 7197 2405 7544 2904 7966 3305 3375
29 4960 2191 2803 2263 3306 3557 9165 6437 5556 9451 6690 8862 7983 7701 1774 169 3418 6249 2045 6525 9775 3221 8104 1997 6339 9579 8037 1551 8194
28 2452 5532 8797 850 2147 6049 2591 8828 2989 2513 4687 5347 986 6060 1145 6895 8190 5199 3276 7624 4208 8923 8633 3687 5110 1015 1136 2661
30 9155 3492 3772 2459 9150 171 9955 4524 4174 8617 1182 5417 143 3942 7893 6119 4946 9528 5572 1230 3736 1355 5339 2784 9978 9112 5280 4526 6942 3232
25 9714 839 9891 3412 43 3905 1610 790 7925 9051 5817 1498 7493 8129 6884 1743 6381 4198 3673 9433 2177 6490 7900 8879 8311
30 2586 1312 1816 8949 5400 4181 8050 9393 5838 3229 4818 9809 8989 2645 700 9197 5013 4299 4499 5630 7749 9048 6465 5599 1728 4228 5548 9161 7747 4131
29 7735 6931 665 3172 6790 593 6554 2258 3625 9149 5121 452 5480 4100 5451 5720 6998 8720 7943 2580 8580 6401 4816 4463 3045 2329 2031 126 8392
26 654 766 598 1241 1229 8572 5862 1317 1986 2502 9618 3585 7167 1606 2568 762 9626 3029 5684 7562 6273 1594 205 5372 5284 1445
28 4141 9727 8434 3339 9606 906 8701 393 0 3724 7580 413 7071 6310 4423 7924 7155 2492 2726 3395 5892 1953 6139 4593 5882 2911 3769 3107
27 3198 5324 3855 627 289 1521 9795 2403 7304 7131 7873 7877 7532 6696 5485 6963 1623 1563 7640 1949 1155 459 889 6136 3421 2668 6632
28 5955 8143 9378 5999 7430 2609 311 261 2646 1493 3290 2818 6878 5581 758 193 4596 6967 5194 1476 2102 614 2884 2257 6203 3645 6390 969
28 4574 4754 6155 1776 4314 1592 250 9954 8593 9720 8808 8552 3303 7692 5695 633 7889 4261 4879 3357 1514 6560 9291 3214 1881 3030 3913 7722
31 3363 5557 9951 6961 5148 6520 8594 6057 8235 4562 8330 7423 8035 2967 7831 8713 9119 6400 4498 9516 6803 1251 1570 5341 113 3527 9148 5161 4714 4063 6148
30 5370 9117 34 7552 4622 8462 7751 9415 1193 5189 9368 9703 5438 6208 2508 8667 5957 7961 179 6894 1722 423 1297 3426 1576 621 677 8402 4364 2103
27 8854 7132 5008 5917 3914 6516 3242 3871 8840 4241 1708 2020 6701 5132 4471 8288 6725 4911 6875 827 885 5316 1375 3663 7885 8898 7326
26 7006 1067 7279 8418 4137 1888 5969 8025 7409 3603 1960 9736 3271 4280 6521 4164 1058 9386 2002 298 932 2926 2866 8941 7655 3767
28 6056 7136 8669 9957 1909 5826 1659 6766 8970 4734 3130 332 2050 2825 709 6176 8378 7184 1828 4010 8230 7780 4022 8962 4490 8895 5029 6906
26 2652 9243 7581 1049 721 682 134 6750 1693 8224 636 5691 5833 2464 5746 1341 923 6736 8735 9369 7967 7228 7453 5276 2634 6422
31 8948 336 2399 8540 357 9322 3836 6616 9936 1797 2230 8245 6098 2577 2551 270 5730 2111 5628 9345 8419 279 5979 8748 6583 1337 6828 940 3083 8768 7796
27 4852 5097 89 6459 3455 8954 1344 2027 7755 5976 9035 1444 8231 9160 9299 9876 8139 3327 705 1116 3624 8965 4884 6305 7861 2957 5666
30 13 3704 4773 2384 2343 9773 5637 9495 6572 5659 2426 4823 71 3390 3441 8780 2219 5573 6336 5061 1284 9684 6517 7048 9277 7413 166 6626 1738 7010
29 9211 9200 3259 3623 7144 2375 5850 3904 8874 9363 9910 1709 1320 7740 7114 2251 1886 4103 4787 7070 9271 9574 9374 4999 6011 5747 7008 1001 5707
29 2440 1833 612 1924 6092 7528 9915 6007 901 8723 5508 9979 5768 2589 512 8175 505 8186 7632 3485 2733 7920 3655 3081 7154 2510 287 7841 7417
28 2772 6330 1364 1751 7864 2860 7621 1487 3647 2132 5601 6354 8752 861 9729 3605 4094 4389 8997 8457 921 8126 695 235 5809 4518 8514 7348
28 6021 5941 5537 8234 6753 319 4048 8848 5704 5474 5329 1920 1870 3646 7615 3499 6760 9730 9088 867 9402 5184 2491 3649 4735 6161 8240 7049
27 8653 9251 3612 8074 9241 4795 939 5878 2722 5412 8591 58 8882 3939 4406 3432 3473 1087 6131 6047 7892 2612 5009 9642 7002 696 2791
28 750 3533 1491 6970 3735 1025 7572 4377 794 5510 6800 1045 8145 8390 1838 6147 6282 4438 1845 5179 7874 5888 5649 7717 7711 6181 5928 2528
27 7833 9246 7251 5675 6910 5102 971 8454 9362 219 8894 2382 4583 7146 5519 3301 6758 355 5034 8059 146 7897 2261 731 2999 5635 3810
28 9215 27 2330 8778 9520 2106 1784 2728 7142 3481 5964 9179 680 5800 3389 1469 5399 3852 3788 9265 9449 9061 3478 3098 41 282 5562 5033
30 1595 5886 6234 6211 8754 2745 2266 4545 2001 3850 4435 6674 1262 7696 2739 5268 2753 4570 1584 1006 4854 6886 7055 8648 7125 4995 6988 3697 224 3116
28 3611 6245 3921 5566 6681 4030 771 6218 1871 2243 4021 2699 9792 628 4258 5295 8571 4719 9230 8612 622 8169 2250 7121 1820 5432 8167 5107
30 3042 9248 3460 4870 3410 7383 8991 8365 4953 8182 4163 3986 7645 5905 5993 585 4488 449 9021 8587 3754 2208 4333 9225 3586 4042 1393 8487 3218 5988
28 8404 9366 9755 291 8937 9961 9939 8680 9274 161 3453 6187 8650 1068 9098 4118 4742 4846 6641 3538 4296 9686 1518 1115 1446 1678 9838 6576
28 9054 6729 6871 4200 9391 3804 1433 5975 6188 6820 8857 1934 2675 9060 3458 183 9262 8233 1901 410 7818 3542 4927 2712 5609 824 5473 4329
27 9688 2152 3746 2358 2468 5323 7489 9240 2274 4792 886 123 2790 4862 1894 9757 2341 6039 6589 9234 9479 8127 5359 5459 5054 9349 7774
28 7828 6600 6509 2966 8178 5138 6764 4306 3336 6707 527 6811 7298 6426 6134 2564 7181 9920 122 9275 8888 9661 7868 3588 5907 8501 5042 9138
27 4634 9942 747 9454 15 2838 2531 1411 111 1668 1395 8616 8661 3269 7656 2951 2411 4924 913 458 7687 9881 181 3457 8062 5410 531
30 671 1062 2604 2736 4715 5066 6452 1593 8873 841 2183 1189 3670 564 7308 8149 693 2216 1652 3638 1970 28 3980 1731 5702 3014 4981 1105 119 1773
29 7318 7914 377 3681 9685 1398 9761 7408 4975 9975 383 9658 7190 3507 7370 3011 6892 7069 2972 6689 7373 6568 9550 3066 3111 2776 3467 3334 3082
27 3782 8781 4436 1220 9856 3644 2950 6550 5763 1435 5699 1935 6471 5477 3250 1169 1780 3773 5929 8557 9539 983 2691 9030 8784 3285 4915
31 7613 2241 2933 9966 2186 9590 3573 6389 8154 6523 594 9087 1919 6735 4448 7853 514 5692 1291 8525 2688 1438 4755 7658 828 1786 1227 8060 5845 1212 1921
26 1387 8903 4442 6113 7865 4282 7981 5369 1301 5592 3416 710 4371 30 4614 1763 6853 5111 6108 2796 4411 8165 4698 4422 7165 6588
29 6638 7720 4951 7309 3866 7485 2920 402 8256 9554 7709 6914 911 7388 7112 9588 1057 255 7189 2662 4781 7140 1497 1930 3354 103 120 9873 1635
25 2636 3991 2228 9640 6481 7691 5163 1032 8055 9029 2842 7346 4120 2872 2110 5672 8303 2366 4569 7799 8823 415 8953 7004 7775
27 7566 1779 6382 2168 6580 1414 2908 1549 615 972 8294 8956 2632 9355 9525 9534 490 3372 9578 1041 4449 1714 7396 3092 1672 9860 7162
25 9159 2847 9202 130 9123 6844 6779 80 9851 7268 1402 510 4180 4157 8926 7378 3004 9266 5099 6144 8789 4608 573 6435 3436
27 1660 6754 3064 9484 9874 5348 1245 7561 7597 3166 2474 5869 2428 3463 6492 5899 4133 1357 5518 2079 7306 5795 2779 8916 2481 2952 6065
28 1965 7781 2000 2012 7161 6922 5318 7800 8251 1532 9420 9281 7188 7990 5073 2540 2484 1950 8054 4508 7469 1586 8363 4666 2706 2306 5897 9969
31 445 7343 6664 9039 5263 9115 9329 9439 2470 5071 7037 8943 3310 3584 1873 2369 9668 1567 1088 3596 8444 2127 2486 4971 3498 9032 6709 9863 6271 9296 4300
26 2993 4246 9236 3763 2535 9549 9356 743 9818 8008 7941 9135 7276 9681 5076 1848 1625 1180 9843 9849 2109 3208 4702 448 9100 4875
28 2766 9361 5472 5668 3323 6767 5912 975 9986 848 5578 2887 9434 376 7271 2462 2379 2723 4987 8809 2588 7857 6077 8846 5734 8978 518 9481
30 816 182 4803 6936 2578 9629 5224 9565 8553 6944 9737 4124 7275 8861 4749 4199 5971 4106 5989 9726 9801 8600 8354 4000 9348 2376 4984 8195 1739 7540
28 6424 5801 2332 9470 8547 5598 4867 3225 8423 4413 8511 8189 9068 8807 7265 9616 1616 3109 2839 6789 488 9298 142 6619 5196 4872 3589 5470
25 8546 330 3322 229 397 2868 5315 1427 9056 7345 832 2560 9232 2130 5422 4763 3550 7160 3032 6986 7595 6356 9774 9650 2587
27 8099 5944 5213 9632 2353 5949 8834 6994 2562 5382 6287 5689 9118 1063 7307 4970 1858 5150 4886 6219 4536 9167 5819 9805 9748 7153 9600
28 3236 994 5476 4777 4084 7842 1770 4251 2917 1219 2457 7407 1723 5332 406 1142 7909 756 1720 2974 1078 9536 8788 9934 5430 3072 1665 819
29 746 3720 7096 1186 6003 3811 309 6727 7296 8812 5100 546 6454 4295 3778 178 1866 3837 3602 1565 2742 6536 5922 4908 2398 4479 2915 6598 2507
28 6340 2830 8366 7648 6445 5086 3346 5446 106 6331 363 2928 3020 8115 7588 5718 4080 9295 9156 3414 3768 4173 316 6293 8409 1540 3872 8753
27 8339 5462 2304 2664 3238 91 1485 7330 4856 4019 4428 1147 1482 7233 5978 101 1033 8016 7067 1008 1162 5217 7287 8110 9422 7903 8395
27 6488 4067 6407 5423 7086 6036 7541 7916 893 5440 9092 6115 4602 6742 4549 7236 1781 8984 4429 2773 2443 9977 8747 8081 3840 7806 7652
27 6808 9696 4949 6765 3264 663 555 2410 4229 5068 9593 4696 412 9002 5943 2593 4493 3261 342 1605 9605 9201 2962 4437 3970 4339 3642
27 9872 4757 3598 1597 629 6618 3669 4452 980 7765 8677 6997 4992 5664 9923 6362 7898 985 3263 9746 1475 9514 2964 7463 8582 1991 3554
29 9284 3929 9506 9636 7436 5166 9055 9583 2233 2511 7032 6813 2408 7860 8109 3674 3576 1240 1903 9946 3342 6297 6852 5657 3237 6012 6442 3857 8636
25 5919 7047 8125 4169 8906 6657 2642 5390 8486 569 3490 3456 777 4669 8087 7217 3718 4269 6080 7073 1538 8935 321 1851 2630
27 8579 4878 8286 2396 9937 8257 6099 4185 4500 9835 9575 7007 6829 305 3470 4525 4738 5750 4863 7303 942 3848 4381 4517 3958 3918 3818
31 1359 5077 5298 4005 5126 8012 3103 2574 1882 4931 1545 9771 1564 3127 3321 4743 2424 1070 3343 461 9174 9085 4606 7198 8229 4036 8685 4936 6074 4540 7908
30 558 4303 498 2305 5207 1644 6242 1412 1998 1541 7483 1083 391 8562 609 8963 1719 6644 6861 4893 905 4301 8091 5824 9657 692 9705 8893 2349 5044
25 862 9940 2573 9033 9777 8727 9461 4577 4898 4375 1459 947 7763 3740 9671 6759 8138 4876 8467 2025 3141 8218 8236 2249 7341
29 3210 2069 874 6973 4784 5201 3480 5802 4958 995 9793 4266 2390 989 9823 8210 247 5927 1400 7255 3223 3309 9948 4705 7289 6447 5844 6952 7456
28 4967 9445 9568 7481 9428 4942 7379 252 2892 4691 3925 6238 9370 6945 2869 7626 8155 2754 6777 7940 786 114 2483 6325 3717 5618 8265 5885
26 4760 6687 6402 4400 1016 7910 1944 6230 3313 1861 310 5847 9381 234 2475 211 7141 807 5893 8102 2883 6916 9041 6266 3422 3399
32 2851 8453 8207 5206 1590 1053 1264 4096 5596 2489 6236 2320 753 7928 1319 3798 7025 1494 4177 7499 471 8156 7403 3750 2655 6593 455 5870 587 936 1954 849
27 7313 7946 8297 9592 5082 5796 6643 1525 6630 7503 2122 1948 1642 9877 4700 6315 8291 46 4939 4445 2160 4255 20 3583 8105 6561 4644
25 8246 2524 2930 813 9184 3544 9270 5514 8296 8455 3695 2534 1358 1052 5546 64 6058 9965 7565 9722 7139 9124 6159 7322 7234
29 4474 544 4480 5226 5726 5693 6299 5396 9994 6276 7257 8159 8666 3974 5606 9325 649 3329 1426 3097 5364 6101 4362 9523 9208 8750 9869 7178 4184
28 2414 8657 1746 3951 1890 4165 1996 5639 4799 4263 323 3892 1915 8332 5015 3180 407 3113 759 8795 7434 7594 8922 3948 1333 5092 7593 6596
26 9440 1285 9408 3 1604 7777 1767 5879 4732 322 4511 4011 8095 9683 1581 1619 7051 1388 6089 5011 3424 7788 1071 7921 2157 7414
28 7851 9360 1330 5696 404 4250 8933 4387 3465 8700 3794 4127 4612 2404 2549 903 9981 6792 2449 5414 5710 8929 8606 6201 9001 3328 7854 4539
28 8057 5613 5185 8193 9097 8924 6215 7468 6364 70 8505 8844 6388 965 6545 8242 4509 6326 2625 6685 8473 7182 5776 640 8712 9474 7194 6441
27 1472 8545 5934 4239 4034 9462 5857 3651 8469 3105 3606 3147 4713 7344 9326 4814 9553 5038 8839 7372 9086 4209 7376 6784 4680 9971 3870
27 7545 5209 5153 8936 4286 2053 6112 4044 4520 881 5811 8512 6757 8490 7778 5825 8259 6604 4245 8408 6579 4510 5173 2308 7261 4962 8465
32 2805 1492 4994 5942 5534 5448 208 3205 9880 6162 4432 8652 8623 4582 6178 3251 8762 6451 7676 9567 9017 2596 348 5203 6636 7714 7332 891 340 7850 6546 2423
25 1938 1734 5881 5109 5680 3332 5079 4395 5253 8316 3565 9983 9043 8254 5479 4453 7582 151 2074 1978 3196 1634 3404 4135 9510
28 8315 7222 7752 7798 1575 4703 2613 1602 1259 5533 5834 8509 2683 5270 7159 6877 4162 6734 1992 329 139 2476 5016 5985 9099 24 2532 9558
29 6599 962 9662 9591 9227 1278 3898 473 4478 4194 4272 1092 8350 3415 7973 1461 1664 2888 645 4054 6487 72 5871 3338 8763 7647 9894 7362 4275
27 8896 49 2940 1600 6379 8320 7896 5274 5843 1233 7400 2520 7104 5504 6846 2631 8217 4812 2650 5620 542 2865 4108 1396 8305 1473 1099
30 1141 2381 4797 9646 3462 1961 6500 572 4874 7703 1837 9110 3563 1933 1046 4332 6607 9551 326 3566 8405 2421 1500 8802 3661 6002 6303 1211 1367 4916
32 957 6497 4807 6463 540 931 3733 4948 4089 8914 8289 7761 1548 3955 1695 1321 6457 1771 6692 3512 3790 9676 4649 8212 1663 7933 6782 105 127 2371 2386 5638
24 4049 698 477 3405 3755 7538 3489 1081 1643 5404 5830 1223 5804 5627 1640 7262 3397 8863 7600 5091 9034 3173 8548 6405
27 4473 3775 5529 3932 6504 232 7467 6874 6296 1256 2760 292 5118 6915 245 1832 5631 5139 9663 8998 5558 714 3936 378 3161 7697 9255
28 4322 9992 2693 434 2101 2622 9943 5760 110 7328 4284 1796 5027 3211 3213 3043 2270 6775 9009 8181 7250 9101 6797 2054 5507 7066 6656 7649
29 5588 3756 6319 7695 1860 6374 5724 5990 3479 5053 7661 1516 2943 7059 1102 639 6166 7700 7500 3378 7634 4220 206 7987 9953 2627 1601 2556 1154
29 2849 306 5160 1060 3302 5855 9907 5901 662 2310 4325 4579 6183 8855 603 6399 3963 9409 5464 5931 5625 6642 217 3910 1995 8197 2907 3059 6207