30 1566 1808 601 416 874 1325 5307 5348 4597 6312 7045 391 9780 4658 9160 8762 2278 595 5920 6081 114 1786 1947 6358 4683 6269 9768 741 3833 6703
31 9475 7759 8698 551 9811 5423 5499 996 7111 8904 9376 1104 7802 5438 4098 8489 5746 471 9480 7070 6373 6194 8065 8555 7106 9687 3038 7887 3087 5454 6829
30 45 2849 8551 4447 5973 4091 5117 3266 2519 8968 3243 5822 1301 3146 8801 9455 4276 4883 2631 4164 6734 3178 8361 6986 3369 8596 6542 9481 1273 6461
30 6198 9145 2863 5160 5171 6237 3186 9546 219 7291 8253 8721 3685 1413 4112 14 3319 3569 4464 4536 137 11 10 948 8043 882 9650 7187 1355 4034
30 5266 295 3233 7343 434 7723 4567 216 4444 2260 778 5905 6780 3778 5075 4177 9409 4094 1931 3372 6080 7512 8818 2976 9788 8165 9444 8268 7502 4743
28 701 3256 8653 3656 2037 2141 4942 3871 4465 1609 5012 3336 881 5405 8135 6841 6079 7314 1844 8064 2575 9903 3510 2211 3345 966 411 4491
29 1134 9284 9038 5206 1600 1430 393 2637 2794 6230 8123 1431 6378 66 7795 8310 3193 9511 7634 4022 1843 1974 3848 6201 5256 6974 8395 3550 6062
29 835 5954 13 4701 3278 5226 4084 7800 4356 9059 893 1292 1303 947 5732 2219 505 1845 6571 7302 5776 4108 2559 8803 2902 7322 5320 3941 6330
27 3060 4507 3682 2353 9391 1750 3170 3678 6329 1872 6586 7312 2006 3204 6343 500 1335 4558 4755 2953 6920 9613 7089 936 511 1664 4991
33 9601 2146 4797 5898 2756 5999 4788 3541 4809 4575 5821 8689 1643 8815 8659 3568 5443 9617 6726 3378 4301 5893 5264 1208 4485 3996 8782 1486 5844 1350 1637 2272 4645
28 8980 6543 6778 8820 6005 9856 4079 1242 3484 54 9651 3812 6338 1382 5648 5187 9653 7357 2787 770 9680 5286 754 9705 4224 845 7207 6016
26 3353 7584 8565 1809 4393 2468 7538 3997 8478 6186 2274 9308 4515 1948 9935 3067 4149 2362 4075 2978 4798 2737 1559 2157 533 1738
28 2921 3363 9104 8919 5860 1521 2207 3683 5192 8350 8686 8807 3753 6802 9647 6939 4399 6270 9926 1372 2732 4367 4026 2059 6598 7722 2859 4754
29 6428 9191 602 1573 1364 5197 2469 7985 3716 964 6747 841 8089 2897 1056 2817 5842 5205 9626 9944 1463 3521 876 856 6533 5678 4708 7368 3605
29 5876 9111 4259 5113 144 3064 610 9267 9818 5350 9482 1444 1319 8332 4420 7557 8362 7570 2625 9125 4626 4242 4326 3015 1509 3074 2952 1766 5037
28 8103 333 7418 9718 9820 659 3764 8693 232 8375 5784 4306 1218 4857 9089 8347 2066 1467 8796 8626 3597 4816 963 8522 2067 4956 2518 5835
27 389 7175 1893 6635 1862 3612 6351 7177 1588 7259 956 6163 7038 532 115 1144 3585 2508 449 8034 2449 6636 6784 8037 3829 519 4720
26 4467 1141 1568 5608 1140 3275 1093 2313 358 2280 203 3194 8426 1879 9588 6953 3596 5034 2210 6141 2731 1615 7921 977 784 4905
30 7782 4349 4878 1807 7864 338 6485 3573 4487 4385 9854 6847 3362 8623 2080 4511 7077 169 4737 1578 6759 4023 4876 2102 6101 5582 9452 1946 8618 4139
26 7883 7639 5116 5574 8954 343 74 8627 3069 9690 7767 6454 412 1308 7171 86 9264 4133 495 3862 1454 1266 2999 9544 7234 6842
23 4115 6257 6151 9352 5360 8476 5175 3464 782 388 2070 9509 3217 3572 5085 5039 3141 240 3931 950 5470 9600 5277
34 3873 7642 7216 4088 7309 170 421 3049 5596 2064 5028 1423 4435 1618 198 2348 6362 9794 5331 1471 5194 5866 8010 8838 9221 8567 6506 6041 3474 836 4063 102 3168 6340
30 8078 2496 1842 1407 3620 6869 6411 9223 4692 2233 4833 5584 3368 6060 1142 5519 6530 5393 3900 2621 3498 3995 4320 9143 1115 3072 8932 804 1795 6028
27 5254 4141 3551 4543 1520 9708 851 2744 2797 6800 3515 9497 603 4617 1409 9830 3043 8847 3029 7827 3157 7791 4517 5471 6639 470 3455
32 6261 2823 9940 3172 7575 1462 738 1300 7675 8642 3774 569 8722 8886 693 4424 6104 3552 3615 6682 6896 3874 2438 9620 9020 3943 6002 5747 2807 6546 1541 4568
29 2772 2851 3288 5545 6177 4165 7865 2499 4758 5502 3110 6590 9300 6345 8348 9325 6376 8843 1656 6087 7797 1381 9450 8535 3906 368 4866 4659 3145
27 3636 8849 548 3201 1024 9937 9537 3508 4728 1261 8137 2546 5505 5419 9156 370 6525 4198 9379 8742 8032 9563 8744 4771 838 4825 6942
26 1959 2805 280 5049 1442 8751 2633 2298 6902 8004 6210 7188 1952 2837 8190 7676 8269 8822 1251 8633 651 103 6435 2661 1717 3910
31 8044 8502 7494 656 8875 273 3412 2359 8756 9310 3078 1723 7377 1320 7242 5132 5006 4148 3939 4596 2521 7067 29 5155 1061 4705 4437 7194 2681 3280 6575
30 493 3856 5908 4769 1210 2049 163 4282 3018 6138 7935 4428 3269 1170 8560 1713 5447 8757 4595 6555 9271 6259 3673 8243 2250 7616 2895 1653 7010 5269
30 8995 3902 8504 8434 9397 4828 8249 980 9317 2502 2685 2465 7276 4934 6861 6466 3824 7040 3245 8785 1107 8427 9978 4646 9148 4580 5859 5029 6730 1810
29 4611 1831 5475 6595 5153 4152 7149 4377 2435 6300 9737 6914 2019 9355 274 2309 5060 9518 4770 1324 7250 6771 9523 3547 7090 2467 4747 1516 6658
30 2234 4049 8386 8431 2012 7442 9302 9235 1420 5763 4882 2116 6174 125 4779 3401 9876 5631 2754 1823 6880 8357 2476 3586 2294 3459 3173 3468 7886 2464
31 7643 5147 4989 1712 780 3346 9437 2415 9835 2062 5352 4382 1418 7948 4351 9066 2945 247 3255 454 8452 7269 293 6499 7770 6052 8024 8774 3870 534 5445
30 7674 9360 128 2399 9956 5181 7022 630 190 8469 3648 5068 3925 1329 9855 5913 4425 5994 7013 7143 2022 129 7933 5091 3450 7413 3101 7533 694 5807
31 2922 962 3025 3991 3333 2573 9752 4286 3114 6309 2281 8486 2513 686 4379 1135 7844 9323 7823 9929 772 3935 8770 3588 6921 8893 1550 4037 635 1765 4994
28 8786 2524 7986 8834 185 9393 8974 313 1688 6213 6006 3514 3886 2364 3293 9345 2742 5745 9682 8393 3527 5466 637 9968 2267 49 2447 4765
30 156 9351 9446 7042 1515 4278 1542 243 8874 413 4281 1168 8967 855 9367 1977 6938 2592 246 28 3691 2199 1086 5819 7807 9778 5543 2530 7527 6129
29 5482 2996 9538 6610 2777 1422 2137 5925 2679 5301 2552 3273 3131 1661 4637 3437 3574 4557 9875 7825 2455 7017 5319 8556 2942 3840 2016 6627 6486
26 7245 8364 1779 7980 970 9961 4874 5843 2867 5442 9365 9024 5978 3837 1652 1252 9088 6290 7197 6209 262 5725 5928 4767 5107 6775
22 3425 6671 7611 9606 2394 4307 9583 848 4140 7056 4288 8276 4860 6127 8664 614 7601 4762 9829 7270 2288 4719
28 3592 7609 9288 1818 2244 7845 5671 9665 3854 8005 7257 7753 911 673 4815 9169 4439 3365 1041 4613 8985 4510 2567 8941 6133 329 1524 5140
29 8424 8546 5555 1562 8421 4550 135 4040 1548 644 55 143 6228 6462 1828 9553 4534 8379 5179 2958 707 4620 3977 6838 717 8317 9296 3708 5239
24 2717 4322 4801 288 3707 7572 7110 4785 7484 3506 8106 6429 4045 9712 6714 4035 7095 1703 1731 3237 5729 2936 647 6185
28 7849 4052 8927 1909 2293 4677 3647 409 6364 5647 9952 1085 3981 7043 6450 6629 5554 853 8075 8192 737 1474 9710 9041 4197 1268 9770 2258
26 7937 4260 7946 3903 2963 2013 147 4524 6793 4822 4374 1352 210 6998 4838 4836 8703 4675 9744 8157 9342 480 3226 5551 582 4373
27 8346 1196 8797 3844 2126 6676 6971 4792 6856 7009 2900 8883 5479 52 5287 5980 829 5929 4220 9402 3023 4297 5548 8374 3188 1036 3825
32 8450 3160 8299 2550 6879 4808 2747 6966 8285 3040 4048 468 373 5064 3453 6646 3828 2671 3512 8210 6628 5043 5636 579 6477 6619 344 7968 2594 5707 2242 3440
26 9053 7256 8896 5149 7694 6925 7109 5020 6379 8594 5857 4145 597 5906 8752 4780 355 3337 3070 7486 4631 6637 2915 7608 4347 4685
28 4182 4392 5185 1926 7416 4192 4053 5390 3340 1023 2276 7792 7725 4623 398 3822 3638 8869 6346 3206 5753 7498 4369 1798 2487 7806 4275 4853
31 9151 9189 929 2795 7394 2140 3150 7061 8673 5278 6268 2725 4844 5852 4226 8597 5643 1351 5150 1806 4441 4972 3032 4651 4038 641 3207 9410 2678 1662 5562
33 3039 4523 8057 1060 8833 8584 8711 7464 9571 8645 7916 8122 4774 1003 9458 6208 5804 4549 8313 6792 4886 1384 4772 3309 1900 1347 8736 6660 8060 4714 6865 350 3308
32 4119 5955 8934 6250 3696 1229 9184 674 5769 3908 7473 6648 9769 559 3677 6323 8401 8217 2792 1338 5641 2361 1438 7263 783 2990 9679 5650 371 7178 3595 5188
32 78 7918 7358 7516 2201 5318 7239 9182 5757 2646 1754 7785 2686 1726 6451 6111 9469 325 923 6777 7640 1026 3509 7818 5088 6040 8219 8830 3161 7654 6202 4576
28 1826 5944 3878 8890 2036 2167 9898 6559 4110 7407 6287 2122 6849 2017 6996 8621 95 1910 5494 269 712 7517 8376 4461 8964 681 3113 6723
28 5014 6668 8406 9646 979 3348 8377 6277 3330 3431 3686 643 264 6924 6962 72 9000 5414 8521 9602 5629 634 3457 7843 6149 6055 1055 5523
29 5777 3051 4318 5151 4104 2868 3934 4889 4958 5904 872 2014 4943 4471 6540 649 4451 3012 1388 3591 2284 7714 9065 415 6029 2213 3143 3717 5366
27 6975 6229 688 2152 7116 8046 7327 365 8812 4885 1256 5332 1929 3271 4438 5468 7959 2277 4283 695 8777 9947 3979 7965 2623 2165 4893
28 3216 9814 2090 7402 3518 1787 3537 5435 484 177 9425 1259 3546 2148 8007 2666 618 4299 2723 6381 7736 8127 8690 1576 7319 2901 5193 5303
31 3709 9054 5952 1491 8566 4006 229 2912 690 9853 3487 1647 8855 7702 4109 5199 8155 7127 3967 4013 2317 1912 4999 7705 7223 6397 7801 6969 7907 1958 5138
26 2265 9887 8778 3291 3118 3091 3905 4289 3212 1986 1389 2408 9595 9981 2029 657 6219 5437 2483 2491 1800 2834 8062 2504 2422 6239
25 2734 8099 7205 9506 9268 6123 2642 7105 4888 7243 7701 2704 369 3073 6621 7103 9922 5778 6825 8951 4407 9748 1212 3399 6781
30 6812 1387 6294 9522 7699 4123 289 9394 6738 4799 8912 5142 8760 1564 5289 6024 7271 4800 7023 8 5626 206 8940 1790 4666 9320 870 1990 1918 5281
23 4071 9992 5462 8462 6437 1767 925 6552 832 7069 3231 9779 9294 944 3578 8811 8747 6366 9474 5481 3570 1741 3957
29 5233 3665 5156 8625 6407 8663 2439 9272 5302 4545 4736 5420 4456 8352 9923 3287 8242 2700 2974 8930 6536 2883 3208 3936 2881 7424 7021 2651 3720
26 5959 2672 7030 1805 1700 7482 675 200 5403 6357 7082 9677 5808 1856 1221 193 7963 4863 7895 6541 983 5569 4556 1627 2979 6745
27 5798 2916 3264 8237 4639 117 5704 472 5311 5249 4985 3393 669 1156 5357 9401 3761 867 7034 6679 6293 4973 8305 4940 6038 2423 6481
27 6669 3632 7984 4917 9612 4181 888 5297 2426 5834 6206 4602 2939 5095 5378 3799 414 440 9432 5961 7301 442 253 9018 3555 575 3888
31 8854 7914 8669 8205 702 7698 663 4573 7721 8410 3192 7455 1269 9090 564 3121 9694 3220 7681 347 6071 7311 7224 5234 8520 9423 1875 8715 3634 1987 4024
31 2586 7606 8017 5127 4151 571 9825 6341 7379 8793 3675 2153 2589 4829 6439 1225 6336 4763 9239 9341 1617 4569 9433 8088 1449 1975 8236 4135 9204 3733 6034
28 8172 7901 6001 1139 4957 6556 8651 8727 2738 3821 6606 76 7157 6904 2193 4970 3571 6691 8405 8635 8622 7734 573 4518 4586 1791 6148 6030
30 6392 8166 7230 4200 9963 8176 745 2410 1427 2100 7423 4295 2657 9716 9681 8599 1033 2344 7826 488 155 3523 1874 4884 5261 3197 9573 8167 6207 6588
30 138 9764 2874 2169 3295 5829 1344 5512 2009 7614 1708 1046 6706 7515 17 2333 4475 9901 9199 4928 6372 317 8542 1626 3710 8928 8132 3642 2800 5711
31 2139 8835 5771 3460 747 2841 4948 173 6419 5401 5235 4647 9368 140 3456 6749 4332 7898 8029 5617 4806 7170 118 9335 5359 6408 7463 5092 9860 6422 5646
28 3190 773 6493 837 4817 4313 3439 8398 3105 1045 4869 6025 8826 5346 3213 5098 4618 9746 3843 1663 4210 5981 9353 497 2380 4097 7326 4565
22 6603 3560 8910 4183 2136 1707 7336 6098 3377 9609 8373 2043 1591 1478 6840 6569 9878 3993 6320 7908 452 2659
27 3187 3505 2205 4 1016 9549 541 6515 5856 7195 2913 5890 7846 5962 1114 3253 4653 3296 8382 821 2285 5812 426 2789 946 1648 6125
30 3491 2091 7787 7871 3598 5148 9467 3544 8466 4519 4952 1933 6908 5718 5394 9262 3261 6020 4932 1162 5792 5341 6833 860 2008 5284 139 1202 3623 5381
29 6440 6885 2414 7329 676 3009 5144 8913 662 4880 7709 5327 7001 5664 6156 2077 9283 2224 904 8804 6604 6886 9603 7583 5633 556 3106 6804 3082
26 207 8961 2330 1417 1890 8577 465 1493 1747 9278 512 7836 755 6232 260 3969 5872 2434 640 5110 1943 9916 5736 8816 1650 5723
24 1377 5209 8400 3610 8679 1120 5659 8668 8907 58 9060 9290 4946 4865 3718 2543 6909 6797 3239 6929 3645 1503 5921 5136
26 4616 7752 2479 6753 1525 9457 576 7875 6191 6585 2354 9421 1832 1240 847 9396 1153 1497 7977 9881 638 2848 5513 4594 366 5022
26 4474 8952 9052 3300 9892 2470 5074 5793 6672 9821 3020 6684 5775 514 4244 7041 4513 6067 3864 7658 5719 6447 1270 8092 7540 2735
24 2368 8085 5492 5997 4628 8564 2680 9531 2891 7429 9996 3370 1702 3445 4554 4308 7567 9813 8203 9934 5789 5240 1672 4273
28 9988 1348 5721 7351 3139 7605 3480 2917 2843 9274 9720 3670 9311 361 7248 5773 3788 1077 6254 6289 9900 7900 7966 4791 2155 1260 2980 6742
27 9435 7132 9584 7026 1575 8108 5744 6615 5861 4638 8318 5689 8278 5972 5356 2108 8319 2173 8825 3966 4270 7050 1288 8187 518 2084 5517
32 1109 5673 6897 6265 16 8083 5713 2569 743 7078 2176 1980 7472 4945 1915 6178 5993 2056 1416 9810 8113 7945 8280 506 8929 5764 5344 2273 4345 6480 4361 5607
26 4904 7720 5938 6092 9129 4005 1854 9133 3320 6224 3839 8148 4676 7221 2660 591 3793 146 2437 2812 652 2904 1327 5227 402 3435
28 9861 3209 7569 4802 6983 3992 5714 1414 3103 5802 5592 5497 5450 6399 7586 2151 3418 4103 4924 1087 9357 4445 5180 2197 9579 1991 1397 2630
31 4967 6021 2785 4503 9019 7890 5610 320 3604 5935 734 1011 5509 2052 9179 2877 1294 8630 2283 8321 5495 1480 7780 9775 6903 818 6074 7850 8114 1911 5472
35 187 9832 9960 5008 2005 896 9621 1855 3267 9803 8572 4251 720 7468 7671 6690 4401 8616 4603 5230 5737 8867 1346 9928 5625 7686 3613 7998 1957 7396 4600 6776 1399 7911 2107
29 2635 7995 6154 687 3339 5128 4249 9678 8365 4630 9339 5070 7906 8824 5118 8334 1504 2798 1632 3329 8839 5715 5873 1017 2907 7926 6537 1634 4712
27 2584 5919 9366 5461 8526 572 3745 1020 2078 6033 9187 8329 8610 7564 5590 5154 7964 3738 2461 4319 6 4360 8225 4540 4821 1935 5990
33 6197 5388 3919 4966 8615 6519 2745 2310 6697 7039 3563 3360 345 7288 5152 9122 8200 3805 4191 631 1940 1605 9114 4971 8905 5120 3112 9208 166 6821 9015 7456 4380
29 2822 3875 3265 8152 8286 4717 5456 7603 3755 2838 4358 9451 1883 3863 301 6809 1453 494 6877 3089 272 542 5019 7897 4105 3092 6830 7215 4120
27 7148 3832 4170 8234 1282 1784 2433 1725 9203 8652 384 2825 6757 2251 1496 3276 5931 3732 7940 6342 5294 4459 891 4512 5644 2446 5109
27 6933 9872 27 552 8003 5598 357 6657 5693 8463 4520 1630 1371 5820 4656 834 5186 3566 6831 5225 6761 1881 4502 2406 1157 2853 6276
27 8598 6791 9447 6864 60 6822 8050 420 6675 715 5083 9228 9792 8578 3599 6384 9597 5923 162 6158 4296 894 6717 8228 3857 4188 3195
29 1753 4494 1896 8850 8547 9907 6618 7201 3858 3802 5601 4443 8939 3771 1853 1457 2445 6083 776 6107 9101 8685 7332 2093 8077 5178 8683 1289 6710
29 4466 6046 1059 9761 1283 5351 9186 6944 9733 2230 2826 510 4081 5114 254 8975 7218 7210 9758 2366 9205 1583 3111 3959 5317 6061 1068 2720 4640
25 3516 3704 8415 7648 7161 7367 7598 6744 9314 4691 360 7237 5840 4819 2087 9171 7548 8763 6053 6059 5918 8298 4364 1622 6089
31 4753 3701 3385 1964 931 6242 4323 8328 3984 7483 4900 5407 5998 9809 3635 7549 9207 557 9707 815 5880 7410 9801 7821 6316 2302 5398 3083 869 2388 5473
25 3183 558 9635 5129 6280 793 871 7776 2857 5137 3303 9501 6026 1358 9729 4572 3973 1755 708 4267 9557 6327 578 3021 1857
25 5832 7735 9443 6857 4126 7117 4003 7032 237 7146 2741 6521 2200 4085 1729 8048 4102 8789 2498 2510 5375 3285 1148 3659 6085
25 750 7015 5914 4607 8277 4302 7359 1679 123 3806 1171 7888 9674 3433 4982 7469 5922 7619 3998 517 1263 287 4963 1651 3543
26 1574 474 9037 1675 2873 2331 5748 9220 4929 8224 5291 9448 1736 9103 6689 2598 3282 2773 4176 4681 3214 4793 5991 22 1257 4131
31 4114 6785 6032 1737 7180 4252 1593 9231 83 359 2121 4448 7587 9560 6288 8984 2259 122 8570 6645 7913 2363 1311 6248 2214 4532 3589 5877 7534 2638 4910
22 7662 7229 5532 4909 1745 6221 1174 3785 8284 116 3382 1613 180 9269 5452 8179 6932 1446 8589 1315 5255 4824
23 1813 6231 8261 6677 4221 6994 2161 4262 5701 8140 9564 2419 9465 8817 7160 7687 4265 1546 7730 5526 4881 233 2180
23 5262 5984 9416 7773 6215 5253 4158 4591 5817 866 5662 3085 7975 1903 4837 7303 4848 9170 9517 7002 4707 8629 3274
27 3766 4469 9695 9699 5058 6859 9107 1680 4223 2188 2576 2845 8087 7365 5692 4861 5338 7971 3338 714 3196 5276 3664 8402 5486 2256 4901
30 6570 5645 9662 8870 477 3954 294 5478 385 1167 5183 3364 2760 4696 109 3317 6433 2290 2975 2650 5094 5165 7862 2778 2478 9505 4526 4915 3011 6963
28 5354 3104 9417 3373 1220 1985 174 8154 2707 4431 7771 545 680 733 6315 7495 8086 2196 9259 8852 808 6251 491 5365 7936 2028 3465 6694
27 3042 8121 9951 1410 6102 6313 9590 4096 33 7489 6236 3794 9110 7596 7290 6837 5790 3359 4016 7 8287 3163 6490 340 6898 431 3725
27 2758 1833 2649 9079 3744 8569 8581 8700 4363 7000 8956 4578 8295 5541 1523 9896 46 7446 5143 1570 5521 4416 2448 451 2809 8636 4506
23 8339 698 5794 473 9565 2542 790 995 1709 2833 6418 1894 6078 7064 9316 5722 1714 3859 6203 5712 7854 969 5755
27 2182 4996 6928 7323 6211 8924 9622 5556 3167 1207 1899 907 8775 3525 2407 4663 2471 9036 1669 1869 1685 6169 5609 6498 8314 1995 5377
31 2417 1824 523 5213 5881 9076 2339 3783 1160 1485 2624 3813 1000 4689 6368 3807 2739 8707 1781 2929 7398 3342 5364 8363 1279 8731 7029 9971 1001 85 3999
23 2766 9243 7253 6563 5654 5863 9975 2947 7522 1698 9287 6611 9551 3621 179 9840 4426 8110 953 7841 1235 306 3236
24 1577 7475 9735 9165 150 1007 5314 2120 7589 9877 9668 6403 2453 967 2347 8252 3947 2063 8515 5787 4516 4635 3952 3411
31 9561 1125 2332 7449 5668 2535 4082 1151 7541 7374 2522 1889 1880 6456 4376 4599 5427 178 4814 354 1213 6394 5563 2002 3627 1633 8068 9293 9841 4087 6262
28 6613 1187 5965 3476 3898 6267 8911 4864 5749 4544 9081 7779 6334 1341 3419 8199 7550 9639 9210 1331 8388 8112 1682 47 1916 2296 646 2334
24 5057 8073 8829 3442 4636 5433 4193 1671 1724 2389 3390 831 9177 938 1673 716 8729 3699 2072 2962 5618 4897 2791 1819
26 4974 6623 6382 3845 6522 1836 1304 5514 9222 777 4925 5627 5672 2164 19 8212 2669 632 5702 3734 677 6960 2587 554 2733 6564
25 5465 5245 6482 9520 1009 6473 6711 1589 223 2606 989 8283 5640 8608 6035 6529 1534 8428 7465 7618 8117 2616 2781 1177 2706
26 4891 4804 7708 1250 7607 4969 1888 2320 7284 8505 7682 5565 6512 8041 1563 7646 6468 1699 1527 1108 3219 9633 4699 7294 6405 4850
29 2711 6402 8324 4050 1994 9599 3587 5510 6666 8258 8294 3975 9370 7612 958 1383 955 4404 7283 774 458 1019 9608 3351 2398 8895 1678 5392 1445
30 6056 4768 7545 8586 4560 4018 1276 2609 266 9270 7812 7345 4667 430 5191 96 6884 9624 3244 3485 3413 9691 6478 1728 7280 4841 6626 9607 7690 4483
25 3448 5030 7120 684 5916 1354 4579 4375 5073 7615 5642 7733 7510 5469 5145 1827 7139 5017 2170 5926 8574 5915 1099 764 3748
29 7576 3693 6889 5005 9097 6427 1549 1610 5121 886 7645 5108 4157 984 6930 3004 4202 2271 549 4668 9333 9306 3706 8554 192 2306 9109 171 2369
29 691 5097 502 4386 1165 590 7981 3912 323 9420 9575 4028 3246 909 8149 5767 2951 8684 463 9319 4173 2597 4733 9924 4702 7435 3472 5211 3511
26 6190 7179 3746 462 7361 2525 4562 5687 5413 7983 6721 1494 5202 7853 903 1073 2045 6568 9225 809 3649 7214 5897 6413 1932 6200
27 5588 4922 9743 5815 3582 215 6616 7960 3711 3228 7672 2020 5024 4365 633 5899 9911 9137 6642 9948 441 20 6303 9188 7947 685 3949
26 3968 3492 9747 6155 1614 721 3238 3741 5396 8649 3481 7415 7355 8892 9158 7739 3535 4654 3600 3712 5016 9542 6311 4585 9307 4933
29 1711 8644 4338 3410 593 221 2770 4621 3904 565 4396 8755 5661 3321 3132 3692 2315 7994 7208 8403 2023 6465 6981 6077 8306 4947 5050 7899 4122
32 1048 1365 4937 9484 8681 1076 3033 8840 4542 3548 5766 9655 580 3137 9513 4493 1941 6839 9230 2750 6297 3980 5575 8527 8979 7731 2099 2007 30 1506 3558 6518
33 6152 89 2048 627 8575 1373 6105 8001 2039 6630 9889 9917 2178 8512 3054 99 8051 7546 5810 4847 842 8303 279 725 4462 6431 4688 390 1323 4605 705 2042 4514
27 2440 9568 130 4710 1441 319 8458 4931 4726 6252 6434 3094 639 1376 4070 9026 364 1362 7389 7220 7524 4479 6798 282 6164 2485 3661
28 3782 7574 2 2966 5797 704 6752 1012 5312 3176 7037 5501 1206 3849 1847 3096 8667 4043 5655 176 7547 2796 8935 31 5667 1184 9558 1189
22 395 5934 9219 9150 949 8488 7993 110 1852 9072 2235 2484 4609 3714 7716 8059 2856 6011 8164 8151 5638 3629
24 7678 671 4794 7790 6551 5053 3532 3262 648 3356 5451 1838 1606 7563 3751 7140 5243 2667 3760 3652 7004 6843 794 2818
25 3198 9756 3921 4415 8162 7349 7054 7330 7400 7958 4218 6968 4525 2181 3125 7433 4781 6391 7048 616 4561 1136 4625 1419 5947
25 9014 498 5247 8193 7249 9078 2562 5976 2370 3795 5072 2872 3961 4406 840 7961 7241 7599 1982 2025 1834 9045 9697 2611 2896
28 8267 5653 5134 7744 8613 8381 8263 3989 8131 1799 5768 5782 7346 4213 492 1927 7956 7226 9472 1586 8169 4721 5805 8501 120 5561 1265 5525
27 152 6168 9836 3671 6746 8442 4185 252 2960 5533 5811 1244 6508 3108 6134 6180 8702 5458 1230 5979 9684 1966 3752 8682 1697 9837 2620
30 4398 3076 1066 7020 7084 6278 6304 3669 4341 4263 5133 9526 7443 8345 1642 5504 2010 4614 8519 5385 8312 3564 3561 699 7683 7107 7008 5410 6090 4310
28 4764 3179 3119 3951 6876 1770 3556 5739 4325 4679 3402 6773 5290 5720 1456 4261 8671 2192 668 3200 3165 607 5009 509 3962 3403 5738 4378
29 7324 9202 4169 6516 515 4069 5218 1603 6385 4665 7122 5699 6367 7740 2500 2560 8720 6695 1043 2515 1922 9539 4979 2885 9064 9731 6179 508 5323
27 660 4830 7011 2876 9123 8991 3151 2027 7816 2382 1796 3461 5409 4125 3594 8056 2458 1984 9722 6139 8672 12 7553 5374 8631 209 3920
32 2995 1641 5846 5740 4777 2375 2232 6572 4898 1228 636 3454 567 8938 9299 5026 4704 5038 6827 6333 1065 3270 5141 1501 5660 44 2709 7951 1522 7756 3037 6851
26 9106 1312 4773 9224 5102 3443 80 4117 2071 8358 6574 5428 133 6438 830 4118 9028 728 622 4209 1470 5459 9071 3305 2719 1690
29 7320 7382 1468 7251 4279 873 2920 8251 8877 6171 521 3631 2416 805 1553 4128 234 6204 1955 3549 3749 3230 4810 121 5809 1079 8470 751 3415
24 570 4246 9591 3126 6027 3651 7693 5293 2924 3553 6674 5063 1392 6539 4305 1426 9386 6116 7987 5232 624 7978 1635 4184
27 1938 6425 9669 7147 1681 6622 9327 6344 9921 2184 4862 3889 1391 2568 2321 307 2596 1332 4859 5190 316 9686 9582 5215 1851 3810 5339
23 9200 8851 8745 3702 4530 2840 3281 9044 5838 8603 8558 7532 2903 8996 3539 7669 5328 9661 1428 8070 224 9138 5939
29 2847 3258 6871 5910 952 5796 2096 380 550 6097 3494 1128 7150 8255 8761 650 1190 6199 7098 6004 6514 8430 459 4337 5937 1891 7805 2149 4092
33 2223 6424 6982 2195 6995 2677 489 5353 2450 3770 9885 8944 7925 7811 2539 2682 5800 6895 9050 3971 2299 3007 6132 8101 8449 6579 5665 9524 6360 4775 3071 1097 5669
27 7633 5801 188 8717 9408 2106 1998 6296 1215 2355 225 3983 278 7159 3895 7027 3097 6109 5025 8632 5615 8002 1939 2189 9847 9784 3914
26 9440 5503 3937 5077 1976 9382 4227 8006 3513 4031 991 4410 6365 1469 7500 6249 8947 2486 2190 3447 6260 3355 7852 362 7796 4400
26 2209 3534 8513 3044 6936 3367 8250 3644 6874 5578 4284 331 1829 5956 7758 5422 5616 4216 7182 6420 4336 7521 5948 4235 63 6212
29 6600 7244 2253 2555 7144 2129 4478 5176 3158 615 1837 753 822 5106 7623 4551 5695 4496 7231 1710 4786 8275 8308 6943 8846 9347 119 7774 2986
26 5370 1822 432 309 2391 6446 4500 6412 6582 5691 4748 6743 2226 386 3884 5750 6913 1989 7376 6086 9285 6823 3918 5208 2854 5018
26 7318 8709 8607 8654 7976 5258 7430 3847 9808 9548 8153 8821 1761 7099 758 6526 9226 786 6848 547 940 4552 7474 9431 374 3495
24 1415 8170 1113 4870 7769 941 689 1290 6318 1701 1530 7757 4541 3754 6505 1859 3800 1815 8712 7156 4698 7066 973 4587
30 4581 612 1040 8130 2186 4001 1042 2622 1804 2158 5105 7268 5597 2044 1321 339 8109 2466 4555 9587 1619 2696 4154 2074 1209 7544 4735 7362 3818 4826
27 6430 9890 1339 4046 2930 220 8093 311 5975 8260 1069 9796 7307 4492 1502 4499 3428 5858 8091 5305 4531 196 5734 8585 7718 1434 6581
30 7613 7894 7543 706 8293 3225 1258 9149 2511 7409 6862 9051 8666 8963 2761 3180 6492 3376 2839 1164 6196 7339 6273 7523 1305 1361 8272 2810 433 3697
27 7566 6497 1051 5826 9540 1592 499 4229 4163 6225 6183 1163 5027 6072 3928 8429 6788 5788 9048 1687 1841 2523 3289 7537 9799 1969 6816
27 2150 2607 4944 3867 5182 2024 6244 5163 7597 7847 6927 1262 6484 1830 5295 4453 3768 3538 7967 2405 4138 8750 8270 2585 1793 1864 6064
30 9049 8372 7183 1152 9915 5683 2613 7703 2909 7873 7247 914 6846 6644 3814 5081 2113 3222 8800 6070 2377 9514 5996 2104 1967 7631 9643 1090 2654 5780
28 42 159 8120 2736 6073 5052 7467 670 6824 878 9793 6449 6811 8341 3896 5825 9920 1159 4234 7169 880 9124 8695 65 5953 9882 3227 6426
29 7080 482 8568 7448 3164 4030 8957 9461 1777 6553 2788 6893 1034 1147 861 7012 9295 2128 5605 7497 296 6602 8779 6709 1393 2516 6952 960 4875
27 2652 9251 9190 9777 5670 3520 1871 5547 8889 5550 3095 9824 2174 3408 5841 807 9519 9369 8104 2340 5677 4571 2572 2119 825 1199 5474
30 2198 3630 8872 5313 2221 8264 6562 9006 332 7282 5894 9844 5135 9453 6453 1567 1906 9534 4879 3792 4041 7665 5011 2282 7457 8343 9535 2786 819 2577
28 5634 2191 2365 6150 4009 7637 2591 8460 8859 8605 1483 57 2032 7673 3820 1732 4187 1075 9374 9022 9277 3406 1601 7729 7153 348 3804 6805
27 8858 5967 7060 1429 1689 2238 6750 2558 3791 9092 2645 6048 7626 8116 9144 8380 9938 885 1183 3352 9667 8018 8918 3202 6301 2767 5321
33 9141 9136 4660 3932 7436 1236 6128 8641 8040 2931 2887 7838 6143 9800 8490 6282 9419 248 7447 8997 1649 154 6641 6243 3676 9201 6222 8776 2143 4923 7272 2688 5567
23 2563 2599 8445 1760 3917 7840 7390 2509 7072 3747 8221 297 1581 1201 8397 5892 3022 4783 7644 6377 8387 4331 4230
30 2870 3562 7222 2384 7621 5682 9407 8920 2989 7761 642 4430 710 5827 9209 3109 1565 4357 913 3617 3626 5558 8188 235 5032 3349 5717 1363 3836 4855
30 5260 957 352 1021 9785 9629 6580 9121 1440 9919 3986 8562 8734 6882 9135 9261 9673 3576 5628 4812 4086 4508 6855 520 4908 581 5970 4965 6511 2381
28 1764 6699 9378 404 1133 8609 4953 9436 5490 199 5347 259 1914 9252 1876 2697 5272 3056 4359 160 9569 3374 5386 9828 4254 6576 2908 6319
30 9155 6796 450 8471 9773 6566 6286 987 8391 7108 5441 844 2372 2387 7591 1336 4787 2941 6987 201 6592 9789 2884 5985 7810 2925 6656 77 2345 6475
26 8220 6557 8983 6912 8257 1306 2601 51 8677 1395 916 1744 7102 418 5816 9730 3916 864 7904 3221 6631 79 3148 3381 8392 3182
30 934 9031 5334 8969 879 9027 6731 5125 7592 5570 2068 5309 8435 1892 6100 2581 1272 4143 3945 2127 9132 5250 18 566 4998 7996 587 2237 3324 6878
31 2603 175 8724 23 9166 336 1465 4076 9660 9126 5055 4497 1867 9389 3786 8990 5731 6905 3885 3776 7083 8524 727 4729 823 2964 9134 617 2879 3517 2462
29 7794 2241 191 3781 8765 1677 4673 939 4452 9949 4432 9689 5694 8665 6915 1488 5741 9530 9566 7137 9146 9108 7128 5559 5591 2134 222 2092 6389
29 1595 9336 6459 6790 4156 7513 7561 4194 8593 4201 9412 3846 6352 6137 5833 8378 6624 2475 255 8420 3397 7954 8342 9508 1686 6673 341 4964 4199
27 8404 1062 7439 5895 1961 682 1342 5177 5146 7815 70 1908 2882 4027 335 481 9266 1180 1722 142 2588 5624 5196 2544 1106 6906 6299
27 6507 1599 8134 3259 9627 6554 1198 5568 9012 6701 1482 5373 112 5957 2460 8525 6803 136 9013 7094 843 9383 3530 5033 1421 3616 6988
22 281 417 9797 3242 3427 6567 8617 6997 2632 2342 4280 6617 2327 2319 4899 5623 2579 9977 6159 2431 2217 2346
30 3815 9740 6683 9492 1597 5680 2057 7065 9178 3379 3982 8248 8925 7058 9359 2060 4700 1495 7141 268 3000 1949 9905 1337 6688 2749 4353 6017 1119 6255
28 2648 7539 5917 8438 7679 1433 8848 5900 257 4687 8844 4423 8871 2125 6565 7912 3325 6678 9473 6126 4427 4150 5813 448 1928 1367 9895 5288
32 3590 3899 3907 466 7227 8828 8687 7135 6609 8214 67 6082 8020 6892 2981 623 2287 1763 8233 4731 6118 7274 8126 8739 1878 9025 806 9786 7775 1670 3467 6417
28 3155 8453 839 5511 9817 2746 6167 8262 7664 7305 1919 1126 1544 1063 6607 1047 8158 7578 672 5089 349 8749 6153 2041 3080 377 3392 5210
28 6754 8273 2279 5228 250 1657 425 3565 8245 5124 9618 6291 3446 9326 9424 4693 1195 3728 4208 3787 3689 3994 4584 5054 6650 9969 2248 6120
29 6845 3628 5324 5632 1639 4116 4672 7651 2629 6719 1188 7258 1771 4761 713 6545 7834 8156 2997 1970 3655 735 6916 8660 4590 1211 6625 1860 6404
32 5500 9246 4397 910 8503 5387 3268 1644 3332 2018 1004 3429 1081 6015 5304 683 3502 6772 8713 2341 8921 4429 4245 5824 2694 4411 1333 4346 7593 4690 1031 3938
30 9670 3387 6720 5966 7638 1390 7086 9753 1253 3637 8857 5395 3124 189 7035 2300 1169 1848 7181 5498 9867 1379 8738 3478 1254 6308 9388 4418 724 3567
30 9581 7855 7695 9787 667 6284 4715 678 456 5315 5969 2175 9093 4504 8976 7388 8142 6502 8534 324 3142 7372 5933 9631 814 5536 6266 1345 8909 2852
27 1691 4807 2526 1239 3479 6205 2322 3215 9634 7213 1044 7005 4167 3639 461 2726 4206 4528 6774 186 5158 1281 1071 8514 3386 3311 6455
29 862 314 6655 8950 2815 6421 9874 1917 5875 2132 8573 3147 2967 8338 4756 5806 1950 7350 6383 3093 7085 9637 6339 4615 8743 8180 383 3679 6766
27 9738 4960 8394 8080 3519 9384 7625 6826 4231 7927 2373 798 7404 8661 8650 6106 4752 5799 5047 7600 5515 251 3758 8216 5065 2779 3893
31 3210 3775 8227 3149 4219 5724 7957 1238 8718 9084 4264 718 5329 8144 71 1517 7909 101 299 5415 438 6934 1628 2392 6887 2938 9476 8771 9873 277 2451
23 6488 6729 8356 6410 4858 9456 9324 7450 1435 6651 9736 9570 2245 8571 8331 4606 9086 9819 9082 3024 9163 849 2804
28 4189 2830 2202 2263 9130 5066 7176 9939 111 3144 6531 7863 6693 7989 5426 5268 8614 8333 5340 6863 2831 7659 5337 3614 9991 8307 525 4718
25 2098 6347 563 1197 4983 8368 2289 8182 5964 428 7588 5716 7556 9659 7292 7684 5164 9176 2905 181 6495 6737 7641 1839 6003
30 1579 4661 8657 3855 7232 5637 5772 7405 7419 2040 4002 5411 8436 8475 611 7155 6946 7079 6967 9429 5602 9062 3542 7970 3583 3138 9838 4916 3314 5730
30 2636 3929 4766 8204 8726 6686 2674 437 9363 3797 7928 5803 6386 1706 2015 5242 4648 1743 7624 4233 8173 5992 2545 3559 2721 7152 1027 496 906 6992
27 8579 3247 5031 3735 1776 6049 7028 5425 620 4064 4290 9739 6272 305 3641 9427 9487 6527 6736 6108 2553 6534 8959 3868 537 2832 5564
30 3860 5886 2252 5520 4739 5706 7412 7296 8000 4370 8325 8413 5830 406 8675 982 379 3013 588 3263 8098 6458 3497 5380 5864 7617 1801 7422 9212 5115
26 9888 994 7380 8418 971 8423 5071 5222 9654 568 6146 7273 1584 7783 827 7657 1658 898 1716 2264 749 951 2215 2497 3218 4072
26 7833 1038 4214 4217 2801 6779 4089 1098 5397 2547 7560 1870 8015 2949 226 4389 5754 5449 9945 2065 4042 9438 9330 9478 3524 7024
22 1408 598 2578 6504 9909 2644 6393 5090 7267 4546 5727 9297 9749 2641 242 8323 4936 6181 9927 9918 3232 5483
28 1785 3581 4433 1192 4144 3757 589 1904 8528 8289 8191 5219 1936 5943 9400 3927 5493 424 9656 2934 8326 4746 2514 9113 3062 9941 2350 6084
31 90 9236 7219 8049 2085 5229 9504 9055 435 927 8993 2286 8813 1972 2893 5270 5546 3790 1510 7819 7920 8474 6548 1443 1277 3057 3901 3876 1720 2820 6069
29 3123 1030 8740 5529 3331 9721 1865 9338 5879 4921 6310 3879 376 7053 7558 8226 2118 4405 2676 2240 8344 2454 4877 990 3008 8096 613 1925 6172
29 654 4107 1956 7458 9984 1080 5949 1740 1802 6740 4019 954 2973 628 48 8732 9525 6760 5246 3140 5649 3948 7647 2911 7772 4014 976 2308 6970
31 5604 9742 1512 8523 653 1794 6361 2541 7202 9545 8769 7860 6406 9959 9598 1117 1231 8827 3395 1200 5663 8359 2824 5538 4984 2712 8891 696 2565 922 5051
29 3075 7173 4436 7867 304 7158 3625 8517 3545 1309 1557 8861 8989 7696 4633 5214 1887 2488 8198 7366 7057 7490 1287 8416 2371 1954 93 2647 6836
27 7136 4632 1186 2323 4408 4722 1944 8235 8783 5781 2780 4132 2724 664 6398 5485 9046 7225 9715 284 7602 2537 3816 2561 228 1748 5001
30 811 9632 7295 4314 3703 5079 1299 2183 2799 5963 4873 3834 8185 3646 381 9567 8259 535 1475 2162 7480 3841 2626 7746 4840 7789 5489 6173 658 6355
28 9392 6042 9194 2418 850 4476 6727 4724 4334 4101 9750 3723 4839 5076 5248 6853 9946 6095 9206 7452 7754 9291 2533 8880 3328 4256 7820 2227
30 4662 2793 3640 9640 7667 8201 6538 1895 4446 392 6707 3955 3819 3700 6483 4488 131 9387 9070 8459 8767 5421 9399 6076 5549 7856 6722 6142 6614 4742
25 4172 6956 8143 8841 4784 8933 4134 4004 1676 7190 5096 2520 1873 3102 1537 9085 469 1481 3135 7125 9912 7861 2968 7917 5103
34 4077 7511 2069 5298 4629 6844 8634 4190 2001 8493 4489 5000 2699 8639 5093 7431 3344 2432 2133 7003 8138 4333 7391 8079 4912 8433 7868 9253 486 4913 5216 6279 1037 3483
26 3877 553 2855 4311 8714 2166 813 4795 3326 7660 261 8189 4669 2034 1403 8868 8340 4709 9318 1181 3607 1727 2528 467 3250 5522
31 3117 1788 8472 1768 1205 3763 3391 6452 8831 975 8206 6460 4547 2984 337 4434 9683 6494 2270 9009 2035 3593 7892 1500 2257 731 8784 6647 214 1172 5758
31 8027 8327 3557 504 606 5850 9350 4083 4095 3721 5874 1498 1145 2220 7196 8497 6739 1246 2898 8662 3933 6733 2336 1997 6832 7386 7470 7315 679 2531 5223
25 666 8447 9891 1863 9489 9406 1620 2722 8150 4204 6238 5198 7310 1616 6964 97 8748 195 5275 8916 4422 9404 168 1466 5112
27 9822 5535 9304 6910 1380 8532 8876 9254 5035 5440 5404 8536 9845 6696 3869 303 9701 6875 151 2159 9503 6659 105 5280 8879 4678 4211
31 6599 8946 5326 2803 9441 7151 82 9980 6322 5126 132 1322 6978 1519 1233 3603 8437 4402 9823 7206 1 9611 6043 3624 9468 8510 4608 852 8360 8799 3248
24 4574 4067 2305 5534 8798 8022 6162 5343 7670 9771 4533 1459 9672 7924 999 1625 8030 8302 2862 9030 4237 9782 4644 5174
33 7822 4805 4057 3383 4442 9033 6767 2301 5759 4454 7629 4997 8067 8552 9490 1091 5220 7763 5013 8023 7133 9846 6937 7451 5932 3084 7477 6654 9774 9152 9192 1572 4162
28 9371 596 182 3005 3396 9329 6112 3299 5603 8335 2977 4601 1249 5577 3047 302 3088 1733 2081 6923 8508 4012 7923 4291 4643 9995 6479 5831
28 8315 8383 2554 9042 6748 9625 7087 3528 8292 9798 8330 2033 1103 4317 6594 5539 7168 9897 9105 6401 5184 1594 8081 2088 7885 3107 2061 4725
27 3922 330 40 1558 7406 6036 106 2802 5412 4582 9233 2413 1461 7425 3414 7325 7420 1072 7445 1375 399 1629 2441 6189 1773 1070 3798
26 4473 5336 8052 6973 1996 7751 2403 1849 6354 249 1458 4207 8196 8304 9512 410 6370 351 2360 5936 6704 8658 8487 1665 7652 2710
22 2378 5383 422 791 6652 6331 5059 3892 2808 9 2216 1973 2602 2172 8557 4463 2926 5882 7726 8443 1154 6226
29 7006 854 2472 2664 35 703 7748 2937 1317 7503 7525 8604 9414 918 1636 3740 8425 536 6054 3475 9275 4121 1005 9032 9894 1255 2075 1185 1782
29 6578 3501 5537 2940 2304 3177 5251 2053 8737 1149 87 2919 9562 310 6601 8908 1840 1640 8171 4372 4920 2784 9886 6356 4954 2249 5044 915 2892
28 7138 1769 3452 3361 6959 6363 7528 1123 2101 2771 6550 2303 1089 2055 2050 9007 7321 4813 8529 6957 1432 8772 2427 1396 4352 2670 2494 3388
27 3423 7581 1608 5658 2218 9762 9954 8511 8213 7824 3174 157 4146 4740 4054 9405 2246 4269 9245 3224 6317 2095 2718 6271 2386 7649 5791
29 4980 68 429 9095 4703 9395 9725 3130 6715 2928 4100 4835 5367 1552 2312 4010 7848 7373 4711 7814 4744 1718 4255 6415 8244 9463 3540 419 4060
27 3831 1846 3772 6093 7929 8733 6681 792 8239 7915 6919 1248 21 38 3290 2790 5581 6119 5040 8444 7444 757 4222 3668 2634 3531 2763
34 6950 6597 9257 9755 5310 2358 4553 6007 6764 4641 6233 1683 7554 1490 877 7919 4851 8860 2411 1286 3976 5891 6984 6165 9479 4624 113 8146 1369 824 2582 655 2753 5552
26 993 1424 8297 3462 5436 9864 7163 5369 3254 7062 868 7432 2811 4902 6443 6469 1561 6066 2566 2261 3014 9023 4548 1551 6014 4460
28 9714 2163 476 665 9974 5201 5862 1692 4564 2548 7118 539 4368 9852 9021 8563 6949 6894 9843 7055 7461 6911 3098 4384 9403 6246 2655 5600
29 9488 4671 8366 3316 3953 238 908 5619 9238 9943 2950 5159 4684 8591 9118 1452 2225 2889 4509 2988 9142 8069 5544 6899 7788 6496 7165 183 1394
26 8407 7115 1816 6474 2914 3283 73 7299 7046 8794 3191 7076 2397 3136 2869 2714 2663 6045 6019 1155 1930 1812 574 2493 7341 2627
27 3503 4238 2228 5968 9115 3851 9229 7869 5384 6918 7334 258 6115 3010 8942 7999 8186 1296 8881 3688 149 2393 4695 3958 3956 3504 2367
29 1386 4501 7496 3762 4697 7728 1095 9477 9172 3100 1310 2656 4713 2171 3684 7378 8960 3960 8271 6131 8102 6858 6593 4366 1404 7997 1778 1092 6941
25 1660 6931 5516 5460 8500 5446 9851 9883 9964 1436 5080 965 6768 8396 244 2490 1343 423 4287 2776 2850 3554 726 2819 6253
29 4759 1271 8903 9685 4716 6868 1302 8036 902 3835 39 865 1905 2527 3890 3327 7262 5431 3964 6605 8354 4342 6702 4741 8061 501 5418 267 2639
27 5455 1204 928 9385 3811 5448 7203 9183 6535 1693 8628 3817 3923 1029 3175 6075 5399 9516 1902 298 1877 9642 8640 6121 1695 3536 5836
26 6096 2765 8464 5940 5416 7408 3882 6708 7727 3606 3127 2004 5330 6741 2292 6724 6958 9711 9331 464 7119 6008 8619 1868 1612 6241
29 3827 9117 69 9806 6283 4304 4730 5157 8274 4588 2590 1214 7949 2082 5104 3672 2727 263 1006 3052 3658 9652 889 8247 6901 5372 3808 899 2878
28 1999 1817 9826 810 968 4355 7393 6218 7876 4130 8611 5200 4749 475 7499 803 7189 5078 8021 6122 942 2115 2275 3451 1150 3529 6491 5989
22 6770 8710 9930 1175 1758 5010 4348 8025 7007 604 6223 2886 5733 3666 1945 8965 1518 4995 5432 4339 4300 4232
28 1130 6214 2933 7742 9816 1674 6295 8483 1545 4243 7830 7308 3251 3894 9390 6380 4570 5572 4778 1334 3053 7666 8409 3653 9645 9343 2185 6136
30 445 1425 8971 8906 2992 513 2247 7931 3398 1668 584 3134 7025 3003 8882 6166 1654 8016 6193 2073 8806 3526 312 7713 1227 3779 937 283 5453 4390
24 7851 2086 5941 2971 3680 2021 2489 6872 4062 4988 6388 9002 2757 2702 7333 4649 5902 5316 5599 6324 172 7839 8465 2529
26 5583 7279 8701 1898 1821 6160 59 7068 8931 2923 6192 6670 981 9140 5252 538 2208 959 8962 6907 8845 7817 9100 1298 3116 6883
22 5241 1756 4834 555 1797 5119 4914 9280 5379 920 6991 7803 7881 9195 7627 6517 7595 3930 6755 2957 7492 4330
31 8097 436 7331 4976 6985 5912 4387 2574 3780 3156 9862 933 9906 4583 1774 7831 6653 1611 5123 8208 7685 5172 9859 8836 37 5870 6068 3769 7049 1234 3944
31 9850 8678 3618 8699 8063 15 0 1477 1039 9375 7531 8455 6298 7298 3963 7385 7750 887 5099 7786 765 1297 2383 2927 1543 4619 1540 5042 8670 3166 6470
31 9543 8207 1751 4529 1267 7381 6990 4734 5084 4652 9173 9502 7620 6337 9902 407 7889 6487 7832 763 3809 723 3133 9536 5571 2269 4058 5273 1132 2536 5630
26 405 2459 6374 2147 3090 36 2955 3743 2946 1489 6951 6176 4160 7044 3662 1216 748 7198 3154 828 1580 8218 7261 8583 7559 2295
32 6638 4166 487 2965 8884 208 308 4205 6328 4055 6472 7706 4074 3028 3477 4277 1122 6170 5056 1224 9693 4285 1814 3577 9181 8058 3988 4872 6947 8696 2266 6444
27 1143 5595 7384 5400 3667 1735 8042 1402 4823 9309 6010 7656 4080 4843 7476 9237 5271 3307 3823 6281 932 5408 1762 1022 5361 6787 3830
24 8544 2517 2135 8549 3297 1730 7745 6705 5292 6665 9185 2549 8900 5061 4225 1129 8706 5560 4820 2357 7764 7568 561 4977
30 5613 5476 7481 8530 1243 7369 2142 3850 8862 4168 6814 4906 6063 7973 4417 3458 4482 444 326 7255 1018 4468 1374 6577 8559 1385 7934 8351 1715 6147
27 9168 5837 446 4926 167 4350 5878 2689 7610 1742 5847 7884 1401 3063 7075 2972 7353 7285 2827 5995 1318 8606 3796 8978 265 2254 4228
27 820 2993 3575 4535 5207 5308 4137 4577 8988 4856 6820 9250 4776 2324 2821 6807 6965 4686 4029 2875 6917 6103 4196 9358 8887 1951 6732
29 3611 9131 1178 1604 7910 1121 6523 833 1158 7059 9303 8279 8288 1013 241 8495 2131 6528 742 1569 661 3438 197 8708 1820 1533 4789 2083 4522
28 5371 9594 8026 1278 4391 6292 3335 5274 4272 6263 7939 7459 3622 1621 2617 9547 2564 801 9532 767 2421 7287 439 6762 7174 5204 6051 4559
29 3153 625 3496 6664 9592 1217 5167 3489 3777 9442 8369 2935 527 6612 6457 1353 2593 6009 1789 7428 1101 7434 3861 6799 5795 7246 6561 7688 2894
31 577 3681 7636 5751 291 6113 5 930 2194 7142 1555 1096 972 300 2998 6187 4918 5752 9312 2492 6058 6789 6608 2443 7972 2691 1010 4890 3334 75 3695
28 8725 9858 2864 7689 5855 1448 8766 9242 901 2595 8222 2390 4011 8124 9471 7943 6685 6023 2605 3990 4403 8576 1981 1937 9003 8539 7063 1897
28 1359 3972 2506 4655 785 7719 6359 9994 8238 546 2474 9411 4421 6432 4033 1088 6039 3473 6900 3394 346 2987 730 6667 321 3422 5987 3001
28 8543 8781 5675 817 3347 2138 1222 4315 7661 6188 9812 5488 3241 8901 5982 4750 8414 8119 5676 5004 8163 8531 7354 6012 5621 7697 6441 4941
27 4634 9498 2836 9899 7185 134 5496 7462 4732 529 5162 6114 3061 1783 8139 7879 5927 8473 3115 9849 752 5342 5391 5698 2456 1508 3189
29 5703 3027 4803 3322 2570 6445 2752 7891 3341 1370 2835 9029 2262 1176 4312 8168 3409 5003 599 8457 8704 9541 1455 2751 4450 5907 5002 697 3872
26 3482 34 4458 460 443 7016 7347 4950 1882 9035 2948 5869 4986 2534 1963 5651 9083 8136 6661 787 2866 9244 7938 5988 1131 2705
26 3181 1330 3260 3122 4566 9675 9658 8008 6813 9833 2743 2683 8982 8133 2899 5986 3466 8692 7454 2089 5785 8810 5586 3580 900 2307
30 5467 3128 9790 6520 4495 8012 1127 8441 3865 6037 560 9057 5828 858 5761 585 9344 9430 9630 6110 490 7573 5871 6751 2376 4682 5960 8819 3048 1554
27 2351 9732 540 5542 7988 194 3229 1825 8899 239 9464 245 6321 4538 1624 6247 5620 4537 5217 1112 7052 127 3826 4111 94 2117 4061
29 7487 2693 1100 3405 2236 3722 6643 8741 926 4527 4153 3490 8390 3609 5786 4113 9999 7217 1803 7749 5735 9623 3493 6828 2571 8792 6240 2994 4078
29 9791 9361 6463 6620 3050 3430 5530 9815 3035 6471 9334 7018 3897 1536 7737 1366 4846 9234 9550 2374 2079 4993 2311 205 1607 8412 9255 2177 5169
25 5046 2156 7191 9263 5867 943 9704 609 153 6448 8129 5924 2110 5131 9641 3357 1775 8229 8084 1538 4811 8548 9802 769 4059
30 1179 1965 5325 1035 61 5585 4627 8494 3420 2983 8878 3310 9068 8254 5487 9077 7813 7732 7710 8600 8676 4449 2612 3081 7192 6184 2400 3059 592 6369
24 816 6935 1053 6718 8791 3803 5168 4292 2325 9116 3034 3674 8999 6725 8537 8809 1528 7902 3842 7991 5507 2668 9958 3950
28 6765 6756 779 3292 8754 9315 4642 9781 7328 5770 8538 4294 7112 7172 2740 3184 4604 9663 9377 4362 7360 8197 6532 6442 2829 447 1511 2429
31 3883 9248 1704 108 3306 5333 158 9831 1368 4044 619 3608 6510 4343 3463 4955 4106 478 3773 5362 2880 3002 9348 4039 3729 9698 5161 4257 1313 8805 2097
26 6891 5195 2239 5082 6409 8728 5023 4818 8231 3705 2730 8787 8223 211 7582 7211 5576 9972 8902 4593 516 1464 4354 4871 621 4195
30 4065 3240 2713 5903 9884 1659 9356 3486 5760 6989 4127 1934 2551 5299 6977 8461 3432 992 6870 797 6047 1646 7019 2844 4981 1105 6332 98 2114 5283
30 9589 8125 4751 3350 3318 4975 4472 7240 7755 5700 1526 9979 4344 5306 5606 1535 9483 6400 1850 2861 8408 6022 7711 2959 8986 5779 8009 2608 4539 6524
23 9058 9328 736 9772 7691 739 3784 7784 9056 4047 6948 4723 3400 7585 3031 8795 8485 455 7518 5774 5851 3 4324
27 8432 4951 4068 4480 2401 7777 8256 1083 5508 2011 9993 2314 700 3470 985 1058 2580 6031 8209 5300 7306 7100 5430 9866 1993 1861 6091
23 8039 7297 9286 9462 8970 4394 9880 1074 9857 2124 3730 1719 7514 5614 148 1514 2729 7542 2385 9580 9556 1602 5069
27 2583 8481 3698 2860 8266 6634 2762 5439 8211 4124 9127 9218 2675 1094 1571 2653 2229 7635 6662 2619 372 9962 41 2444 7399 7577 4093
24 9157 2813 9459 2640 9241 5742 356 3507 403 1223 8550 9276 6387 905 6140 4203 3726 5518 6560 8802 5285 6810 2436 5589
29 9282 8545 256 6258 1631 7526 3203 8680 7950 2943 322 924 1146 7882 4335 4129 4470 762 744 3880 8230 9102 8998 5101 5231 7837 9827 945 3736
30 7313 8977 6117 9636 397 8865 4015 5376 4174 9760 5983 9728 4212 986 9091 3389 3978 5484 4056 4670 5203 7113 3739 897 4907 4412 9161 7655 2103 4563
26 8183 7793 7529 6961 2395 9989 8620 6274 1759 3313 9593 9372 8371 2759 5477 6786 64 3371 7403 9610 9953 6783 9586 2556 9914 2463
29 1492 7235 479 8949 2145 5726 9494 1245 107 7835 8147 3416 3449 863 9256 1054 1645 2684 5708 3690 9834 8719 9572 4381 2828 2532 7471 427 3016
29 3660 7828 3417 4248 53 5368 4298 9362 4032 5279 5818 2076 709 6735 5909 1866 4240 3046 4911 5697 5888 2503 5402 8241 9723 5845 2956 5885 5322
23 3169 3471 2003 5783 7872 9415 3887 8477 6145 781 3065 6716 7200 56 884 1084 2222 4036 1978 3663 6235 7134 2495
28 2297 5345 1590 1398 408 5170 5296 3724 7942 84 3926 3199 8915 4258 775 4610 6712 9521 4939 9574 7594 8853 4490 7930 4827 9555 5666 4598
26 5130 7096 1560 7383 1923 3272 6817 4413 230 4178 4021 6018 6945 2615 9931 8028 9998 9965 1529 7101 8823 2716 2031 6135 1378 3257
31 327 3171 528 4650 2769 5263 919 9955 9495 3500 8215 3058 1960 5974 7692 7033 9098 8758 6124 8291 5139 3915 6700 6144 1953 3713 3940 24 8240 5823 4395
27 9180 8595 2698 7395 1275 5566 8053 9096 4903 5587 5406 400 5238 5259 4161 3152 1886 2910 100 4142 9950 5686 9759 6513 6587 6632 3488
30 6423 8440 271 7969 4175 4309 6057 5100 1082 8047 2643 9628 4919 8095 2658 6302 5884 3737 5444 8580 1008 9373 5710 9364 826 88 796 1739 202 1968
28 7760 7704 1556 3694 9139 7668 2774 8349 4457 1360 1585 6993 9381 5540 8759 8370 583 1684 1116 5363 9004 9766 5173 5685 2123 8265 722 4236
26 3235 8624 3323 5868 3731 2748 1411 204 161 292 8482 8842 3441 3343 7081 759 3965 1979 3469 50 5709 7505 1705 2349 7260 2268
27 4852 3765 3099 8282 2343 2775 7375 7680 2538 1460 1920 8384 1721 9763 9232 7129 6589 2628 7254 8888 8045 4020 378 9094 7747 227 2424
27 6130 8246 9942 6890 4327 8937 236 800 530 9153 8602 4990 600 1314 1667 3657 5573 1357 7193 9305 7717 7604 4680 1484 1596 2906 6808
30 1191 8399 2557 5553 961 2168 91 7356 9491 1792 1226 9871 4147 5848 6544 4340 1050 756 4498 1884 7535 8411 25 8533 7738 2501 9987 6955 3436 3077
24 746 846 1772 4455 629 6464 1487 5639 8541 8013 8691 7962 1137 4727 2379 9726 4253 6801 6782 6573 4268 8753 1111 4521
23 4757 6000 5086 8417 2846 9973 9247 4179 9279 9008 7265 6396 6649 9709 2665 1078 4484 4961 6867 4592 3913 9577 5593
26 8948 328 5237 1835 6922 740 9745 6854 4247 6256 9664 4090 3942 5622 5958 483 1992 8467 217 3687 2329 6881 6094 6663 3767 5679
25 6227 275 5528 5349 1241 6500 9795 3304 9067 6999 4892 7809 6220 6350 9893 1450 1582 1513 6583 8788 9001 9080 6157 2480 2782
28 1587 5041 5865 9454 1203 7866 5434 5355 5189 1002 3284 8038 2204 3211 4845 3301 5531 5236 2662 4987 2932 9193 9074 3120 3633 5007 9604 6065
31 4760 2000 1505 1025 5901 6099 5457 2477 2318 4293 3434 8115 7509 270 6698 6306 912 9706 5335 2816 8014 3066 6769 2618 6818 7677 3522 126 531 4477 6161
32 586 3756 8730 9075 2512 7724 4186 7715 43 8506 3086 7091 353 2255 9434 5067 1439 1057 5389 6307 5111 3924 5814 6489 3424 6713 7121 4895 2969 2783 1746 4329
24 5557 5696 81 7878 9240 1166 3407 1988 8145 799 1885 7184 3650 8054 5087 4007 7092 5728 7478 9398 4832 8194 1666 5656
27 1752 3911 26 4896 8936 5945 6794 2154 6436 5045 1349 7275 4930 6591 917 802 3068 4894 4159 5221 7440 485 2094 1015 1473 711 2144
34 9445 4796 6888 3312 9933 2614 5705 6866 7278 2961 1219 6860 8055 9466 2404 6414 367 9292 6353 8491 7479 7504 8181 2764 1232 8174 7508 6972 3404 5930 212 394 1451 6547
27 6687 8592 7982 6234 9428 768 62 3079 4017 5429 92 729 7130 8031 2206 2695 6850 6050 4868 315 1811 218 9805 2703 4962 9154 3041
28 5524 3579 276 5612 3036 883 4025 1118 3742 3286 4215 9214 4051 3602 9174 2402 3789 3358 9605 8160 1479 859 8195 4674 5681 605 2231 6584
26 1472 1539 1014 9754 1264 2337 4745 1028 8894 4657 1405 6728 231 8422 3499 6940 9528 3252 6285 5743 2160 5527 2291 9354 1274 5977
25 6245 2715 2396 7870 6979 3715 5382 9332 6763 8066 6375 7088 4328 8643 9578 2356 6501 3838 7342 2105 9765 788 6390 7417 6326
29 3249 1734 2604 1983 1049 6348 1547 6395 1326 2243 6954 6182 5265 2540 2326 2130 8773 1623 6195 1356 6852 1237 2505 9615 503 32 1400 3719 6926
22 7397 5942 9559 1907 4867 5166 5911 290 5951 2412 3853 2708 5464 2026 104 8923 7520 5950 1638 6088 719 3162
28 9688 1067 2212 7974 4486 7896 5887 4388 4782 6976 5854 382 6692 7212 2425 9671 1291 1901 1284 6467 5657 4959 9112 9164 5021 124 3533 5580
32 7047 7014 2858 1499 9967 1138 1032 4241 1182 5579 8446 5048 6873 3129 7829 507 8300 8496 6558 1476 6834 4849 4409 9301 3426 5946 7281 6013 1655 5257 5674 2918
24 766 2482 2352 164 9936 4589 1971 8917 3298 8507 9043 7167 9040 3891 2112 935 8202 7252 2109 3727 5849 2814 6596 2507
22 1247 6815 3205 974 2030 2610 4612 1406 4371 318 6758 9596 1780 4842 8735 9486 8955 7164 3279 8768 3006 1295
26 6980 5889 6416 4622 2768 8992 771 2687 2728 1749 4316 1102 7363 9666 2692 4321 7762 401 3750 732 9069 7741 5635 9982 2701 5036
31 8033 7653 3384 2442 4239 4694 9439 7316 1193 1694 997 1280 5839 4414 9047 9717 812 6476 761 9614 4854 7530 2865 9198 857 892 3421 6680 5690 1757 4927
27 526 9213 6640 4099 1124 375 8281 1340 8553 3654 4383 5282 7300 8601 7199 7778 9776 2690 6314 5267 5762 4155 692 3601 8945 6835 2328
29 4935 626 1531 3302 3866 2051 4250 2058 2673 2409 8322 594 9703 334 8509 5015 5971 7437 8973 9265 8456 4505 2046 9713 2054 3970 3159 2338 3974
34 2600 7427 9727 544 8885 9175 7579 3380 5883 3019 4938 1307 3315 5480 5611 1507 895 2187 1161 2806 2420 2473 165 5684 5358 5765 7799 4008 6503 145 4419 286 1913 3619
30 2452 1942 1437 1924 6275 9258 1412 141 789 3277 2842 2944 522 998 2047 7628 3852 875 9005 6349 921 7905 6335 7453 4271 9422 2481 3375 1921 4949
24 2335 2755 1293 795 8958 8518 7765 8296 5417 7712 2970 8175 5688 5212 2871 890 7562 6325 1316 396 8011 9724 6216 4171
30 5062 4303 2890 3643 7552 9073 9719 4887 760 1064 2179 7401 4440 8337 3584 2428 6175 2888 8336 524 9638 3294 543 3946 5491 3985 3444 387 2038 5756
22 8590 7650 184 4831 6795 9983 2316 3759 1598 7438 285 5463 6549 8301 3223 1447 8648 3354 7804 2985 4978 2457
26 457 4481 3987 2430 8178 5424 3234 363 3055 4136 7877 4180 3026 8780 9011 2111 4738 8674 9493 4968 9167 978 4274 3366 9510 2203
24 6819 5896 5506 7097 7536 8035 5122 2982 7124 8764 645 608 3017 4073 1110 1328 4790 4664 6305 6633 6264 7364 3801 6217
26 9211 4066 1285 5244 7485 7842 1194 3185 7304 7209 4992 213 5652 1173 1858 4706 9016 1696 4000 9063 2991 3909 6371 6806 1052 5224
29 8184 2954 6509 9120 8966 3881 9380 1532 8655 7131 7941 1962 6044 5594 8837 9426 9162 5853 342 7565 988 3045 7289 8100 453 3030 7555 562 4266